   0.99999E+09     1.1058 0.03848    2.6899  105.3784  291.9186  194.5201     1.1483     7 101
   0.99999E+09     1.1664 0.01573    3.6829   94.7497  138.3127   71.5097     1.1847    22 101
   0.99999E+09     1.1411 0.02216    3.0484  105.7640  136.8738  157.0325     1.1664    23 101
   0.99999E+09     1.1506 0.00763    3.7988  101.4399   24.0654  222.6881     1.1594    25 101
   0.99999E+09     1.1187 0.01171    3.5382  118.1311  107.8869  273.3553     1.1318    28 101
   0.99999E+09     1.1257 0.01303    1.8779   46.6781   98.4091  343.6536     1.1404     5 102
   0.99999E+09     1.0568 0.01497    1.4679   58.0774  348.6289  134.5564     1.0726     6 102
   0.99999E+09     1.1532 0.02816    1.4986   50.0168  180.6803  241.6331     1.1857     8 102
   0.99999E+09     1.1141 0.01179    2.6557   42.4419  319.8115  188.5197     1.1273    10 102
   0.99999E+09     1.1103 0.03800    1.2657   67.9230   51.0738   98.4522     1.1525    11 102
   0.99999E+09     1.0897 0.00810    1.3521   49.5983  150.0503  247.6291     1.0985    13 102
   0.99999E+09     1.1563 0.03530    1.3685   76.5294  101.8813  176.5601     1.1971    18 102
   0.99999E+09     1.0775 0.01703    1.8720   41.7289   60.6492  250.0404     1.0959    19 102
   0.99999E+09     1.1452 0.02049    2.1633   79.3787  207.6367  177.7636     1.1687    20 102
   0.99999E+09     1.1169 0.03125    1.7934   38.6816   63.5648  185.6250     1.1518    22 102
   0.99999E+09     1.0812 0.02556    2.0763   32.5218  353.8481   26.6772     1.1088    30 102
   0.99999E+09     1.0882 0.02481    3.2215   76.7479  108.8987  239.9688     1.1152     2 103
   0.99999E+09     1.1296 0.04037    3.2063   86.0867  125.9357  137.3014     1.1752     4 103
   0.99999E+09     1.1667 0.02492    2.9334  110.4369   99.5908  156.0602     1.1958     7 103
   0.99999E+09     1.1563 0.08634    2.6888  103.1883  111.1012   48.7133     1.2561     8 103
   0.99999E+09     1.1650 0.01437    3.1689   91.6693  148.7622  216.7128     1.1818    10 103
   0.99999E+09     1.1117 0.04602    3.4641   88.1471  146.9214  100.9259     1.1628    17 103
   0.99999E+09     1.1551 0.05892    2.8396   86.3713  132.5154  346.0641     1.2232    26 103
   0.99999E+09     1.1313 0.02722    1.6072  155.0645   53.8483  241.3968     1.1621     7 104
   0.99999E+09     1.0892 0.02053    0.6963  162.0684  336.3571  336.1606     1.1116    17 104
   0.99999E+09     1.1557 0.04996    1.6659  115.6255   89.4763  224.4933     1.2134    24 104
   0.99999E+09     1.0906 0.03818    1.4814  111.6151   57.8446  287.1004     1.1323    30 104
   0.99999E+09     1.0922 0.00754    2.0084  103.4280  210.6621   42.6719     1.1004    10 105
   0.99999E+09     1.1335 0.02292    2.3528  121.1736  244.6465  106.2920     1.1595    17 105
   0.99999E+09     1.0766 0.04308    2.4525   83.2880   20.4487  130.3950     1.1229     4 106
   0.99999E+09     1.2140 0.00338    3.1397  106.8770  289.8680  311.4508     1.2181    12 106
   0.99999E+09     1.0917 0.03183    2.7663   83.3373   29.3741  224.8169     1.1265    14 106
   0.99999E+09     1.1551 0.02146    2.0442   82.6521  341.2538  201.5904     1.1799    17 106
   0.99999E+09     1.1330 0.04213    1.7455   71.7104   40.4038  218.9161     1.1807    22 106
   0.99999E+09     1.0987 0.05266    2.5532   84.3938   35.9190   34.5054     1.1566    30 106
   0.99999E+09     1.1329 0.00735    3.0722  159.6446  180.6936  339.0067     1.1412     1 107
   0.99999E+09     1.1283 0.01300    3.0244  156.4548  201.9336  150.1033     1.1430     3 107
   0.99999E+09     1.1394 0.01658    2.4595  142.4326  296.4658   76.7655     1.1582     9 107
   0.99999E+09     1.2135 0.03228    2.7318  143.2601  257.0087  194.4008     1.2527    14 107
   0.99999E+09     1.1123 0.03024    3.3443  151.7662  263.0453  174.4975     1.1460    19 107
   0.99999E+09     1.1518 0.03897    3.6291  175.8660  194.0377  335.5828     1.1967    24 107
   0.99999E+09     1.1352 0.03278    2.9723  151.0643  192.2206  222.9185     1.1724    30 107
   0.99999E+09     1.1353 0.00759    1.7644  106.5154   50.9026  113.6697     1.1440     2 108
   0.99999E+09     1.0822 0.02886    0.8154   94.6446   92.9368  198.9957     1.1134     3 108
   0.99999E+09     1.1583 0.03105    0.5797   77.4817  205.2200   66.9679     1.1943     6 108
   0.99999E+09     1.1038 0.01352    1.1840  105.2233   86.3652    2.2002     1.1187     7 108
   0.99999E+09     1.1340 0.02068    1.7377   92.0170   95.3210  155.0011     1.1574    23 108
   0.99999E+09     1.0938 0.00410    0.9402   73.4639   22.7541  231.7349     1.0983     9 109
   0.99999E+09     1.1103 0.01327    0.3312  112.4967  108.4504  137.9746     1.1250    14 109
   0.99999E+09     1.1548 0.04554    0.4387   67.6950  180.4652   38.8657     1.2074    16 109
   0.99999E+09     1.1496 0.02922    0.4598  345.0398  326.6587   60.1337     1.1832    17 109
   0.99999E+09     1.1257 0.04089    0.4603  100.5065  230.5890   81.4974     1.1717    20 109
   0.99999E+09     1.1230 0.01624    0.7520   43.4131   51.0147  338.5755     1.1413    27 109
   0.99999E+09     1.0962 0.03109    1.2704   61.8586   97.8720   42.3094     1.1303     1 110
   0.99999E+09     1.1341 0.01942    1.2560   50.9199  265.2475  290.7709     1.1561     3 110
   0.99999E+09     1.1207 0.02087    1.6489   58.6211   16.0274  292.3807     1.1441     7 110
   0.99999E+09     1.1032 0.00266    0.8201   50.1354  243.6792  320.5282     1.1061     9 110
   0.99999E+09     1.0886 0.01737    0.8277   22.4844  155.9420  125.1881     1.1075    13 110
   0.99999E+09     1.0821 0.01865    1.3301   64.3386  137.1199  158.2510     1.1023    14 110
   0.99999E+09     1.1684 0.03320    0.5416   67.5642  120.1683  292.1943     1.2072    22 110
   0.99999E+09     1.1012 0.02966    1.2447   26.0701  135.3649  183.8604     1.1338    23 110
   0.99999E+09     1.1700 0.00457    1.0923   18.3652  327.5417  150.4191     1.1753    27 110
   0.99999E+09     1.1401 0.02690    0.8557   11.9776   58.0589  224.1831     1.1707    29 110
   0.99999E+09     1.1179 0.04912    2.1925  101.8965   74.6280   30.1083     1.1728     1 111
   0.99999E+09     1.0934 0.03523    6.1818  156.7920  109.5434  224.8350     1.1320     4 111
   0.99999E+09     1.1421 0.03724    3.3653   99.5138  126.6602  161.8246     1.1847     6 111
   0.99999E+09     1.2132 0.05011    1.7066   31.1817  234.4760  289.4316     1.2739     8 111
   0.99999E+09     1.1812 0.04158    2.8378  124.7981   88.3149  135.9739     1.2303     9 111
   0.99999E+09     1.0708 0.01478    3.0167  101.6249  166.7330  104.9599     1.0866    12 111
   0.99999E+09     1.1587 0.02148    2.3975  122.4405   78.8084   63.9521     1.1836    17 111
   0.99999E+09     1.0891 0.02532    2.3889  102.7424  137.0846  212.2541     1.1166    19 111
   0.99999E+09     1.0551 0.01773    2.2606  100.5642  179.4209  236.4990     1.0738    22 111
   0.99999E+09     1.1125 0.01536    2.8340   96.1840  158.1199  104.7315     1.1296    23 111
   0.99999E+09     1.1308 0.01395    2.8878   85.0211  102.7571  211.5988     1.1466    26 111
   0.99999E+09     1.1566 0.07802    0.4911  320.8167  286.6187   74.7832     1.2468    27 111
   0.99999E+09     1.1250 0.03127    2.9109  102.2489  158.8655  145.4311     1.1602    28 111
   0.99999E+09     1.2136 0.02261    2.9889  102.0300   25.6988   95.3729     1.2410     4 112
   0.99999E+09     1.1257 0.01400    2.1740  159.3117  137.1251   43.4302     1.1414     8 112
   0.99999E+09     1.1100 0.01776    2.6091  129.0135   82.7003  306.1029     1.1297    12 112
   0.99999E+09     1.0733 0.01392    1.8775  139.8934  128.4237  184.3336     1.0882    13 112
   0.99999E+09     1.1253 0.00937    1.8552  137.6518  191.0771  183.7126     1.1359    14 112
   0.99999E+09     1.1595 0.02718    2.4248  146.7364  103.5336  266.4036     1.1911    21 112
   0.99999E+09     1.1703 0.05279    3.0306  129.4022  116.0979   70.4688     1.2321    27 112
   0.99999E+09     1.2090 0.00993    1.4356   65.7799  341.9096  129.9717     1.2211    29 112
   0.99999E+09     1.1406 0.01967    1.6668  160.0224  112.1718  227.6296     1.1630    30 112
   0.99999E+09     1.1115 0.05331    2.9807  153.8111  349.1156  151.7797     1.1707     5 113
   0.99999E+09     1.1702 0.06416    3.4206  115.5793   40.5954  280.0772     1.2453     9 113
   0.99999E+09     1.1451 0.01455    3.9744  126.5509   37.8648   42.8880     1.1618    12 113
   0.99999E+09     1.1245 0.03726    2.7483  122.3202   33.6247  252.0112     1.1664    13 113
   0.99999E+09     1.1235 0.03630    3.5874  137.2415    9.9669   55.5156     1.1642    23 113
   0.99999E+09     1.1554 0.03282    2.8946  139.1297   26.1714  303.4174     1.1933    25 113
   0.99999E+09     1.0884 0.05750    3.7948  127.2124   31.0103  213.9355     1.1510    28 113
   0.99999E+09     1.1135 0.05259    1.8301  151.2089   71.6547  138.4000     1.1720     1 114
   0.99999E+09     1.1302 0.00253    1.5079  129.3495  171.6402  127.9325     1.1331     2 114
   0.99999E+09     1.1239 0.03754    1.9023  151.4085   29.3664  252.8917     1.1660     3 114
   0.99999E+09     1.1705 0.01176    3.9205  158.5738  132.0520  128.8804     1.1843     4 114
   0.99999E+09     1.0904 0.05108    1.3986  182.8968    4.1763  181.7617     1.1461     6 114
   0.99999E+09     1.1274 0.02582    1.2631  135.3212   37.9798  345.3471     1.1565    11 114
   0.99999E+09     1.1391 0.05894    1.8974  153.6824   90.6841  291.1237     1.2063    15 114
   0.99999E+09     1.1363 0.02724    1.2986  135.5624   79.5570  199.8245     1.1672    18 114
   0.99999E+09     1.0962 0.03502    2.8196  132.8139   83.7605   97.6267     1.1346    24 114
   0.99999E+09     1.1249 0.01347    1.6639  130.4542  109.8995  189.5755     1.1400    28 114
   0.99999E+09     1.0991 0.03057    0.8450  139.5476   47.3479  323.5163     1.1327     1 115
   0.99999E+09     1.0729 0.04840    1.3707   93.8146   66.7730    9.9235     1.1249     2 115
   0.99999E+09     1.1064 0.01690    1.8531  107.6462   36.2126  304.2289     1.1251     5 115
   0.99999E+09     1.0860 0.03321    1.8339  108.7148   66.7027   40.3095     1.1221    10 115
   0.99999E+09     1.1386 0.02532    1.9432   85.2218   56.8740  125.0843     1.1674    13 115
   0.99999E+09     1.1638 0.06688    0.9775    3.7879  188.7725  112.4469     1.2416    14 115
   0.99999E+09     1.1064 0.02464    1.2645  107.5514   43.9655   75.1458     1.1336    26 115
   0.99999E+09     1.1646 0.03076    2.6077   38.9400  331.6009  136.5502     1.2005     6 116
   0.99999E+09     1.1348 0.01456    1.9094   64.9288  255.3651  218.9409     1.1513     8 116
   0.99999E+09     1.2128 0.00441    1.7896   60.0644  294.1195    9.1877     1.2182    22 116
   0.99999E+09     1.2080 0.04226    6.0862   64.7136   33.7196  111.2933     1.2591    23 116
   0.99999E+09     1.1401 0.01627    1.8593   39.8336  341.5021    8.8760     1.1586    28 116
   0.99999E+09     1.1419 0.05393    0.3670   51.8590  143.5037  120.2109     1.2035     2 117
   0.99999E+09     1.1077 0.05146    1.1114  266.9493  259.5635   81.2283     1.1647     6 117
   0.99999E+09     1.1426 0.02522    0.8654   51.2852  177.0744  168.8545     1.1715     7 117
   0.99999E+09     1.0541 0.03603    0.2244   28.9146   92.1516  340.8755     1.0921    12 117
   0.99999E+09     1.1104 0.04458    0.6092  157.4563   15.6644  156.9064     1.1599    15 117
   0.99999E+09     1.1078 0.00973    0.8000   10.4704   15.0628  349.1354     1.1186    19 117
   0.99999E+09     1.1406 0.02385    0.5231  186.5393  328.6792  121.4322     1.1678    20 117
   0.99999E+09     1.0786 0.01467    0.1737   72.2442   41.9754   98.4762     1.0945    24 117
   0.99999E+09     1.1455 0.01855    0.2652   86.5285  111.0500  307.6562     1.1667    26 117
   0.99999E+09     1.1195 0.02700    0.6522  138.5975  130.4312  237.1343     1.1497    30 117
   0.99999E+09     1.1042 0.03566    0.7516   43.2666  143.5662   12.1871     1.1436     2 118
   0.99999E+09     1.1199 0.05110    0.2205  304.5402  204.9294  141.1902     1.1771    10 118
   0.99999E+09     1.0736 0.02993    0.9773   43.8552  157.1041   32.4650     1.1057    11 118
   0.99999E+09     1.1012 0.02591    0.7051  292.7332  194.0577   14.9012     1.1297    16 118
   0.99999E+09     1.1538 0.05343    1.3118   44.0187  110.5414  174.4501     1.2155    20 118
   0.99999E+09     1.1507 0.03450    0.8298   37.8556  108.7821   40.4606     1.1904    21 118
   0.99999E+09     1.1385 0.02279    0.0979   95.2353   35.4699  116.3932     1.1645    23 118
   0.99999E+09     1.0737 0.02697    0.3573  269.5409  296.8301  100.5322     1.1026    24 118
   0.99999E+09     1.1453 0.01549    2.5032  120.0639   10.8591  100.1506     1.1630     4 119
   0.99999E+09     1.1416 0.04939    3.1315  130.9524   92.1332  278.4876     1.1980     9 119
   0.99999E+09     1.1374 0.01876    2.7361  131.2519  131.8718  169.5283     1.1588    26 119
   0.99999E+09     1.1546 0.03412    2.1523  118.0427  217.9972  306.4742     1.1940    30 119
   0.99999E+09     1.1378 0.06449    0.9512  132.1666   79.2192   63.4452     1.2112     2 120
   0.99999E+09     1.2136 0.02143    2.5794   36.8282  151.4202  310.0895     1.2396    13 120
   0.99999E+09     1.0593 0.02481    2.4911  113.9083   87.7839  101.4080     1.0856    20 120
   0.99999E+09     1.1247 0.03774    1.7471  112.0023  129.4995   38.8537     1.1672    23 120
   0.99999E+09     1.0721 0.05276    1.6714   83.7471  129.4940  192.1891     1.1286    24 120
   0.99999E+09     1.0747 0.05452    2.1856   78.2556  131.2686  356.9905     1.1333    25 120
   0.99999E+09     1.1236 0.03952    1.9194  175.2998   18.2358  298.8998     1.1680     5 121
   0.99999E+09     1.1437 0.02712    2.3853  144.7268   24.1448  220.4069     1.1747    10 121
   0.99999E+09     1.1348 0.02325    2.2505  146.6465  353.1614  292.1757     1.1612    11 121
   0.99999E+09     1.1419 0.01925    3.9774  182.6855  299.8905  199.7469     1.1639    14 121
   0.99999E+09     1.1225 0.05407    2.7505  153.0758   54.0841  221.5198     1.1832    16 121
   0.99999E+09     1.1649 0.07619    3.4399  153.9155   56.5996  194.1301     1.2537    19 121
   0.99999E+09     1.1410 0.04089    1.9039  154.0297   32.6566  120.6687     1.1877    27 121
   0.99999E+09     1.1645 0.06739    3.1772  137.9071   70.7126  201.8675     1.2430    28 121
   0.99999E+09     1.1749 0.02871    2.0369    9.3682   63.3746   72.9266     1.2087     1 122
   0.99999E+09     1.1501 0.06222    2.3322    9.4799  135.0078   15.1887     1.2216     2 122
   0.99999E+09     1.0932 0.00755    2.0130    9.4285  177.9015   94.8923     1.1014     3 122
   0.99999E+09     1.0922 0.06959    1.6384   32.6588   95.3073   94.9875     1.1682     7 122
   0.99999E+09     1.1568 0.04920    0.2760  316.7627  197.7210  153.7985     1.2138     9 122
   0.99999E+09     1.0887 0.04584    1.8102   29.2849   95.3215  185.1399     1.1386    15 122
   0.99999E+09     1.0982 0.04123    1.5283   27.7010   79.5023  178.0244     1.1435    16 122
   0.99999E+09     1.1309 0.04322    2.3090   29.7521   80.8665   66.1928     1.1798    17 122
   0.99999E+09     1.0602 0.03435    1.4927   39.7247   92.5336  153.1573     1.0966    30 122
   0.99999E+09     1.1260 0.04128    1.7470  109.3755  114.4298  256.2657     1.1725     3 123
   0.99999E+09     1.1519 0.04051    2.6187   62.1277   42.9943   86.4314     1.1985     5 123
   0.99999E+09     1.1639 0.03914    1.2112   94.1352   63.8265  179.9717     1.2094     6 123
   0.99999E+09     1.1139 0.03761    2.4528   90.8865   59.6431   25.6095     1.1557    12 123
   0.99999E+09     1.1192 0.04335    1.7308   89.0140   87.5753  340.3055     1.1677    14 123
   0.99999E+09     1.1817 0.03427    7.0440   62.3440  236.1690  217.7886     1.2221    16 123
   0.99999E+09     1.1538 0.05394    2.8110   88.3467  125.3453    5.9108     1.2160    19 123
   0.99999E+09     1.0903 0.02012    1.4811   98.4482   42.8982   49.0373     1.1122    21 123
   0.99999E+09     1.1458 0.04312    3.5383   96.6953   80.3650  124.6338     1.1952    27 123
   0.99999E+09     1.1440 0.02934    1.8313  106.6172   84.3175   83.4199     1.1775    29 123
   0.99999E+09     1.0831 0.01394    1.8858   85.7004  147.9637   26.2756     1.0982    30 123
   0.99999E+09     1.1389 0.04585    0.6758  167.0445  340.6262   30.5752     1.1911     2 124
   0.99999E+09     1.1703 0.02222    1.3984  138.1790  252.0192  105.9728     1.1963     7 124
   0.99999E+09     1.1311 0.01679    0.2773  151.3726    6.5389   18.7328     1.1501     8 124
   0.99999E+09     1.1396 0.04621    0.9175  159.8539  287.5939  147.3369     1.1922    11 124
   0.99999E+09     1.1254 0.02733    0.4098   93.4415   76.5856  314.5382     1.1562    12 124
   0.99999E+09     1.1569 0.02445    1.0094   81.8267  124.1558  334.4730     1.1852    20 124
   0.99999E+09     1.1200 0.03765    1.1714  108.7723    9.6315  275.7870     1.1622    21 124
   0.99999E+09     1.1104 0.00660    0.6544  222.8756  100.6101  347.5965     1.1178    28 124
   0.99999E+09     1.1527 0.02419    1.1041  327.8623  209.3656  283.7579     1.1806    29 124
   0.99999E+09     1.1656 0.01136    2.3617   52.6745   92.5213  193.1430     1.1789     4 126
   0.99999E+09     1.0918 0.03162    2.2832   54.8690  215.5899  175.2970     1.1263     6 126
   0.99999E+09     1.1170 0.03234    2.1368   56.5049  151.9488   59.9592     1.1532    13 126
   0.99999E+09     1.1526 0.04265    2.6301   45.0617  198.7397   16.9602     1.2018    14 126
   0.99999E+09     1.1696 0.02888    2.5749   48.1255  152.6577   71.8905     1.2034    18 126
   0.99999E+09     1.1678 0.03502    3.4552   61.6787  140.6852  222.0803     1.2087    22 126
   0.99999E+09     1.1019 0.04506    2.0392   54.0836  163.4919   67.5139     1.1516    29 126
   0.99999E+09     1.1374 0.03326    2.3813   43.5850   97.5051   68.6699     1.1752    30 126
   0.99999E+09     1.1111 0.03201    2.8059   83.0306  104.1259  211.2903     1.1467     2 127
   0.99999E+09     1.1503 0.01318    2.8203   64.5311  342.6740  116.8782     1.1655     5 127
   0.99999E+09     1.1572 0.00565    2.3660   85.0107  340.3115  163.4793     1.1637     9 127
   0.99999E+09     1.1166 0.03172    2.9208   88.1902   50.7745  184.4613     1.1520    11 127
   0.99999E+09     1.1655 0.04601    2.6734   83.7983   78.9698  204.7363     1.2191    12 127
   0.99999E+09     1.1562 0.04513    3.0304   96.0160  202.7797  115.2821     1.2083    14 127
   0.99999E+09     1.1017 0.01273    2.6596   90.9455  187.8040   72.4584     1.1157    20 127
   0.99999E+09     1.1112 0.01276    2.2738   92.8005  112.6644  317.5442     1.1254    24 127
   0.99999E+09     1.1575 0.05107    4.6235   54.8733  113.3583  327.1447     1.2166    28 127
   0.99999E+09     1.1417 0.01538    3.9599   90.8247  264.7730  332.9737     1.1593     4 128
   0.99999E+09     1.1361 0.01297    3.5623  121.1340  155.8427   42.4194     1.1509     6 128
   0.99999E+09     1.1249 0.02899    4.1431   92.2943  140.1890  354.7466     1.1575    11 128
   0.99999E+09     1.1326 0.01105    3.3842  114.7364  335.3847  333.6855     1.1451    13 128
   0.99999E+09     1.1328 0.03016    4.2181  116.1182  105.2926  348.4577     1.1669    22 128
   0.99999E+09     1.0934 0.02992    3.7878  121.1300   65.2434  332.1773     1.1261    23 128
   0.99999E+09     1.1267 0.04233    3.8333  118.8195   79.9101  216.9732     1.1743    26 128
   0.99999E+09     1.1083 0.04918    4.4069  120.5136  348.8864   51.2485     1.1628    27 128
   0.99999E+09     1.1311 0.02217    3.4930  121.2352   30.3224  188.1896     1.1562    28 128
   0.99999E+09     1.1247 0.01358    4.1748  106.0993  247.4863  205.1984     1.1400    29 128
   0.99999E+09     1.1443 0.02684    1.6908   57.0933  101.6891  262.7999     1.1750     6 129
   0.99999E+09     1.1230 0.02972    0.9018  127.4675   23.9603  147.3577     1.1564     7 129
   0.99999E+09     1.1149 0.01722    1.3524  136.4690   54.1890  239.0108     1.1341    10 129
   0.99999E+09     1.1132 0.01454    0.8227   64.1514  152.4226  322.9001     1.1294    11 129
   0.99999E+09     1.1131 0.01488    1.5976  117.6062  279.3500  168.6024     1.1297    15 129
   0.99999E+09     1.2135 0.00986    1.9406  293.6153  189.9457  124.0068     1.2255    16 129
   0.99999E+09     1.0783 0.02893    1.8203   91.1051   91.2502   92.2202     1.1095    24 129
   0.99999E+09     1.1581 0.02792    1.3828   80.1384  104.9528  244.5328     1.1904    25 129
   0.99999E+09     1.1255 0.05163    1.4934   55.3517  155.4441  227.2248     1.1836    26 129
   0.99999E+09     1.0894 0.02876    1.7327   82.8165  109.0459  290.4223     1.1207    29 129
   0.99999E+09     1.1376 0.06592    1.4856   14.4945  163.0911  111.8595     1.2126     2 130
   0.99999E+09     1.0764 0.05230    1.6127   15.9218  191.0441   90.0938     1.1327     4 130
   0.99999E+09     1.1314 0.03818    2.2256   51.4628  128.0943  304.3156     1.1746    12 130
   0.99999E+09     1.0937 0.06804    1.6853   22.4300  154.4978   91.6424     1.1681    13 130
   0.99999E+09     1.1117 0.03273    2.5130   37.4695  114.0613  249.7522     1.1481    14 130
   0.99999E+09     1.0909 0.04818    1.8416   24.9131  185.9874  286.8259     1.1435    19 130
   0.99999E+09     1.1330 0.06743    1.0430    6.0926  176.5658   95.3825     1.2093    28 130
   0.99999E+09     1.0662 0.02269    1.2243    0.0441  172.8488  142.6393     1.0904    11 131
   0.99999E+09     1.1199 0.01047    0.2008   17.5889  299.3935   72.4678     1.1316    12 131
   0.99999E+09     1.1016 0.02227    0.5868   17.6667  239.8682  140.7382     1.1261    13 131
   0.99999E+09     1.1537 0.02458    1.0738   18.3938  208.7856   99.6119     1.1820    18 131
   0.99999E+09     1.0936 0.02269    1.3345  355.7576  214.2992  348.1803     1.1184    20 131
   0.99999E+09     1.1330 0.06188    0.5365    2.4959  305.3318  281.6410     1.2031    30 131
   0.99999E+09     1.1104 0.03699    1.4480  135.9253   67.9246  303.0033     1.1515     5 132
   0.99999E+09     1.1672 0.05300    0.6632   75.4922  137.4694  190.4539     1.2291     8 132
   0.99999E+09     1.1220 0.06303    0.5222   90.7122  117.8713  165.8852     1.1927    12 132
   0.99999E+09     1.1532 0.03750    0.6409  142.2352   53.5514    5.5263     1.1965    13 132
   0.99999E+09     1.1236 0.05271    0.9042  240.3131  357.2809  320.6724     1.1828    15 132
   0.99999E+09     1.1419 0.04430    1.2126  169.3022   45.7090   96.8107     1.1925    17 132
   0.99999E+09     1.1560 0.04998    1.2325  195.8931   16.6029   99.8226     1.2137    18 132
   0.99999E+09     1.1505 0.03102    1.0591  190.7424   14.2948  354.8646     1.1862    25 132
   0.99999E+09     1.1205 0.03950    1.0165  196.4258   65.7019   47.7018     1.1648    26 132
   0.99999E+09     1.1268 0.01022    0.6040  190.9102  349.3129  320.7035     1.1383    30 132
   0.99999E+09     1.1354 0.02317    0.4943  131.0502  125.8981  344.5292     1.1617     2 133
   0.99999E+09     1.1225 0.03324    1.8297  113.3043  306.3971   18.5373     1.1598     5 133
   0.99999E+09     1.0506 0.03758    0.8075  153.0177  123.9922  210.4332     1.0901     9 133
   0.99999E+09     1.1388 0.03699    1.1511  112.2731  183.2028  351.1641     1.1809    12 133
   0.99999E+09     1.0678 0.00371    0.7930   88.9256  170.6383  350.4305     1.0717    16 133
   0.99999E+09     1.1643 0.00867    0.9813  142.2940   84.9842  273.4049     1.1744    20 133
   0.99999E+09     1.1206 0.04014    1.0562  127.2110  202.6937  285.2455     1.1656    25 133
   0.99999E+09     1.1338 0.02720    0.6175  191.9362  108.6957  314.6110     1.1646    26 133
   0.99999E+09     1.1720 0.03091    2.7218   73.2824   71.2075   63.0727     1.2082    30 133
   0.99999E+09     1.1132 0.07120    1.0697  144.4744   87.9566  109.0922     1.1925     2 134
   0.99999E+09     1.1411 0.05472    1.7081  122.2396  114.9536   76.9505     1.2036    10 134
   0.99999E+09     1.0969 0.02079    1.4605  180.1212   59.3981   93.1125     1.1197    13 134
   0.99999E+09     1.1688 0.01569    1.5817   51.1514  165.1663  159.4862     1.1871    19 134
   0.99999E+09     1.1322 0.02185    1.8895  128.6728  199.8223   19.6646     1.1570    28 134
   0.99999E+09     1.1060 0.04591    2.3443  116.9044   14.9011  339.9739     1.1568     1 135
   0.99999E+09     1.1335 0.00900    2.4365   99.4136  342.2170  269.2649     1.1437     3 135
   0.99999E+09     1.1161 0.01254    2.3599  127.5108   70.2003  211.4331     1.1301    13 135
   0.99999E+09     1.0721 0.03258    1.7737  125.7517   71.6573  272.6243     1.1070    18 135
   0.99999E+09     1.1195 0.05160    2.6063  110.7699   12.7400  135.9540     1.1773    21 135
   0.99999E+09     1.1578 0.01567    1.9729   39.0135  209.6890  319.7689     1.1759     2 136
   0.99999E+09     1.1159 0.06551    1.6039    1.1651  212.8271  295.8367     1.1890     3 136
   0.99999E+09     1.1367 0.02871    1.7534  359.1644  212.0402   73.3742     1.1694    12 136
   0.99999E+09     1.0961 0.05600    1.2660  347.1950  233.1457  100.8067     1.1574    15 136
   0.99999E+09     1.1208 0.01835    1.6921  301.8228   25.4621  152.4522     1.1413    30 136
   0.99999E+09     1.1575 0.05986    2.1704  125.8058    2.4227   96.9253     1.2268     1 137
   0.99999E+09     1.1103 0.03294    2.2008  153.2501  347.7158  211.0764     1.1469     3 137
   0.99999E+09     1.0812 0.06450    1.7228  151.0268  352.9893   49.3511     1.1510     7 137
   0.99999E+09     1.1406 0.03833    2.0167  162.7055  320.4585  219.9624     1.1843     8 137
   0.99999E+09     1.1662 0.04988    1.1732  156.4281   25.6821  257.4135     1.2243    12 137
   0.99999E+09     1.2126 0.03848    2.7633  127.7314  343.5183  205.0540     1.2593    15 137
   0.99999E+09     1.2127 0.04346    2.0617   99.3436   16.9510  202.7920     1.2654    16 137
   0.99999E+09     1.0761 0.03290    1.6795  142.1773  337.5466    1.8214     1.1115    18 137
   0.99999E+09     1.1357 0.05146    1.6530  146.6981  345.4847  132.7742     1.1942    21 137
   0.99999E+09     1.2135 0.05850    2.4725   86.1065   80.4266   20.5697     1.2845    22 137
   0.99999E+09     1.0937 0.05978    1.5958  138.2533  341.8701  169.2831     1.1591    24 137
   0.99999E+09     1.1141 0.07055    1.8657  149.8148  354.2395   36.7634     1.1927    26 137
   0.99999E+09     1.1582 0.04365    2.1894  150.6044  359.1131  353.2359     1.2087    29 137
   0.99999E+09     1.1236 0.03136    3.5473   83.1611  330.0566   46.3242     1.1588     1 138
   0.99999E+09     1.1536 0.00889    3.2351   85.0746  292.4935  118.9299     1.1639     4 138
   0.99999E+09     1.1017 0.01479    4.0966   82.3222   27.4260  226.7089     1.1180    10 138
   0.99999E+09     1.0656 0.04974    3.3168   87.3031  358.7684  132.5946     1.1186    12 138
   0.99999E+09     1.1549 0.01821    3.8615   88.3376  230.9704   56.2514     1.1760    14 138
   0.99999E+09     1.0477 0.04301    3.7489   80.7621  274.4798  129.1039     1.0928    15 138
   0.99999E+09     1.1355 0.02348    3.7597   94.4038  143.1235  277.9452     1.1621    16 138
   0.99999E+09     1.0729 0.04451    2.9209   98.4021  335.8022  111.8307     1.1206    18 138
   0.99999E+09     1.1306 0.03119    3.5157   78.2878  316.0674  220.5337     1.1659    19 138
   0.99999E+09     1.0728 0.02178    3.4900   89.8010   67.6532  115.2373     1.0962    24 138
   0.99999E+09     1.1267 0.00731    2.8681   81.1948  346.3682  173.2883     1.1349    26 138
   0.99999E+09     1.1101 0.01357    1.6999   86.7179  189.0655  185.1046     1.1252     1 140
   0.99999E+09     1.1060 0.03033    1.8988  120.7926  197.3684  269.3121     1.1396     4 140
   0.99999E+09     1.1554 0.01795    1.2400   66.2660  293.2145  140.4077     1.1761    15 140
   0.99999E+09     1.1807 0.02470    5.7945   83.3702  128.0095   65.3197     1.2099    16 140
   0.99999E+09     1.1100 0.02710    1.3315   77.3800  202.7395  216.7061     1.1401    20 140
   0.99999E+09     1.1133 0.04795    1.8953   74.3142  246.3981  336.4439     1.1666    26 140
   0.99999E+09     1.1907 0.02649    2.0807   92.3593   58.1986  313.6487     1.2223    28 140
   0.99999E+09     1.1532 0.02882    1.8966   53.8187  294.0651   35.4525     1.1864    29 140
   0.99999E+09     1.0957 0.03759    1.1466  132.2313   78.5648   56.6769     1.1369     2 141
   0.99999E+09     1.0963 0.03873    1.0897  124.5091   59.0382   83.9035     1.1388     4 141
   0.99999E+09     1.1644 0.03002    1.5184  118.6159   97.4823   41.3261     1.1994     6 141
   0.99999E+09     1.1076 0.06749    1.2309  262.5221  289.1808   14.4853     1.1824     7 141
   0.99999E+09     1.1120 0.00583    0.8680  176.3588   29.8338   51.9690     1.1185    10 141
   0.99999E+09     1.1809 0.06774    1.5606  115.7006    5.1030   93.4269     1.2609    24 141
   0.99999E+09     1.0960 0.03111    1.8365  128.0898   51.3549   56.6546     1.1301    25 141
   0.99999E+09     1.0825 0.02936    1.0788  123.7857   38.3037  124.7166     1.1143    28 141
   0.99999E+09     1.1251 0.04578    1.2086  138.7199   11.7654  354.0697     1.1766    30 141
   0.99999E+09     1.1314 0.02414    1.6067  148.0402  251.8689  311.7677     1.1587     4 142
   0.99999E+09     1.0826 0.02016    1.0694  121.9655  119.3997    0.1572     1.1044     7 142
   0.99999E+09     1.1326 0.04218    1.1476  103.2040  184.8705  228.8762     1.1804    12 142
   0.99999E+09     1.1342 0.02631    1.7493  141.5753  201.6528  304.0394     1.1640    13 142
   0.99999E+09     1.0659 0.03170    2.4216  150.3666  205.3716  181.4033     1.0997    16 142
   0.99999E+09     1.2126 0.02169    2.0641  106.7103  203.1689  316.5821     1.2389    18 142
   0.99999E+09     1.1651 0.03348    1.0024  171.5514  164.7619   47.1595     1.2041    30 142
   0.99999E+09     1.0579 0.01038    2.7302   18.1887  191.6832    0.9183     1.0689     2 143
   0.99999E+09     1.0663 0.01938    3.1122   12.9707  199.4289  100.5398     1.0870     7 143
   0.99999E+09     1.1592 0.00799    1.4918    3.7550  165.8732  272.7432     1.1684     8 143
   0.99999E+09     1.1187 0.02112    3.0289   42.0032  215.9513  343.1397     1.1423    11 143
   0.99999E+09     1.0970 0.01816    2.9334   31.0319  282.8080   15.5298     1.1169    13 143
   0.99999E+09     1.1274 0.03672    2.4606    6.5700  249.7133  128.3372     1.1688    18 143
   0.99999E+09     1.1016 0.02197    2.1507    8.2972   58.0608  311.4949     1.1258    19 143
   0.99999E+09     1.1420 0.06911    3.5126  106.7498  100.3761    6.5993     1.2209     2 144
   0.99999E+09     1.1549 0.05130    3.3496  114.8285  111.4293  275.4041     1.2142    19 144
   0.99999E+09     1.1505 0.06787    4.3057  106.6611  108.6694  169.9930     1.2286    20 144
   0.99999E+09     1.1033 0.04586    3.7152  110.1444  102.6433   39.9898     1.1539    26 144
   0.99999E+09     1.1657 0.04408    3.3529   98.6281  155.8177  133.1290     1.2171     5 145
   0.99999E+09     1.1514 0.04155    2.6458  100.0931  143.3360    3.1038     1.1992    13 145
   0.99999E+09     1.1091 0.05371    2.5606  109.3377  166.7528   48.2136     1.1687    24 145
   0.99999E+09     1.0956 0.03135    2.1896  108.0481  137.5820  144.4473     1.1300    27 145
   0.99999E+09     1.1442 0.04483    2.0647  123.6197   25.8429  214.7361     1.1955     2 149
   0.99999E+09     1.1500 0.02649    2.0762  109.1911   55.5782  176.3994     1.1805     5 149
   0.99999E+09     1.1454 0.03605    2.4790  104.1982   31.7449   76.5422     1.1866     9 149
   0.99999E+09     1.1562 0.04699    2.1439  116.3367   26.3185  125.8966     1.2105    10 149
   0.99999E+09     1.0795 0.05770    1.5926  104.3484   22.7220   35.9179     1.1418    11 149
   0.99999E+09     1.1443 0.04514    2.1084   98.7246    0.3227  136.1935     1.1960    13 149
   0.99999E+09     1.1553 0.06886    1.3579  109.4314   43.1140  138.8383     1.2349    18 149
   0.99999E+09     1.1302 0.02907    1.6353  134.4883   74.2916  318.2601     1.1630    24 149
   0.99999E+09     1.1541 0.04141    1.9248  130.4952   28.7441  269.2087     1.2019    29 149
   0.99999E+09     1.1263 0.02325    2.1213  118.3860   33.6160  211.4909     1.1525     2 150
   0.99999E+09     1.1034 0.02656    1.6126  140.0596  322.5470  295.2493     1.1327    21 150
   0.99999E+09     1.1195 0.04736    1.9759  140.6561   26.2263   88.3322     1.1725    22 150
   0.99999E+09     1.1640 0.06555    0.8248  359.4077  104.9224  130.8637     1.2403    24 150
   0.99999E+09     1.0778 0.01958    1.8637  142.4012  341.5620  207.1351     1.0988    29 150
   0.99999E+09     1.1364 0.00366    0.9248  160.8095   45.2695  199.9945     1.1406    30 150
   0.99999E+09     1.1326 0.03076    3.3096   99.3761  177.7405  221.6723     1.1674     1 151
   0.99999E+09     1.1657 0.02169    2.6675   91.5463   86.8323  165.0644     1.1910    17 151
   0.99999E+09     1.0942 0.01681    3.4293  104.2649   63.8647  357.6018     1.1126    18 151
   0.99999E+09     1.1318 0.02299    3.1092  107.1150  333.4706   13.7276     1.1579    27 151
   0.99999E+09     1.1212 0.00807    3.2994   91.2395  114.4715  155.0054     1.1303    29 151
   0.99999E+09     1.0830 0.02248    2.1471  103.9085   78.5157  291.0107     1.1074    30 151
   0.99999E+09     1.0833 0.00222    2.4807  110.4863  357.2787  281.7476     1.0857     3 152
   0.99999E+09     1.0939 0.03315    2.6267   99.3646  111.4520  256.9145     1.1301    12 152
   0.99999E+09     1.1588 0.02897    2.7502   87.9107   43.4442  260.4162     1.1924    14 152
   0.99999E+09     1.1315 0.01189    3.0254   82.2760   83.2820  266.1573     1.1450    26 152
   0.99999E+09     1.1035 0.00367    3.8394   89.4042  244.2053  144.7662     1.1075    27 152
   0.99999E+09     1.1375 0.03808    2.7275   88.7605   91.1521  104.7063     1.1808    28 152
   0.99999E+09     1.1391 0.02032    3.3384  145.0565   23.1802  125.8828     1.1622     2 153
   0.99999E+09     1.1638 0.02564    1.6557  112.2652  334.7415  132.7898     1.1937     3 153
   0.99999E+09     1.1234 0.01798    2.6822  135.4261   51.4299  256.3186     1.1436     4 153
   0.99999E+09     1.1252 0.04058    2.8356  125.0543    4.1851  258.2699     1.1708     6 153
   0.99999E+09     1.1344 0.01005    2.2806  112.4430   17.6920  135.8797     1.1458     9 153
   0.99999E+09     1.2094 0.06866    4.7238   85.5487   33.9305  349.8089     1.2925    12 153
   0.99999E+09     1.1385 0.05374    2.0883  126.7579   17.4964  182.4889     1.1997    16 153
   0.99999E+09     1.0662 0.02986    2.6940  139.7289  307.3619  271.9218     1.0980    19 153
   0.99999E+09     1.0909 0.02094    3.1278  124.1315   49.1226  329.8202     1.1138    20 153
   0.99999E+09     1.0830 0.02465    2.7773  131.3845   52.7006  184.2546     1.1096    23 153
   0.99999E+09     1.1563 0.02039    3.7506  138.0887   23.5102   49.6576     1.1799    25 153
   0.99999E+09     1.1718 0.05219    2.1482  112.4537   52.7479   50.5846     1.2330    26 153
   0.99999E+09     1.1752 0.00784    2.6771  204.2466  343.4857  233.5727     1.1844    27 153
   0.99999E+09     1.2098 0.00530    3.8432  105.8520   13.0203  203.0080     1.2162     3 154
   0.99999E+09     1.2128 0.03202    3.3513   53.0299  131.8271   75.5053     1.2516     4 154
   0.99999E+09     1.1166 0.01862    2.5578   77.4478   15.8762  162.7882     1.1374     6 154
   0.99999E+09     1.1325 0.03620    2.5254   64.6135  100.4247   64.9213     1.1735     7 154
   0.99999E+09     1.0469 0.02034    2.1357   74.0464   72.9533  321.6804     1.0682    10 154
   0.99999E+09     1.1238 0.01772    2.1134   68.4657  209.7021  160.4080     1.1437    13 154
   0.99999E+09     1.1153 0.00745    2.7755   55.4981  161.1231   96.1051     1.1236    15 154
   0.99999E+09     1.2092 0.02305    3.9888  351.8508  221.9096   60.6818     1.2371    21 154
   0.99999E+09     1.1389 0.04073    2.2852   57.9321   75.1860  357.5740     1.1853    23 154
   0.99999E+09     1.1238 0.03657    2.7180   69.2125   99.6755   29.8685     1.1649    27 154
   0.99999E+09     1.1262 0.00881    2.6342   66.0890  102.1485  349.7045     1.1361     2 155
   0.99999E+09     1.1049 0.02231    1.7784   88.3799  312.2533   91.5440     1.1296     4 155
   0.99999E+09     1.1298 0.02925    1.8231   85.1942   39.9335  280.7799     1.1629     8 155
   0.99999E+09     1.0818 0.05118    2.2628   64.9125   45.8986  190.8334     1.1371     9 155
   0.99999E+09     1.1372 0.02497    2.5438   76.7627   74.7300  345.2359     1.1656    17 155
   0.99999E+09     1.1674 0.04461    3.1297   82.9739   73.3350  164.4631     1.2195    20 155
   0.99999E+09     1.2086 0.05351    3.9781    4.8153   75.3688   31.2427     1.2733    21 155
   0.99999E+09     1.1053 0.01829    1.6770   89.4190  348.0859   75.7131     1.1255    24 155
   0.99999E+09     1.1520 0.04157    2.2710   83.7718   26.1830  300.9000     1.1999    25 155
   0.99999E+09     1.0992 0.02380    1.6628   60.5613   73.4475  292.8120     1.1254    26 155
   0.99999E+09     1.0612 0.03218    2.7918   78.3601  288.6530  327.2371     1.0954     5 157
   0.99999E+09     1.2091 0.01446    1.7516   52.8164  322.3456  106.6385     1.2266    13 157
   0.99999E+09     1.1645 0.05911    1.9248   51.8266  271.5873  325.2542     1.2333    19 157
   0.99999E+09     1.1355 0.03468    2.7519   82.8103  299.8515   12.9189     1.1749    21 157
   0.99999E+09     1.1393 0.03214    2.1933   92.5353  225.1393    8.2097     1.1759    26 157
   0.99999E+09     1.1397 0.03020    3.2154   65.2249   48.6233  145.0363     1.1741    27 157
   0.99999E+09     1.1168 0.02312    3.5290   79.7929  247.8629   49.0992     1.1426    28 157
   0.99999E+09     1.1330 0.03190    2.4099   70.9672  308.1385   62.2210     1.1692    29 157
   0.99999E+09     1.1426 0.02003    1.8975  156.8450  130.7825  317.7347     1.1655     4 158
   0.99999E+09     1.1245 0.01142    2.5944  177.6310  254.4814  136.1741     1.1373    15 158
   0.99999E+09     1.0602 0.02664    1.9359  200.0040  196.5550  141.4533     1.0885    19 158
   0.99999E+09     1.1037 0.01492    1.3755  187.0959  263.3502   12.2669     1.1202    24 158
   0.99999E+09     1.0631 0.00590    2.6303  186.2622  105.5781  288.6932     1.0694    25 158
   0.99999E+09     1.1167 0.02864    1.2183  175.2369  259.2064  137.0637     1.1487    30 158
   0.99999E+09     1.1592 0.01772    0.6372   10.7170  146.0838  125.1770     1.1797     7 159
   0.99999E+09     1.1251 0.01632    0.4452   19.2103  201.3419  354.2079     1.1435     8 159
   0.99999E+09     1.1297 0.02432    0.7150  128.9599   24.8674  124.6819     1.1572    10 159
   0.99999E+09     1.1414 0.03569    1.2432   83.9870  195.8572   15.7106     1.1821    12 159
   0.99999E+09     1.1233 0.03199    0.9470   52.2330  127.3860  327.8197     1.1593    14 159
   0.99999E+09     1.1032 0.01098    1.0799   41.4085  163.1145  260.5986     1.1153    15 159
   0.99999E+09     1.1263 0.01857    0.9709  100.8585   49.3719  341.8715     1.1472    29 159
   0.99999E+09     1.1682 0.03500    2.4974  175.2955  357.2353   36.8317     1.2091     3 161
   0.99999E+09     1.1442 0.00798    3.2208  151.8877  242.1857   81.6495     1.1533     8 161
   0.99999E+09     1.1337 0.01683    2.8960  165.3350   15.4708  159.4863     1.1528     9 161
   0.99999E+09     1.1153 0.01640    2.2848  161.8006   79.2766  298.4007     1.1336    13 161
   0.99999E+09     1.0512 0.03227    2.5194  161.1077  310.3505  295.8430     1.0852    15 161
   0.99999E+09     1.1549 0.00413    3.6895  176.8313   91.8415  221.4441     1.1596    18 161
   0.99999E+09     1.1117 0.02369    2.3555  146.9447   25.3507  185.1709     1.1380    22 161
   0.99999E+09     1.0918 0.02579    2.5443  155.3132    7.8150  185.9477     1.1200    25 161
   0.99999E+09     1.1504 0.02727    1.9191  105.6013  109.9800  335.5302     1.1818     4 163
   0.99999E+09     1.1571 0.01563    2.7954   85.6638  199.7540  242.6306     1.1752     5 163
   0.99999E+09     1.1102 0.04531    3.2606  101.6765  128.6024  141.3319     1.1605    10 163
   0.99999E+09     1.1546 0.03466    2.8767  115.4949  154.1386  157.5234     1.1946    13 163
   0.99999E+09     1.1061 0.03239    2.3917   88.8145  153.0672  286.1314     1.1420    15 163
   0.99999E+09     1.1390 0.02900    2.3047   93.9088  158.6664   15.0431     1.1720    17 163
   0.99999E+09     1.0613 0.02568    2.2179   71.4095  162.8436  255.7980     1.0886    22 163
   0.99999E+09     1.1414 0.04088    3.5651   80.7436  243.6855   29.9385     1.1881    25 163
   0.99999E+09     1.1365 0.02982    2.5842   83.9843  160.5197  331.1275     1.1704    28 163
   0.99999E+09     1.1426 0.04636    1.2814  178.0950  328.1961  282.3866     1.1956     2 164
   0.99999E+09     1.0733 0.05438    1.5694  137.1858   26.1006    0.5205     1.1317     9 164
   0.99999E+09     1.0508 0.02506    0.5632  141.1009   24.7108  359.0319     1.0771    11 164
   0.99999E+09     1.1247 0.01246    0.7986  230.6762  254.9359  154.8819     1.1387    13 164
   0.99999E+09     1.1402 0.03692    0.9332  193.7507  332.6584  297.1402     1.1823    14 164
   0.99999E+09     1.1373 0.01508    1.1730  146.1608  333.5971    5.3031     1.1544    15 164
   0.99999E+09     1.1199 0.02770    0.4656  163.8273  342.3148  121.0075     1.1509    19 164
   0.99999E+09     1.1526 0.02291    2.0260  196.5584  335.1457  114.3314     1.1790    20 164
   0.99999E+09     1.1073 0.04383    1.7679  167.8949  274.4888  277.8996     1.1559    22 164
   0.99999E+09     1.1664 0.01106    1.9688  178.6752  212.9367  134.0820     1.1793    30 164
   0.99999E+09     1.1376 0.02827    3.1534   98.9220   54.2511  326.0185     1.1697     4 165
   0.99999E+09     1.1664 0.01007    3.0979   77.0050  306.5584  248.2183     1.1781     9 165
   0.99999E+09     1.0779 0.01454    3.4325   87.2384   65.8693  101.0181     1.0935    20 165
   0.99999E+09     1.0727 0.05729    2.8052   90.9399   24.4971  209.7175     1.1342    21 165
   0.99999E+09     1.1363 0.02007    4.3264   94.0752  289.9021  121.3940     1.1591    26 165
   0.99999E+09     1.1579 0.03824    3.6379   77.6796   21.9500  302.6704     1.2022    30 165
   0.99999E+09     1.2135 0.02618    2.2609  120.4342  165.3323  304.2000     1.2453     1 166
   0.99999E+09     1.1055 0.01858    2.1042   97.3236  184.0009   91.8349     1.1260     2 166
   0.99999E+09     1.1409 0.04419    1.6715   85.6680   65.0959  189.2755     1.1913     6 166
   0.99999E+09     1.1655 0.01151    3.4981   70.3376   77.4802   59.4628     1.1789    13 166
   0.99999E+09     1.0599 0.00657    2.4673   85.6753  359.4076  156.9616     1.0668    14 166
   0.99999E+09     1.0896 0.01092    2.4755   84.8789  209.0541  290.8005     1.1015    16 166
   0.99999E+09     1.1567 0.03652    2.0214   45.4276  202.5722  168.9247     1.1990    18 166
   0.99999E+09     1.1393 0.07934    3.1600   77.6846  141.3711  333.0101     1.2297     2 167
   0.99999E+09     1.1271 0.09566    2.1707   68.7047  128.3143  165.8218     1.2349     5 167
   0.99999E+09     1.1041 0.03567    2.3231   51.7000  153.4909   97.1818     1.1434     6 167
   0.99999E+09     1.1348 0.02790    2.4677   52.7031  133.0757  253.8912     1.1665    16 167
   0.99999E+09     1.1084 0.04361    1.7282   76.7618  104.2061  320.1056     1.1568    19 167
   0.99999E+09     1.1077 0.07327    2.0215   87.2630  105.4766  336.8838     1.1889    28 167
   0.99999E+09     1.0926 0.03027    2.2581   54.5226  152.4097  243.5682     1.1256    30 167
   0.99999E+09     1.1416 0.00795    0.1050  107.6178  118.5671  312.0881     1.1507     1 168
   0.99999E+09     1.0755 0.01751    1.3525  115.4592  140.0574  153.7784     1.0943    12 168
   0.99999E+09     1.1313 0.03036    1.3157  100.6215  160.4798  240.7100     1.1657    15 168
   0.99999E+09     1.1550 0.03086    1.1970  123.4865   40.9526   68.1795     1.1907    19 168
   0.99999E+09     1.1674 0.01765    1.5910  106.4388   72.7070  177.9213     1.1880    22 168
   0.99999E+09     1.1399 0.02981    0.9941  105.3163  173.3685  322.1317     1.1739    27 168
   0.99999E+09     1.1317 0.03584    1.3127  108.8333  205.7381   76.6779     1.1723    29 168
   0.99999E+09     1.1107 0.03250    1.4784  125.5067  140.9345  178.1503     1.1468    30 168
   0.99999E+09     1.0968 0.01745    0.7145   86.6793  339.6408  145.9931     1.1159    11 169
   0.99999E+09     1.1356 0.00851    1.3995   25.2273  347.2999  282.2660     1.1453    16 169
   0.99999E+09     1.0985 0.01098    1.1385   87.1791   79.2023  206.8765     1.1106    19 169
   0.99999E+09     1.1337 0.03695    2.1775   74.7230  272.8606   89.1521     1.1756    27 169
   0.99999E+09     1.1679 0.02221    0.8282  160.2526  246.2301  330.0407     1.1938    29 169
   0.99999E+09     1.1064 0.05148    2.4950  126.9006  116.4794  182.6526     1.1634     4 170
   0.99999E+09     1.1128 0.01911    3.5610  123.2127   37.3785  198.6731     1.1341     6 170
   0.99999E+09     1.1711 0.05652    3.7989  132.9393   94.8845  129.4323     1.2373     8 170
   0.99999E+09     1.0917 0.02977    2.5718  118.9989   31.6342  156.9319     1.1242    10 170
   0.99999E+09     1.0942 0.00965    2.3716  121.9082  174.6263  175.0283     1.1047    13 170
   0.99999E+09     1.1527 0.01527    3.6884  124.7913   25.1532  103.6584     1.1703    14 170
   0.99999E+09     1.2144 0.03576    3.4593  123.0603  104.8673  233.1275     1.2579    20 170
   0.99999E+09     1.1681 0.00579    1.6749  283.0417  246.1003  264.6498     1.1749     1 171
   0.99999E+09     1.1111 0.07375    1.2771  295.2404  227.8223   53.0767     1.1930    11 171
   0.99999E+09     1.0880 0.03205    0.9773  268.2950  209.7824  328.7309     1.1229    12 171
   0.99999E+09     1.0928 0.02206    2.8727  304.4971  181.9135  324.8668     1.1169    20 171
   0.99999E+09     1.0546 0.02752    0.6402  266.7541  203.4547   99.1279     1.0836    21 171
   0.99999E+09     1.0724 0.04383    1.6756  288.5249  179.6026  347.9438     1.1194    24 171
   0.99999E+09     1.1351 0.05256    1.6338  280.6824  245.3700    6.3973     1.1947    26 171
   0.99999E+09     1.1172 0.03828    3.9591  148.1908   71.7459  128.3338     1.1600     3 172
   0.99999E+09     1.1296 0.05991    3.6893  136.7437   69.7031   11.0297     1.1972     5 172
   0.99999E+09     1.1695 0.05296    4.6528  140.0511   48.6468  230.5537     1.2314    11 172
   0.99999E+09     1.1331 0.02773    3.8336  149.7751   61.8746  111.3798     1.1645    12 172
   0.99999E+09     1.0595 0.05885    2.6882  129.4164   79.0293  285.8581     1.1218    16 172
   0.99999E+09     1.1755 0.01145    3.7997  119.2776  194.8945   60.1713     1.1889    17 172
   0.99999E+09     1.0588 0.01453    2.9079  137.4671   24.9963   96.8186     1.0742    20 172
   0.99999E+09     1.0728 0.03436    2.9723  138.5087   64.1496  239.9944     1.1097    26 172
   0.99999E+09     1.0592 0.02930    3.1047  130.0485   94.6207  259.0254     1.0902    12 173
   0.99999E+09     1.1352 0.01635    3.1232  137.2151   10.6740  342.2876     1.1537    15 173
   0.99999E+09     1.1110 0.01102    3.2514  118.7437   44.2924   70.4834     1.1233    16 173
   0.99999E+09     1.1120 0.00082    2.5790  128.2521  162.7417  260.9616     1.1129    19 173
   0.99999E+09     1.1085 0.05398    2.4717  134.3305   29.8963  324.9857     1.1683    23 173
   0.99999E+09     1.0874 0.03579    3.5404  128.1006   60.2722   69.2435     1.1263    26 173
   0.99999E+09     1.0777 0.03026    2.0128  135.6573   59.0813   55.8983     1.1103    29 173
   0.99999E+09     1.1253 0.00754    2.2463   92.4225  205.5369  278.5012     1.1338     2 174
   0.99999E+09     1.1545 0.03532    2.9146  110.9669  332.8061  249.0874     1.1953     4 174
   0.99999E+09     1.0811 0.01900    1.4944   97.3162  324.6800  115.1802     1.1016    12 174
   0.99999E+09     1.1010 0.00643    1.1606  132.3392  194.6367   50.2182     1.1081    26 174
   0.99999E+09     1.1149 0.02813    1.8748  116.4531   18.3149  183.4013     1.1462     5 175
   0.99999E+09     1.1102 0.01696    1.6399  114.6682  324.5416  119.2280     1.1291     8 175
   0.99999E+09     1.0795 0.02628    1.3506   86.0731   25.6818  316.5555     1.1078     9 175
   0.99999E+09     1.1058 0.02399    1.4105  101.4240  355.3188  327.5349     1.1323    11 175
   0.99999E+09     1.1345 0.02039    2.2338   92.3080   71.2436   97.2903     1.1576    12 175
   0.99999E+09     1.1509 0.02477    1.4518  117.2452   53.6361   54.3929     1.1794    15 175
   0.99999E+09     1.1079 0.04359    1.4491  117.6464  357.2073   25.5509     1.1562    18 175
   0.99999E+09     1.1323 0.00957    0.9268   70.5315  115.5265  314.7734     1.1432    22 175
   0.99999E+09     1.1185 0.00964    1.6610  130.3962   13.6127  349.8004     1.1293    24 175
   0.99999E+09     1.1556 0.03769    1.6088   93.6450  238.3054  328.1567     1.1992    30 175
   0.99999E+09     1.1256 0.05267    1.0272  155.4960   11.7994  158.5798     1.1849     1 176
   0.99999E+09     1.1038 0.03227    1.0459  160.8212  329.8417  213.8480     1.1394     4 176
   0.99999E+09     1.1643 0.05381    1.5884  165.5010  317.4436  182.2703     1.2269    11 176
   0.99999E+09     1.1540 0.05151    1.1103   50.0294  127.2521   59.4650     1.2135    12 176
   0.99999E+09     1.1651 0.05386    0.8745  131.7492   17.7378   84.3466     1.2279    14 176
   0.99999E+09     1.0990 0.04611    1.1772  135.3378    9.8125   89.1799     1.1497    15 176
   0.99999E+09     1.1319 0.07668    1.2528  177.4273  310.2842  143.6966     1.2186    18 176
   0.99999E+09     1.1404 0.04585    1.2184  152.0264  337.4107   80.1499     1.1926    20 176
   0.99999E+09     1.1414 0.06734    1.0394  163.5246  357.5597  348.7724     1.2183    22 176
   0.99999E+09     1.1564 0.03279    0.4217  101.6517   88.6427    0.3127     1.1944    23 176
   0.99999E+09     1.1642 0.07059    0.3813   37.3208  129.1912  180.4077     1.2463    27 176
   0.99999E+09     1.1348 0.07426    1.2596  129.1876   23.8057   82.8016     1.2191    29 176
   0.99999E+09     1.1332 0.02740    2.0223  171.9870  279.4726   30.8651     1.1643     6 177
   0.99999E+09     1.1461 0.02555    1.1299  143.2699   11.9465  231.2184     1.1754     8 177
   0.99999E+09     1.1107 0.02622    1.6414  159.8206  317.9431  109.1393     1.1398    14 177
   0.99999E+09     1.2128 0.03157    1.7553  357.8833  153.0266  254.5602     1.2511    27 177
   0.99999E+09     1.1032 0.02252    2.0144  141.4879  272.8251  205.7534     1.1281    30 177
   0.99999E+09     1.1803 0.04486    5.3202  114.0052   92.5575   29.7464     1.2333    16 178
   0.99999E+09     1.1548 0.07911    1.5585  124.6317    9.7796   54.5162     1.2461    18 178
   0.99999E+09     1.0552 0.05377    2.1298  117.9294   23.3706  189.9016     1.1120    24 178
   0.99999E+09     1.2130 0.03436    3.1208   98.1281   54.1129  223.9590     1.2547    28 178
   0.99999E+09     1.0728 0.05644    2.9165  126.2723   57.5191  138.9720     1.1333     1 180
   0.99999E+09     1.0975 0.04204    3.4036  118.0958   76.7356  276.8468     1.1436     6 180
   0.99999E+09     1.1370 0.03941    3.3680  114.1597  150.3789  347.0663     1.1818     9 180
   0.99999E+09     1.0797 0.04681    2.9786  124.4753   56.1395  232.9456     1.1303    10 180
   0.99999E+09     1.1123 0.05948    3.4448  142.6381   82.7804  314.7793     1.1784    18 180
   0.99999E+09     1.0946 0.04122    2.3770  109.9597   52.1249   26.4736     1.1397    19 180
   0.99999E+09     1.0730 0.00639    3.2086  113.3404  296.0864  255.7747     1.0799    22 180
   0.99999E+09     1.1537 0.04701    3.5004  100.2930   87.9385  164.1334     1.2079    24 180
   0.99999E+09     1.2137 0.04208    4.0975  121.6574   47.0697  139.7262     1.2647    30 180
   0.99999E+09     1.1171 0.03019    3.5369  156.7291    6.1741   44.2177     1.1509     7 181
   0.99999E+09     1.0956 0.04238    3.6344  154.8532  331.6516  227.4662     1.1420    16 181
   0.99999E+09     1.0885 0.01104    1.9682  145.0947  345.5730  349.0997     1.1005    19 181
   0.99999E+09     1.1273 0.03253    2.9593  138.1085  304.5776    4.9729     1.1640    22 181
   0.99999E+09     1.2141 0.07160    4.2011  100.5465   38.2522  198.2853     1.3011    25 181
   0.99999E+09     1.1086 0.05726    2.5530  159.9206  352.6435   96.5062     1.1721    26 181
   0.99999E+09     1.1235 0.04212    2.4662  161.4907  358.7351  347.9268     1.1708    28 181
   0.99999E+09     1.1585 0.02322    3.0837  145.3216  317.0309   82.3495     1.1854    30 181
   0.99999E+09     1.1044 0.03155    3.0511  135.3837   76.6414  137.7962     1.1393     6 182
   0.99999E+09     1.1295 0.08535    4.9336  162.2980   10.0401  104.2242     1.2259    10 182
   0.99999E+09     1.1110 0.05832    3.5529  133.6397   49.8049   48.5048     1.1757    23 182
   0.99999E+09     1.1677 0.04100    3.7101  148.3593    2.5468  259.0347     1.2156    27 182
   0.99999E+09     1.1338 0.03737    1.7145   54.4648  347.5004  316.9312     1.1762     1 183
   0.99999E+09     1.1656 0.00882    1.0902   79.2267  328.5530   44.6983     1.1759     2 183
   0.99999E+09     1.2134 0.02032    2.5041   37.0626   57.8316   60.4488     1.2381     3 183
   0.99999E+09     1.0931 0.05056    1.4711   51.2540  107.6855  210.6517     1.1484     6 183
   0.99999E+09     1.1114 0.01147    1.3146   66.6070   28.1440  170.9249     1.1241     9 183
   0.99999E+09     1.1370 0.04058    2.2231   44.2094   64.3735  110.3435     1.1831    11 183
   0.99999E+09     1.0607 0.03855    1.7160   90.6154  348.9711   40.0284     1.1016    27 183
   0.99999E+09     1.0907 0.02894    1.2381   40.9258   55.5738  145.1886     1.1222    28 183
   0.99999E+09     1.1447 0.02902    0.7226  105.3821  187.5579  313.2835     1.1780    29 183
   0.99999E+09     1.1394 0.04653    1.1779  187.4493   17.5857   76.5930     1.1924     5 184
   0.99999E+09     1.1450 0.03045    1.2949  176.1563  264.0495   61.0431     1.1799     9 184
   0.99999E+09     1.1284 0.04342    0.9913  257.2221   26.9960  235.8475     1.1774    10 184
   0.99999E+09     1.0730 0.03620    1.2261  173.4801    6.0590  236.4584     1.1118    11 184
   0.99999E+09     1.1531 0.03221    0.7095  163.5073   43.2046   33.2223     1.1902    15 184
   0.99999E+09     1.1262 0.03127    0.1353  201.1602  251.3884  149.9705     1.1614    29 184
   0.99999E+09     1.0653 0.06436    2.1933  123.6851   41.4745  106.7936     1.1338     2 186
   0.99999E+09     1.1455 0.04676    1.6222  139.0065   52.0126  263.8449     1.1991     9 186
   0.99999E+09     1.1003 0.08602    2.0573  115.7108  104.5645   96.3286     1.1949    13 186
   0.99999E+09     1.1130 0.05660    2.0554  134.2672   45.1567  106.0416     1.1760    21 186
   0.99999E+09     1.1414 0.09001    1.7139  114.0367   98.0925   84.1026     1.2442    22 186
   0.99999E+09     1.0959 0.07511    2.4138  124.6604   88.7277  104.7674     1.1782    26 186
   0.99999E+09     1.1203 0.07978    1.9092  125.3923   60.5391   84.6526     1.2097    27 186
   0.99999E+09     1.1134 0.07154    2.1974   49.2615  147.3070  345.2092     1.1930     1 187
   0.99999E+09     1.0596 0.04698    2.1818   55.2475  173.0084   37.9327     1.1093     3 187
   0.99999E+09     1.0951 0.06565    2.3732   55.0501  163.6092  282.3808     1.1669     4 187
   0.99999E+09     1.1644 0.05593    2.1916   52.4039   97.8533    0.0600     1.2295     9 187
   0.99999E+09     1.0936 0.08028    1.6705   29.9560  168.5400  356.1619     1.1813    16 187
   0.99999E+09     1.0953 0.06832    2.0311   59.7198  148.4308   59.4895     1.1701    25 187
   0.99999E+09     1.1325 0.02710    2.6318   56.3160  126.6387  214.8980     1.1632    27 187
   0.99999E+09     1.1196 0.04846    2.9770   58.3403  107.1585  220.0016     1.1739    28 187
   0.99999E+09     1.1644 0.03714    1.9107   40.2632  185.0035  125.0818     1.2077    29 187
   0.99999E+09     1.1416 0.02035    2.8982  102.2521   82.1060  256.0095     1.1648     5 188
   0.99999E+09     1.0648 0.00910    3.8628  105.4167  235.2307  295.1111     1.0745     7 188
   0.99999E+09     1.1238 0.02326    2.6812  105.9456  122.2313  246.9216     1.1500    18 188
   0.99999E+09     1.0649 0.03702    3.1331  106.3919  342.2930  319.1474     1.1043    19 188
   0.99999E+09     1.1279 0.02708    3.3765   90.1456   36.1506   30.4857     1.1584    22 188
   0.99999E+09     1.1156 0.00852    2.8453  107.6374   79.1007  252.8645     1.1251    30 188
   0.99999E+09     1.0815 0.03013    1.7930  163.2706   90.7239   67.2644     1.1140     6 189
   0.99999E+09     1.0958 0.04347    1.0188  112.2427  151.5494  226.8167     1.1434    11 189
   0.99999E+09     1.1257 0.02478    1.0957  166.8965   61.3855    3.0725     1.1535    15 189
   0.99999E+09     1.1068 0.02443    1.4345  152.7361  101.9314  179.3087     1.1339    18 189
   0.99999E+09     1.0764 0.04037    2.1948  178.7604   56.3687  290.1198     1.1199    22 189
   0.99999E+09     1.0862 0.04019    1.2863   95.0100  144.1307   47.6079     1.1299     2 190
   0.99999E+09     1.1154 0.05348    1.1165  107.3958   89.9816  285.2288     1.1751     3 190
   0.99999E+09     1.1348 0.03805    1.2856  128.5052   89.3569  253.7073     1.1779     5 190
   0.99999E+09     1.1045 0.05496    0.5246  106.7440  113.9328  141.1116     1.1652     6 190
   0.99999E+09     1.1279 0.05802    2.3981  113.0763  148.3268  154.9016     1.1934    12 190
   0.99999E+09     1.1142 0.03353    0.9735   91.8746  142.1503   87.1542     1.1515    15 190
   0.99999E+09     1.1323 0.06333    1.3489   74.2441  119.4204  302.0965     1.2040    18 190
   0.99999E+09     1.0983 0.03540    1.1268  140.7107   96.5776  161.4019     1.1372    19 190
   0.99999E+09     1.1067 0.05559    0.8803   41.1231  183.5163  329.3440     1.1682    22 190
   0.99999E+09     1.0910 0.05229    2.5840   82.0615   71.2787   16.3446     1.1481    10 192
   0.99999E+09     1.1423 0.01117    1.7053  106.0532  127.8061   33.4737     1.1551    12 192
   0.99999E+09     1.0961 0.04561    1.6082  101.1980   66.3876    7.4505     1.1461    17 192
   0.99999E+09     1.1051 0.05121    1.9963   63.8280  113.9407  144.0371     1.1617    23 192
   0.99999E+09     1.1668 0.02484    3.0129  122.2268  354.9104  194.7702     1.1958     2 193
   0.99999E+09     1.1221 0.02449    2.9494  111.6496  132.7840  182.8233     1.1496     9 193
   0.99999E+09     1.1654 0.01251    3.4114  113.0752  150.1990   50.3440     1.1800    18 193
   0.99999E+09     1.1466 0.01231    2.6552  105.4687   63.4766  212.6838     1.1607    22 193
   0.99999E+09     1.1738 0.04844    4.3147  133.8356  105.3955   50.4362     1.2307    25 193
   0.99999E+09     1.1656 0.02026    2.5073  121.0624  111.2470  329.2110     1.1892    26 193
   0.99999E+09     1.1099 0.01656    3.5039  120.8696  126.9505  238.0175     1.1283    30 193
   0.99999E+09     1.1739 0.03446    1.8833  116.4461   52.4846  257.6312     1.2144     2 194
   0.99999E+09     1.0600 0.03144    1.6385  109.1914   84.1808   97.0774     1.0934     4 194
   0.99999E+09     1.1468 0.02215    1.5196  116.4081  103.7368    9.6266     1.1722     7 194
   0.99999E+09     1.0736 0.02840    2.0726  125.9034   86.2956   33.0796     1.1041    11 194
   0.99999E+09     1.1230 0.02726    2.8227  108.3199   94.1141  140.1919     1.1536    12 194
   0.99999E+09     1.1055 0.00933    2.1751  103.7972   85.1807  265.9458     1.1158    14 194
   0.99999E+09     1.0814 0.04330    1.6648  107.1923  138.6682  191.6470     1.1283    15 194
   0.99999E+09     1.1067 0.01365    2.2580   97.1997  150.5672  185.5625     1.1218    18 194
   0.99999E+09     1.2092 0.01864    1.3602  243.3588  317.0751   21.2315     1.2317    19 194
   0.99999E+09     1.1310 0.04419    2.3221  105.6147  175.5091  219.7681     1.1810    23 194
   0.99999E+09     1.0973 0.03121    2.4625  105.4681  111.8172  290.9204     1.1315    24 194
   0.99999E+09     1.2135 0.06117    0.5267    1.3483  185.3876  176.8107     1.2877    27 194
   0.99999E+09     1.0745 0.02814    1.9466  124.2042  141.5901  212.9101     1.1047    30 194
   0.99999E+09     1.1034 0.05710    1.9908  138.4421   70.8987    1.3754     1.1664     1 195
   0.99999E+09     1.1264 0.04588    1.3557  125.7588   41.3983  254.9120     1.1780     3 195
   0.99999E+09     1.1258 0.08098    2.7904  114.4299   94.3411   51.7500     1.2170     7 195
   0.99999E+09     1.1375 0.07012    2.2461  130.3109   82.8270  114.2422     1.2172     9 195
   0.99999E+09     1.1812 0.04716    2.3069  136.5492   44.5307   92.2319     1.2369    10 195
   0.99999E+09     1.1681 0.05159    2.1187  144.6217   69.5537  251.3700     1.2284    15 195
   0.99999E+09     1.1668 0.07946    3.4363  132.8700   38.1565  172.5490     1.2595    26 195
   0.99999E+09     1.0795 0.05834    3.8186   89.0952  165.9504   14.9938     1.1425     4 196
   0.99999E+09     1.1013 0.05350    3.8726   90.4332  169.0811   95.0175     1.1602    13 196
   0.99999E+09     1.1363 0.04664    3.9706   96.5232  141.9795  272.0636     1.1893    14 196
   0.99999E+09     1.0735 0.01314    3.6542   93.1342  219.6178   29.8625     1.0876    16 196
   0.99999E+09     1.1034 0.05819    3.3485  104.3007  181.6791  279.4437     1.1676    29 196
   0.99999E+09     1.0609 0.03136    3.4594   81.0466  192.4347  166.3806     1.0941    30 196
   0.99999E+09     1.0953 0.03971    0.4120  348.9478  195.8949  345.1897     1.1388    11 197
   0.99999E+09     1.1196 0.00663    0.8748  341.0268  306.0456   40.3553     1.1270    20 197
   0.99999E+09     1.0929 0.05676    0.4570  245.6975  336.3894  146.2477     1.1550    21 197
   0.99999E+09     1.1332 0.04951    0.6950   30.0126  224.4168  146.5899     1.1893    27 197
   0.99999E+09     1.0608 0.01218    2.0297   94.7233  189.4266   18.1480     1.0737     4 198
   0.99999E+09     1.1561 0.03734    1.3085   80.0253   68.9830   98.1300     1.1993     7 198
   0.99999E+09     1.0906 0.02170    1.7980  109.7419  187.3802  258.1197     1.1142    10 198
   0.99999E+09     1.0508 0.02793    1.2770   82.2137   97.5259  228.6418     1.0802    11 198
   0.99999E+09     1.1104 0.01482    1.1811   77.7244  182.0580   63.3626     1.1269    20 198
   0.99999E+09     1.1184 0.01129    1.3981   73.2726   96.3509  207.7078     1.1310    24 198
   0.99999E+09     1.0708 0.02065    1.2202   96.1252  145.2066  248.1034     1.0930    30 198
   0.99999E+09     1.1812 0.01416    3.6762  173.9904  326.0841  240.5533     1.1979     1 199
   0.99999E+09     1.1348 0.04422    3.4588  113.1727   33.7951  128.0971     1.1849     3 199
   0.99999E+09     1.1315 0.03191    2.3295  144.7560  133.1035  321.7134     1.1676     8 199
   0.99999E+09     1.1423 0.01502    3.2412  155.3438  113.0528  201.5601     1.1594    10 199
   0.99999E+09     1.1312 0.00699    3.4363  151.8704  105.7970   86.0666     1.1391    15 199
   0.99999E+09     1.1105 0.04302    3.3904  139.6630  195.9155   61.3476     1.1583    16 199
   0.99999E+09     1.1228 0.01481    3.8842  153.1048  165.0024  349.0699     1.1394    20 199
   0.99999E+09     1.1670 0.03957    3.8568  160.4126  304.7334  316.9890     1.2132    22 199
   0.99999E+09     1.1675 0.02691    3.7244  158.9929   57.2269  171.0221     1.1989    25 199
   0.99999E+09     1.0909 0.05843    2.8571  130.7039  103.1847  201.6808     1.1546     6 200
   0.99999E+09     1.0900 0.05026    1.5416  130.0504  120.1130  319.0418     1.1448     9 200
   0.99999E+09     1.1220 0.03274    2.0021  142.1710   51.3379  170.3276     1.1587    11 200
   0.99999E+09     1.1060 0.05721    2.1253  130.1009   95.3489  239.4036     1.1693    14 200
   0.99999E+09     1.2131 0.03876    5.9451   87.9778  189.6357  279.8535     1.2601    19 200
   0.99999E+09     1.0745 0.03596    1.1800  125.2907   94.8458   87.3389     1.1131    20 200
   0.99999E+09     1.1327 0.03290    2.5538  144.4628  121.3030    9.1160     1.1699    21 200
   0.99999E+09     1.1465 0.03545    2.4599  113.7263   82.5016  357.0033     1.1871    24 200
   0.99999E+09     1.1031 0.03536    2.5082  123.9535  123.9555  155.1976     1.1421    30 200
