   0.29999E+09     1.0946 0.01378    3.2369  154.4321   73.0523   36.2376     1.1097     6 101
   0.29999E+09     1.1063 0.00807    0.9346  170.7420  171.4209  200.6987     1.1153     7 101
   0.29999E+09     1.2074 0.03471    0.4219  159.0931   16.6879   10.4385     1.2493     9 101
   0.29999E+09     1.1733 0.01801    2.9891  181.2092   69.9166  262.3759     1.1944    19 101
   0.29999E+09     1.1662 0.00919    0.6518  180.7745   28.5533  192.9390     1.1769    22 101
   0.29999E+09     1.1412 0.02241    0.6757  150.3371  323.4990  126.4121     1.1667    23 101
   0.29999E+09     1.1508 0.05547    1.1499  180.6204   14.5421  326.2327     1.2147    24 101
   0.29999E+09     1.1505 0.03307    1.0462  175.9276   23.0519  111.5872     1.1886    25 101
   0.29999E+09     1.1187 0.01329    0.8020  237.0497  282.8420  226.4778     1.1336    28 101
   0.29999E+09     1.1257 0.04176    1.0996  153.5617   11.2663  357.6516     1.1727     5 102
   0.29999E+09     1.0565 0.03281    1.2305  179.1126  346.4751  131.5662     1.0911     6 102
   0.29999E+09     1.1532 0.00885    0.8320  176.3011  158.4034  173.8151     1.1634     8 102
   0.29999E+09     1.0541 0.02114    1.0257  168.1700   30.8398   28.4004     1.0763     9 102
   0.29999E+09     1.1142 0.02374    1.6336  133.3193    6.6033  237.0272     1.1407    10 102
   0.29999E+09     1.1106 0.02854    1.3580  191.9094  268.3254  101.6157     1.1422    11 102
   0.29999E+09     1.0888 0.01100    0.5337  163.2826  354.2147  177.3273     1.1008    13 102
   0.29999E+09     1.1563 0.06126    0.8916  139.3014   57.6221  180.7906     1.2271    18 102
   0.29999E+09     1.0775 0.02085    1.3536  174.1196    2.5605  328.8552     1.0999    19 102
   0.29999E+09     1.1452 0.05930    0.7850  224.2035  297.2057  343.0086     1.2131    20 102
   0.29999E+09     1.1169 0.01687    0.7712  145.6155  335.6902   83.9260     1.1357    22 102
   0.29999E+09     1.1640 0.02478    2.1756  146.8380   95.9661  110.7887     1.1928    25 102
   0.29999E+09     1.0824 0.03896    1.3933  122.0825   11.7215  226.1665     1.1246    30 102
   0.29999E+09     1.0882 0.01155    1.3009  129.7595  348.1256  296.9992     1.1008     2 103
   0.29999E+09     1.1297 0.02207    0.7211  154.1329   25.9158  262.5668     1.1546     4 103
   0.29999E+09     1.1667 0.03077    0.4038  246.6409  252.6136   45.4437     1.2026     7 103
   0.29999E+09     1.1564 0.03415    1.5924  126.1633  150.2720  119.4178     1.1959     8 103
   0.29999E+09     1.1652 0.05403    0.8208  173.4776    6.7178  139.1656     1.2281    10 103
   0.29999E+09     1.1119 0.04304    1.0527  154.0858   14.2911  207.5870     1.1598    17 103
   0.29999E+09     1.1566 0.07272    0.4527  342.1924  213.8706  132.6887     1.2407    19 103
   0.29999E+09     1.1550 0.04047    0.6413  154.4130   43.3626   59.2510     1.2018    26 103
   0.29999E+09     1.1236 0.04225    1.1479  170.5825   66.8524   46.8206     1.1711    29 103
   0.29999E+09     1.1315 0.04775    1.2324  215.3319  303.4695   99.7640     1.1855     7 104
   0.29999E+09     1.0895 0.02249    0.4974  106.0726   96.8198  205.3326     1.1140    17 104
   0.29999E+09     1.1555 0.01252    1.1488  140.3014  100.6886   68.2313     1.1700    24 104
   0.29999E+09     1.0909 0.02207    1.1599  151.5297    1.4188  271.9304     1.1149    30 104
   0.29999E+09     1.0924 0.04245    1.1542  154.4040    6.4866  132.0627     1.1387    10 105
   0.29999E+09     1.1339 0.06233    1.5374  151.6275  358.7328   55.1304     1.2046    17 105
   0.29999E+09     1.1733 0.04700    1.4180  163.7049   20.7549  317.3228     1.2284    24 105
   0.29999E+09     1.1024 0.02002    1.0001  161.8211  339.6636  266.3227     1.1245     1 106
   0.29999E+09     1.0766 0.01497    1.0028  158.6924  350.7355   33.4256     1.0927     4 106
   0.29999E+09     1.2141 0.04833    2.9910  278.2990  239.6543  169.6493     1.2728    12 106
   0.29999E+09     1.0918 0.02851    1.0568  181.1047  345.1032  140.5954     1.1229    14 106
   0.29999E+09     1.1549 0.02460    0.8781  151.5804  334.6369   58.8677     1.1834    17 106
   0.29999E+09     1.1692 0.04159    0.2027  234.8401  317.8529  186.4115     1.2179    19 106
   0.29999E+09     1.1332 0.03264    0.5727  246.2464  304.6403  205.0445     1.1702    22 106
   0.29999E+09     1.1766 0.07739    3.2876   56.7150  182.4429  267.6080     1.2677    25 106
   0.29999E+09     1.0988 0.04079    0.9183  170.2570   35.1551   99.6803     1.1436    30 106
   0.29999E+09     1.1328 0.04051    1.0260  182.9370    1.1088  174.0857     1.1787     1 107
   0.29999E+09     1.1282 0.02883    0.7478  160.2948    0.6862   27.9276     1.1607     3 107
   0.29999E+09     1.0799 0.04874    0.9999  181.1438    9.2256  167.7202     1.1326     5 107
   0.29999E+09     1.1505 0.01407    0.5522  154.5012  113.1685  175.0070     1.1667     6 107
   0.29999E+09     1.1393 0.00876    1.7740  158.2300   22.4804  272.1639     1.1493     9 107
   0.29999E+09     1.2134 0.03752    0.6400  355.3271  195.3848  221.0243     1.2589    14 107
   0.29999E+09     1.1124 0.03029    0.9225  184.1486  305.5530   32.5184     1.1461    19 107
   0.29999E+09     1.1519 0.01880    0.5715   97.2562   45.2343  337.7709     1.1735    24 107
   0.29999E+09     1.1352 0.02980    1.0012  152.5611  343.0164  264.9032     1.1690    30 107
   0.29999E+09     1.1355 0.01891    1.0097  158.6862  336.7893  242.1280     1.1569     2 108
   0.29999E+09     1.0817 0.01734    1.5071  157.5177   11.9593   56.1708     1.1005     3 108
   0.29999E+09     1.1579 0.02468    1.5027  175.7531   57.1158  127.4471     1.1865     6 108
   0.29999E+09     1.1039 0.03255    1.0616  152.3960    2.2418   92.0362     1.1399     7 108
   0.29999E+09     1.1978 0.05436    6.2196   36.6009  207.1213   65.5877     1.2630    13 108
   0.29999E+09     1.1339 0.03373    0.3802  150.2794   34.0086  182.1511     1.1722    23 108
   0.29999E+09     1.2145 0.03773    1.3677  234.5809  286.2235  250.1076     1.2603    25 108
   0.29999E+09     1.0937 0.03023    2.7789  164.4101  288.7188  169.5233     1.1268     6 109
   0.29999E+09     1.0944 0.01488    0.8860  153.9454   23.8292   40.7316     1.1107     9 109
   0.29999E+09     1.1106 0.03673    0.6372  201.5246  339.8795  106.2997     1.1514    14 109
   0.29999E+09     1.1547 0.06302    1.3872  168.8500   20.2885   93.5593     1.2275    16 109
   0.29999E+09     1.1492 0.01929    0.1733  238.5856  229.6311   24.9570     1.1713    17 109
   0.29999E+09     1.1250 0.04776    1.1019  177.6423  302.6937  220.6907     1.1787    20 109
   0.29999E+09     1.1758 0.11745    6.0632  183.5831  327.6597  350.8367     1.3139    22 109
   0.29999E+09     1.1229 0.05188    1.2808  165.3950   12.4842  244.7322     1.1812    27 109
   0.29999E+09     1.0959 0.03984    0.5663  153.7384   17.2349  278.6581     1.1396     1 110
   0.29999E+09     1.1343 0.03647    1.1377  165.9344  291.9630   31.5974     1.1756     3 110
   0.29999E+09     1.1206 0.02893    1.3138  205.5420    7.0474   70.0784     1.1530     7 110
   0.29999E+09     1.1035 0.05099    0.9661  154.1281   16.9516  290.9179     1.1597     9 110
   0.29999E+09     1.1439 0.05180    0.4514  168.1101   23.8899  318.8428     1.2031    12 110
   0.29999E+09     1.0885 0.02126    0.9192  191.4567  317.1205  358.1405     1.1117    13 110
   0.29999E+09     1.0816 0.04282    1.2720  146.4066   31.9264  281.4109     1.1280    14 110
   0.29999E+09     1.1685 0.00482    0.7870  211.9828  351.1212   99.1002     1.1741    22 110
   0.29999E+09     1.1009 0.02595    0.7252  128.4395   61.4889  319.3513     1.1295    23 110
   0.29999E+09     1.1700 0.02446    1.6246  150.7200  325.4731  245.8741     1.1986    27 110
   0.29999E+09     1.1174 0.06391    0.4833  158.1436   45.1881  124.9974     1.1888     1 111
   0.29999E+09     1.0936 0.00676    0.8253  198.6172  324.9526  117.6637     1.1010     4 111
   0.29999E+09     1.1421 0.02014    0.2504  135.7869   49.2703  223.8586     1.1651     6 111
   0.29999E+09     1.2136 0.06058    3.9037  164.4063  313.4590   37.9341     1.2871     8 111
   0.29999E+09     1.1811 0.02164    0.1202  147.4512    1.2351  228.2273     1.2067     9 111
   0.29999E+09     1.0704 0.03957    0.9182  148.0728   14.1562  178.1673     1.1128    12 111
   0.29999E+09     1.1587 0.01350    0.8693  155.3603   34.1790  279.3428     1.1743    17 111
   0.29999E+09     1.2077 0.03129    3.6403  305.1793  242.5516  172.8294     1.2455    18 111
   0.29999E+09     1.0891 0.02643    1.0369  151.1797   17.5317  114.9883     1.1179    19 111
   0.29999E+09     1.0553 0.01197    1.4180  166.3322  336.2330   66.0438     1.0679    22 111
   0.29999E+09     1.1125 0.03624    0.5215  172.1214  335.7781  180.3284     1.1528    23 111
   0.29999E+09     1.1307 0.00743    0.8404  100.5257   89.2321  339.8361     1.1391    26 111
   0.29999E+09     1.1568 0.01546    0.4643  139.9083   50.7157  178.3903     1.1747    27 111
   0.29999E+09     1.1251 0.02991    0.6820  174.7204  326.7791   36.9152     1.1587    28 111
   0.29999E+09     1.2140 0.04744    3.1654  284.3502  297.6073  123.2730     1.2715     4 112
   0.29999E+09     1.1257 0.03191    0.5043  214.1574  322.2062  194.6039     1.1616     8 112
   0.29999E+09     1.1096 0.02184    0.3687  251.8515  305.4636   87.2556     1.1338    12 112
   0.29999E+09     1.0735 0.02919    1.2012  166.7657   10.9334  201.7944     1.1048    13 112
   0.29999E+09     1.1253 0.02641    1.0840  167.9329   18.9619  343.1005     1.1550    14 112
   0.29999E+09     1.1800 0.06048    0.2352  285.7148  267.5566   22.8563     1.2514    20 112
   0.29999E+09     1.1591 0.01382    0.3195   97.1294   51.4194  142.4499     1.1751    21 112
   0.29999E+09     1.1703 0.06624    0.2432  312.1923  204.9645  152.1351     1.2478    27 112
   0.29999E+09     1.2091 0.02454    2.1391  161.9977   29.0954   47.7152     1.2388    29 112
   0.29999E+09     1.1406 0.02197    1.3163  188.1931  326.0895  252.1897     1.1657    30 112
   0.29999E+09     1.1113 0.00408    1.6817  139.5265   92.0893  217.3571     1.1158     5 113
   0.29999E+09     1.1703 0.04037    1.0775  175.1888   17.8992  100.9876     1.2175     9 113
   0.29999E+09     1.1451 0.05407    1.4910  207.1022  306.1725  297.3142     1.2071    12 113
   0.29999E+09     1.1246 0.03863    0.6895  131.1127   41.5011  260.9015     1.1681    13 113
   0.29999E+09     1.1235 0.03338    1.2158  190.4613  306.4792  223.9497     1.1611    23 113
   0.29999E+09     1.1554 0.02262    0.4747   64.2101  118.8153  285.9623     1.1815    25 113
   0.29999E+09     1.0884 0.04465    1.2322  203.8694  309.1399  195.8741     1.1370    28 113
   0.29999E+09     1.1239 0.02574    1.2275  163.9168   42.7544   47.5094     1.1529     3 114
   0.29999E+09     1.1705 0.04643    1.4575  153.8097   19.3451  223.6691     1.2248     4 114
   0.29999E+09     1.0907 0.05624    1.5544  148.9534   25.5704  283.0638     1.1521     6 114
   0.29999E+09     1.1272 0.03803    0.9162  116.0442   52.4547   62.8716     1.1701    11 114
   0.29999E+09     1.1393 0.03908    1.0908  184.3443   70.0532   93.1933     1.1839    15 114
   0.29999E+09     1.1362 0.02725    0.6060  243.9333  302.8693  307.8551     1.1672    18 114
   0.29999E+09     1.0962 0.01511    0.1559  153.1077   37.6093  196.5892     1.1127    24 114
   0.29999E+09     1.1249 0.04045    1.5064  154.0196   31.6492  115.5438     1.1705    28 114
   0.29999E+09     1.0992 0.04707    1.6238  200.4872  314.1831   57.4586     1.1509     1 115
   0.29999E+09     1.0729 0.03466    1.0019  140.9548   48.8180  291.7399     1.1101     2 115
   0.29999E+09     1.1072 0.04527    0.8796  153.7862   37.8570  126.9711     1.1573     5 115
   0.29999E+09     1.0858 0.02298    0.9514  156.4055  343.0535   90.8800     1.1107    10 115
   0.29999E+09     1.1387 0.04242    0.0675  207.9330  335.5242   40.5618     1.1870    13 115
   0.29999E+09     1.1638 0.01158    1.3353  142.8919  288.1481  275.8604     1.1773    14 115
   0.29999E+09     1.1066 0.03951    0.6257  171.3323  344.8957  299.5768     1.1503    26 115
   0.29999E+09     1.1834 0.01869    2.4350   85.6834  129.9633  220.8012     1.2055     4 116
   0.29999E+09     1.1648 0.03910    0.8727  152.7342  355.5649  131.1857     1.2104     6 116
   0.29999E+09     1.1348 0.05261    1.0259  153.8173   40.1816  123.3867     1.1945     8 116
   0.29999E+09     1.1353 0.02879    1.3102  210.0778   38.3196  262.8771     1.1680    19 116
   0.29999E+09     1.1756 0.04007    0.8080  150.7680   31.2873  283.6492     1.2227    20 116
   0.29999E+09     1.2129 0.03179    1.5479  225.6352  297.1863  164.1029     1.2515    22 116
   0.29999E+09     1.2075 0.08545    4.7102  297.5969  231.7792  170.5859     1.3106    23 116
   0.29999E+09     1.1401 0.02310    0.7780  203.1623  334.6245   51.8797     1.1664    28 116
   0.29999E+09     1.1417 0.03788    1.0701  181.8719   73.5589  342.1420     1.1850     2 117
   0.29999E+09     1.1076 0.04013    1.7385  209.9516   29.6904  317.0016     1.1521     6 117
   0.29999E+09     1.1425 0.05139    1.6349  168.3961  352.6535   56.2572     1.2012     7 117
   0.29999E+09     1.1809 0.01860    1.9862  184.2154  353.5855  199.2397     1.2028    10 117
   0.29999E+09     1.0556 0.00248    0.8778  164.8048  269.0944   52.1418     1.0582    12 117
   0.29999E+09     1.1437 0.05380    3.7751  202.0774  199.1176   91.6994     1.2052    13 117
   0.29999E+09     1.1110 0.01439    1.2346  186.4181  228.1837  142.5240     1.1269    15 117
   0.29999E+09     1.1083 0.04697    1.0957  119.7634   59.6098  354.1892     1.1604    19 117
   0.29999E+09     1.1407 0.02149    0.4010  132.7766   64.8229   97.5614     1.1652    20 117
   0.29999E+09     1.1781 0.00531    2.3020  211.0817  186.8960  329.6664     1.1844    23 117
   0.29999E+09     1.0789 0.02114    0.9734  161.8108  350.8774  143.8131     1.1017    24 117
   0.29999E+09     1.1456 0.04090    1.0112  214.2828  335.1261  115.7577     1.1925    26 117
   0.29999E+09     1.0814 0.02326    0.7944  110.7764   39.4202   97.6545     1.1066    27 117
   0.29999E+09     1.1197 0.01652    2.1010  168.5735  245.3642  206.6157     1.1382    30 117
   0.29999E+09     1.1043 0.03784    1.4702  158.3892  343.1982  227.0011     1.1461     2 118
   0.29999E+09     1.1200 0.04305    0.6869  175.7462   10.0766  323.8649     1.1682    10 118
   0.29999E+09     1.0721 0.03108    1.6741  169.2522   39.8585  212.0538     1.1054    11 118
   0.29999E+09     1.1008 0.04519    1.1631  125.5844   51.8266  141.0999     1.1505    16 118
   0.29999E+09     1.1538 0.04249    0.8799  190.2049  322.4642  279.5999     1.2028    20 118
   0.29999E+09     1.1506 0.01984    0.4865  160.0568  357.6934   28.2248     1.1734    21 118
   0.29999E+09     1.1386 0.02322    0.6392  183.0335   25.7549  321.1436     1.1650    23 118
   0.29999E+09     1.0716 0.02485    1.4319  177.8951   40.4523  237.1416     1.0983    24 118
   0.29999E+09     1.1819 0.02805    1.0136  297.9529  256.5251   75.3917     1.2151    30 118
   0.29999E+09     1.1794 0.04816    1.7491  100.1381   95.8911   12.5207     1.2362     2 119
   0.29999E+09     1.1451 0.02622    0.7566  164.9899   88.9341  243.9788     1.1752     4 119
   0.29999E+09     1.1416 0.02615    1.0745  204.1114   31.0238  263.2874     1.1715     9 119
   0.29999E+09     1.2085 0.03338    2.1902   72.6119  280.6123  317.3462     1.2488    12 119
   0.29999E+09     1.1066 0.07457    0.3454  160.4086  343.4125  168.5989     1.1891    14 119
   0.29999E+09     1.1629 0.02098    0.6038  240.6817  204.9057   16.3608     1.1873    16 119
   0.29999E+09     1.1738 0.04625    1.2878  228.9887  308.4386  152.5126     1.2281    22 119
   0.29999E+09     1.1377 0.02718    0.5550  170.0206   13.0360  238.2313     1.1686    26 119
   0.29999E+09     1.1545 0.06619    0.6597  137.9043   45.5377  209.8431     1.2309    30 119
   0.29999E+09     1.1377 0.01354    1.5816  131.8913   97.2005  299.0389     1.1531     2 120
   0.29999E+09     1.1765 0.02539    0.7917  265.4104  290.3191  236.4507     1.2064     4 120
   0.29999E+09     1.1839 0.03909    0.3444  314.3969  169.8177  103.9653     1.2302    11 120
   0.29999E+09     1.1808 0.01075    1.8577  150.3527  319.0121  331.6414     1.1935    12 120
   0.29999E+09     1.2137 0.04009    0.7152  257.6031  264.9540  119.4391     1.2623    13 120
   0.29999E+09     1.0596 0.01847    1.2103  204.1262  281.7182  290.5127     1.0791    20 120
   0.29999E+09     1.1244 0.03354    0.7716  147.9709  330.9782  201.5128     1.1622    23 120
   0.29999E+09     1.0723 0.03919    1.7882  146.3102   19.2856   59.1464     1.1143    24 120
   0.29999E+09     1.0748 0.03756    0.0443  281.4015  255.2863    7.1492     1.1151    25 120
   0.29999E+09     1.0898 0.04732    1.2676  174.3968  352.4185  300.0775     1.1414    28 120
   0.29999E+09     1.1442 0.01102    1.9178  166.7385   90.0796  299.0493     1.1568     1 121
   0.29999E+09     1.0938 0.04234    2.0493  152.7572  358.7470  283.5961     1.1401     2 121
   0.29999E+09     1.1235 0.03511    0.8033  223.9762  310.4359   39.0245     1.1630     5 121
   0.29999E+09     1.1835 0.04898    0.2014  199.7711   10.9955  263.3811     1.2414     8 121
   0.29999E+09     1.1841 0.05716    2.1673   80.4876  103.9032  165.2587     1.2518     9 121
   0.29999E+09     1.1437 0.02311    0.5759  166.4384  324.2164   10.4653     1.1702    10 121
   0.29999E+09     1.1347 0.00840    1.0983  156.3249  290.0934    2.4549     1.1442    11 121
   0.29999E+09     1.1421 0.03729    1.7806  189.3522   20.1792   77.2194     1.1847    14 121
   0.29999E+09     1.1227 0.01808    0.9734  120.1879  354.0277  180.6479     1.1430    16 121
   0.29999E+09     1.2156 0.01876    0.4350  254.1386  123.9701  101.4831     1.2384    17 121
   0.29999E+09     1.1645 0.06434    0.1800  147.0171   13.0578  278.3230     1.2394    19 121
   0.29999E+09     1.1409 0.02854    1.2137  158.9920    9.9594  288.3156     1.1735    27 121
   0.29999E+09     1.1643 0.05859    1.2504  189.7003  348.7784  278.8492     1.2325    28 121
   0.29999E+09     1.1333 0.04004    0.7608  138.2015  116.4205  281.2901     1.1787    30 121
   0.29999E+09     1.1748 0.04982    0.6432  262.3478  319.6623  319.6205     1.2334     1 122
   0.29999E+09     1.1499 0.03816    0.7129  196.4790  283.7811   21.6778     1.1938     2 122
   0.29999E+09     1.0921 0.03645    1.4913  190.9112   45.2969  163.7655     1.1319     3 122
   0.29999E+09     1.0940 0.05321    0.9899  183.7496  314.7796  330.9015     1.1522     7 122
   0.29999E+09     1.1620 0.03720    0.5661  201.6933  330.1742  126.5685     1.2053     8 122
   0.29999E+09     1.1569 0.03283    1.6631  153.3465  349.3647  269.6546     1.1949     9 122
   0.29999E+09     1.0886 0.03038    1.0046  164.7325   12.3119  139.9170     1.1217    15 122
   0.29999E+09     1.0983 0.01701    0.5729  138.9439   17.7729  328.4876     1.1170    16 122
   0.29999E+09     1.1310 0.02442    0.8327  141.4466    8.3970  143.1127     1.1586    17 122
   0.29999E+09     1.1685 0.01437    0.3489  253.8222  292.7461  318.8032     1.1853    18 122
   0.29999E+09     1.0604 0.03790    0.6369  181.1737  349.9317   44.4457     1.1006    30 122
   0.29999E+09     1.1262 0.02725    0.4791  150.7922  318.3431  161.5518     1.1568     3 123
   0.29999E+09     1.1518 0.03280    0.7653  218.1457   22.8020  126.3111     1.1896     5 123
   0.29999E+09     1.1635 0.01003    0.7134  273.0207  313.4437  104.1884     1.1751     6 123
   0.29999E+09     1.1192 0.04915    1.0581  160.6087    2.4294  304.2026     1.1742    14 123
   0.29999E+09     1.1816 0.01503    1.0135  186.1652  346.9542  276.7353     1.1993    16 123
   0.29999E+09     1.1542 0.05948    1.5883  192.4488    4.4348  258.4092     1.2228    19 123
   0.29999E+09     1.0899 0.04179    1.0124  180.8166  347.1594   37.8827     1.1355    21 123
   0.29999E+09     1.1458 0.02043    0.2995  222.3150  318.3535  249.7525     1.1693    27 123
   0.29999E+09     1.1440 0.03499    0.7747  121.0264   64.8113  259.2883     1.1841    29 123
   0.29999E+09     1.0830 0.03661    0.6938  157.8648  350.5814   40.3590     1.1227    30 123
   0.29999E+09     1.1388 0.04735    1.2821  160.6605  341.1702  265.2605     1.1927     2 124
   0.29999E+09     1.2078 0.02962    5.1882  333.1659  281.2360   67.5332     1.2435     4 124
   0.29999E+09     1.1702 0.01583    1.0095  197.5256   97.6975  232.2227     1.1887     7 124
   0.29999E+09     1.1309 0.02001    0.8768  174.3424  355.0332   34.3330     1.1535     8 124
   0.29999E+09     1.1398 0.04426    0.6826  225.2336    5.9180  309.8658     1.1902    11 124
   0.29999E+09     1.1257 0.03438    0.6137  182.6447   12.6288  184.0401     1.1644    12 124
   0.29999E+09     1.1568 0.03891    1.1386  115.5734   17.7317   47.9211     1.2018    20 124
   0.29999E+09     1.1201 0.02595    1.1334  110.7899   22.2903  315.1945     1.1491    21 124
   0.29999E+09     1.1029 0.05408    1.0113  209.5490  338.2183  305.3428     1.1625    26 124
   0.29999E+09     1.1105 0.04254    0.7853  117.9083   12.4243  166.9196     1.1578    28 124
   0.29999E+09     1.1528 0.02749    1.7615  193.6103  333.3739  256.8056     1.1844    29 124
   0.29999E+09     1.2092 0.02798    3.3870  291.9418  211.5774  281.0331     1.2430     3 125
   0.29999E+09     1.1749 0.02712    1.0686  108.8407  353.0273   29.6739     1.2067    10 125
   0.29999E+09     1.1552 0.04352    0.9564  185.0113  328.9240   82.4055     1.2055    17 125
   0.29999E+09     1.1685 0.02784    0.3064  125.7235    9.5052  319.8261     1.2010    21 125
   0.29999E+09     1.1113 0.04126    0.5112  131.8881   20.2642  179.9925     1.1572    22 125
   0.29999E+09     1.1120 0.04081    1.9465  175.3550    5.6354   97.4613     1.1573    25 125
   0.29999E+09     1.1655 0.01159    0.6933  199.8385  271.2936    6.2547     1.1790     4 126
   0.29999E+09     1.0945 0.01022    0.9284  174.1494  249.2700  213.0503     1.1057     6 126
   0.29999E+09     1.1758 0.05792    1.3518   19.0477  131.8061   21.0691     1.2439     7 126
   0.29999E+09     1.2101 0.04004    6.3034  244.5229  319.1033   40.3554     1.2585     9 126
   0.29999E+09     1.1171 0.02122    1.0585  171.2898  341.4200  122.5711     1.1408    13 126
   0.29999E+09     1.1527 0.04695    0.6371  199.0679  322.5593   83.1388     1.2068    14 126
   0.29999E+09     1.0923 0.01096    2.2672  219.7739  305.7853  273.0918     1.1042    15 126
   0.29999E+09     1.1696 0.05058    1.2400   89.2279   95.7892  208.0950     1.2288    18 126
   0.29999E+09     1.1678 0.03805    1.1476  233.1568  278.5957  124.7535     1.2123    22 126
   0.29999E+09     1.1019 0.02665    0.9138  162.0441  322.7733  252.2685     1.1313    29 126
   0.29999E+09     1.1371 0.05053    0.9859  171.0371  309.2060  118.1171     1.1945    30 126
   0.29999E+09     1.0933 0.04586    1.3471  167.3261   13.8519  223.8223     1.1434     1 127
   0.29999E+09     1.1110 0.03999    0.6728  163.3569  356.4817  338.2462     1.1554     2 127
   0.29999E+09     1.1506 0.05651    1.0482  123.1253   44.4993   60.1061     1.2156     5 127
   0.29999E+09     1.1572 0.04948    0.5997  206.1118  323.7752  307.0634     1.2145     9 127
   0.29999E+09     1.1167 0.01718    0.9599  158.5250  339.3804   56.8534     1.1358    11 127
   0.29999E+09     1.1655 0.02496    0.9041  206.3599   25.3753  248.6362     1.1946    12 127
   0.29999E+09     1.1555 0.07266    0.6909  133.3035   16.6659   36.1615     1.2395    14 127
   0.29999E+09     1.1017 0.05471    0.8493  172.5978  354.5465   96.0278     1.1620    20 127
   0.29999E+09     1.1112 0.03785    1.3006  183.7579  346.5394  221.7581     1.1533    24 127
   0.29999E+09     1.1576 0.04226    1.0785  106.5076   21.3687  320.2879     1.2065    28 127
   0.29999E+09     1.1835 0.07401    7.3030  297.5487  242.2872  143.6211     1.2711     3 128
   0.29999E+09     1.1419 0.05481    1.6354  174.8839  359.1201  278.2707     1.2045     4 128
   0.29999E+09     1.1362 0.03736    0.5970  156.3715  332.1587   54.6198     1.1786     6 128
   0.29999E+09     1.2127 0.03416    2.0014  181.1696  335.2156  271.2586     1.2541     7 128
   0.29999E+09     1.1251 0.03765    1.5431  135.8159   24.5582  318.7363     1.1675    11 128
   0.29999E+09     1.1324 0.03936    0.9844  170.7262  336.0933  162.2309     1.1770    13 128
   0.29999E+09     1.1329 0.01423    0.4688  114.9804  355.4968  251.5143     1.1490    22 128
   0.29999E+09     1.0930 0.03131    1.4064  173.4937   24.4763  325.6502     1.1272    23 128
   0.29999E+09     1.1265 0.01787    1.0514  136.2273  110.5955  178.1710     1.1466    26 128
   0.29999E+09     1.1085 0.04161    1.3421  192.9590  257.3240   67.7621     1.1547    27 128
   0.29999E+09     1.1314 0.03114    1.2690  165.8332   22.0066  100.2728     1.1666    28 128
   0.29999E+09     1.1247 0.02639    1.4904  205.5707  255.7926  143.8163     1.1543    29 128
   0.29999E+09     1.1461 0.04791    0.8579  174.8638  324.9897  134.0874     1.2010    30 128
   0.29999E+09     1.1696 0.05324    0.2183  174.1439   13.6307  280.1744     1.2319     1 129
   0.29999E+09     1.1443 0.01965    0.5450   27.4378  169.0908   41.8508     1.1668     6 129
   0.29999E+09     1.1233 0.01865    1.4546  204.4912  326.5874  287.7668     1.1442     7 129
   0.29999E+09     1.1150 0.03420    0.6253   78.9950  105.1404  267.1736     1.1531    10 129
   0.29999E+09     1.1132 0.01344    0.5595  219.3769  336.6066  271.8256     1.1282    11 129
   0.29999E+09     1.1494 0.05580    1.1070  162.7817  350.6149  136.0969     1.2136    14 129
   0.29999E+09     1.1135 0.05275    1.0862  207.0358  284.4227   83.3692     1.1722    15 129
   0.29999E+09     1.2135 0.03316    0.8521  293.5409  254.9793  220.3443     1.2537    16 129
   0.29999E+09     1.1755 0.04674    1.4538  169.2518  347.8749  101.6662     1.2305    21 129
   0.29999E+09     1.0784 0.03938    0.7278  144.6498   32.1154  259.6105     1.1208    24 129
   0.29999E+09     1.1581 0.02311    0.5720  183.1174  319.3827   58.1514     1.1849    25 129
   0.29999E+09     1.1259 0.01416    0.3478   53.1222  292.9118  175.0170     1.1419    26 129
   0.29999E+09     1.0895 0.04322    0.7224  150.3891   14.9229   64.4611     1.1366    29 129
   0.29999E+09     1.1691 0.05002    0.7431  129.6283   50.1677  346.9623     1.2275     1 130
   0.29999E+09     1.1377 0.00564    1.1149  159.8950  347.5150  340.8204     1.1441     2 130
   0.29999E+09     1.0765 0.01988    1.1521  155.6556   32.0019  292.8044     1.0979     4 130
   0.29999E+09     1.1314 0.02503    0.3664  311.3075  185.2087  312.2633     1.1597    12 130
   0.29999E+09     1.0951 0.05375    1.0065  162.7304  345.2368   90.5203     1.1540    13 130
   0.29999E+09     1.1109 0.06106    0.3917  246.9559  274.1083  246.2975     1.1788    14 130
   0.29999E+09     1.0910 0.03814    1.0945  174.4875  336.0488  257.6357     1.1327    19 130
   0.29999E+09     1.1327 0.01651    1.5717  181.7198   24.0459  299.7409     1.1514    28 130
   0.29999E+09     1.1635 0.05050    0.4433  123.6410   54.1312   51.8310     1.2222     5 131
   0.29999E+09     1.0660 0.04483    1.2356  125.7818   87.5918  351.3544     1.1138    11 131
   0.29999E+09     1.1201 0.02455    0.2374  174.5748   13.4536  283.2732     1.1476    12 131
   0.29999E+09     1.1019 0.03537    1.0670  143.0461   13.6314  259.1504     1.1409    13 131
   0.29999E+09     1.1538 0.04446    0.6787  165.2027   25.2000   54.3641     1.2050    18 131
   0.29999E+09     1.0940 0.04300    1.8150  153.4944   45.1732  188.6608     1.1411    20 131
   0.29999E+09     1.1324 0.05296    1.3966  182.7084   45.8663  339.1236     1.1923    30 131
   0.29999E+09     1.1103 0.03947    1.2658  204.1031  309.4367  195.2206     1.1541     5 132
   0.29999E+09     1.1671 0.01903    1.5157  173.7844  303.5391  269.1106     1.1893     8 132
   0.29999E+09     1.1219 0.04762    1.3048  166.3853   45.5190  146.9918     1.1753    12 132
   0.29999E+09     1.1530 0.04109    0.9955  197.6527  317.3473  178.1964     1.2004    13 132
   0.29999E+09     1.1238 0.04963    1.5085  108.6250   90.1153  184.3128     1.1796    15 132
   0.29999E+09     1.1422 0.01603    0.2392  130.0791   59.9071  206.0728     1.1605    17 132
   0.29999E+09     1.1559 0.02164    0.4811  118.1753  357.3930   44.2540     1.1810    18 132
   0.29999E+09     1.1505 0.03297    1.0539  171.8418   11.1727   33.0929     1.1884    25 132
   0.29999E+09     1.1205 0.04879    1.5504  177.2800   11.8852   32.1157     1.1752    26 132
   0.29999E+09     1.1267 0.01866    1.0759  150.3821   70.0501  142.3375     1.1477    30 132
   0.29999E+09     1.1355 0.02858    0.5995  172.4788   22.3709   87.5186     1.1680     2 133
   0.29999E+09     1.1224 0.06634    1.8613  185.6846  331.6190  193.8121     1.1968     5 133
   0.29999E+09     1.0510 0.02781    1.7942  161.9786  307.5686  241.8626     1.0802     9 133
   0.29999E+09     1.1291 0.02363    2.4354   54.3811  125.5247  271.8819     1.1558    10 133
   0.29999E+09     1.1386 0.05328    1.3132  185.3758    2.5604  144.8815     1.1992    12 133
   0.29999E+09     1.0677 0.03400    0.9783  160.3449   12.4298   78.8194     1.1040    16 133
   0.29999E+09     1.1641 0.02689    0.2442  188.7388  325.2984  334.1011     1.1955    20 133
   0.29999E+09     1.1203 0.06228    1.2453  154.2455   19.5912  223.9115     1.1901    25 133
   0.29999E+09     1.1339 0.02256    0.6832  119.0269   12.5876  232.5886     1.1595    26 133
   0.29999E+09     1.1719 0.06277    1.8548  342.6453  228.7421   40.7431     1.2455    30 133
   0.29999E+09     1.1133 0.04800    0.7440  152.7025  345.0699  217.6762     1.1668     2 134
   0.29999E+09     1.2154 0.06247    2.7890  134.3867   45.9830  135.8295     1.2913     3 134
   0.29999E+09     1.0979 0.04419    0.9963  165.0293   44.8781  124.5078     1.1464     5 134
   0.29999E+09     1.1411 0.04237    1.1378  135.3995   28.3857  119.8004     1.1894    10 134
   0.29999E+09     1.0965 0.01840    0.8800  202.0068  269.3790  140.3484     1.1167    13 134
   0.29999E+09     1.0761 0.04281    0.4148  105.2320   52.5658   81.1334     1.1221    17 134
   0.29999E+09     1.1688 0.02869    0.0840  243.2739  286.9392   57.3415     1.2023    19 134
   0.29999E+09     1.1811 0.03542    1.2916  228.2613  304.2624  287.7037     1.2229    23 134
   0.29999E+09     1.2139 0.02521    1.1724  291.8722  279.0280   68.1215     1.2445    27 134
   0.29999E+09     1.1314 0.04879    1.3619  164.1260  303.9016  306.8055     1.1866    28 134
   0.29999E+09     1.1064 0.04404    0.9925  167.2182   20.6514   81.4880     1.1552     1 135
   0.29999E+09     1.1335 0.03210    0.6213  251.4650  225.6441  119.4656     1.1699     3 135
   0.29999E+09     1.1160 0.03064    0.2581  208.1651  269.2101  280.6538     1.1502    13 135
   0.29999E+09     1.0732 0.01794    0.3277  145.9770  300.4554   23.2337     1.0925    18 135
   0.29999E+09     1.1198 0.05355    0.9167  152.5672   13.7374  265.6524     1.1798    21 135
   0.29999E+09     1.1507 0.04178    1.2227  154.6121   31.7177  151.7239     1.1988    22 135
   0.29999E+09     1.1574 0.04342    0.7492  154.6427  354.7942  103.9600     1.2077     2 136
   0.29999E+09     1.1161 0.05758    0.8592  156.6937  359.4596   81.6052     1.1803     3 136
   0.29999E+09     1.1917 0.06628    1.4880   90.7250  124.1909  211.3760     1.2707     7 136
   0.29999E+09     1.1367 0.02434    1.2110  167.6451   20.9842  160.8342     1.1644    12 136
   0.29999E+09     1.0960 0.01095    0.8894  193.7624    4.0680  161.8708     1.1080    15 136
   0.29999E+09     1.2145 0.02967    2.1515  247.6029  341.5396   44.3638     1.2506    18 136
   0.29999E+09     1.1200 0.02748    1.9089  133.7802  304.1192  301.6047     1.1508    30 136
   0.29999E+09     1.1579 0.04455    0.8706  183.2861  359.0085  195.9714     1.2095     1 137
   0.29999E+09     1.1103 0.03218    1.4086  147.5056   37.5960  298.8841     1.1460     3 137
   0.29999E+09     1.0813 0.04977    0.9462  180.0251  348.3655   44.3511     1.1351     7 137
   0.29999E+09     1.1406 0.02941    1.4606  161.9096  344.1773  264.2953     1.1741     8 137
   0.29999E+09     1.1663 0.06529    0.5135  225.2092  304.0304  259.3776     1.2425    12 137
   0.29999E+09     1.2127 0.01789    1.5974  325.3414  175.6713  109.4545     1.2344    15 137
   0.29999E+09     1.2130 0.03454    2.0309  245.6165  256.4144  340.3188     1.2549    16 137
   0.29999E+09     1.0759 0.04074    1.0451  164.9472  349.8741   43.6771     1.1197    18 137
   0.29999E+09     1.1357 0.02085    0.8090  167.8815   10.5526  196.2591     1.1594    21 137
   0.29999E+09     1.2137 0.05232    2.7157  256.2419  260.3857  186.3181     1.2772    22 137
   0.29999E+09     1.0929 0.04385    0.8824  178.9987  325.9835  265.6167     1.1409    24 137
   0.29999E+09     1.1137 0.04550    1.7032  149.5571   38.0174  266.9263     1.1643    26 137
   0.29999E+09     1.1582 0.03707    0.4524   57.4429  106.8412  210.1258     1.2011    29 137
   0.29999E+09     1.1238 0.02633    0.6033  189.4584   12.4822  310.6797     1.1534     1 138
   0.29999E+09     1.1534 0.02363    0.7821  151.6505   15.7728  164.2550     1.1807     4 138
   0.29999E+09     1.1499 0.00843    1.7669  157.9766  293.6170  278.8367     1.1596     6 138
   0.29999E+09     1.1015 0.04018    1.8223  165.1565   29.9253  128.8171     1.1457    10 138
   0.29999E+09     1.0565 0.03183    0.6671  111.3801   73.5705  324.9818     1.0902    11 138
   0.29999E+09     1.0654 0.01642    0.8710  168.9521  147.3221  332.0606     1.0829    12 138
   0.29999E+09     1.1549 0.01042    1.1123  161.8091   60.9592  154.8151     1.1669    14 138
   0.29999E+09     1.0465 0.01142    1.6352  164.5295   95.7630   57.7718     1.0585    15 138
   0.29999E+09     1.1352 0.03513    1.2368  174.5386   68.7111  328.4662     1.1751    16 138
   0.29999E+09     1.0726 0.03638    0.5509  120.8617  110.4992  256.9411     1.1116    18 138
   0.29999E+09     1.1304 0.01348    0.6700  116.4199   52.1961  230.9506     1.1456    19 138
   0.29999E+09     1.0512 0.04407    0.9459  163.6742    1.8381  324.2084     1.0976    21 138
   0.29999E+09     1.1851 0.04813    3.9874  276.2848  340.4168  137.6900     1.2422    23 138
   0.29999E+09     1.0731 0.04028    1.0671  169.7663  301.8770  353.1582     1.1163    24 138
   0.29999E+09     1.1267 0.03518    1.4962  150.5766    1.0734   80.2941     1.1664    26 138
   0.29999E+09     1.1048 0.03388    0.8684  160.9308   37.2900  122.9409     1.1422     1 139
   0.29999E+09     1.1808 0.04309    1.8472  140.2127   38.6945   59.8502     1.2317     3 139
   0.29999E+09     1.1050 0.04181    1.0485  186.4808  313.5877  127.8625     1.1512     5 139
   0.29999E+09     1.1103 0.02247    1.4269  171.5412  311.0888   16.6313     1.1352    13 139
   0.29999E+09     1.1454 0.03156    1.2066  155.8728    2.3053  163.8242     1.1816    16 139
   0.29999E+09     1.1355 0.03083    1.5338  143.3387  356.3694  258.9552     1.1705    17 139
   0.29999E+09     1.0721 0.03499    1.6248  193.3308  358.1339   46.9122     1.1097    19 139
   0.29999E+09     1.1542 0.03681    0.4767   94.9706   48.3090   17.7131     1.1967    20 139
   0.29999E+09     1.1264 0.06099    0.9283  198.3233  327.3221  295.7435     1.1951    22 139
   0.29999E+09     1.1099 0.02847    1.3944  187.7583  321.3177  359.4523     1.1415    23 139
   0.29999E+09     1.0691 0.03431    1.0276  136.0365   32.6322  153.2315     1.1058    26 139
   0.29999E+09     1.1683 0.03481    0.6555  187.4101  333.9166   54.7517     1.2090    28 139
   0.29999E+09     1.0507 0.00443    0.8869  115.4410   23.6989  307.9683     1.0554    29 139
   0.29999E+09     1.1096 0.03248    0.9875  167.6214  342.4610  193.6858     1.1457     1 140
   0.29999E+09     1.1064 0.02329    0.5514  245.7315  259.4548  300.0323     1.1321     4 140
   0.29999E+09     1.1726 0.01684    1.9762  173.8331   50.2151  141.1306     1.1923     7 140
   0.29999E+09     1.1554 0.04101    0.5349  126.9066   36.4315   51.8477     1.2027    15 140
   0.29999E+09     1.1807 0.02345    1.5494  126.4553   46.4548  150.6921     1.2084    16 140
   0.29999E+09     1.1102 0.02527    0.7952  138.2018  354.2790   18.3354     1.1383    20 140
   0.29999E+09     1.1133 0.05501    0.8489  133.1566   45.8755  252.5013     1.1746    26 140
   0.29999E+09     1.1531 0.01112    1.1920  202.0213  327.3833  351.6396     1.1659    29 140
   0.29999E+09     1.1735 0.04681    1.4167  130.3239   38.1441  258.4437     1.2284     1 141
   0.29999E+09     1.0957 0.03574    0.7097  163.5989   63.0070  222.8478     1.1349     2 141
   0.29999E+09     1.0957 0.03518    1.0061  169.0006  322.4173  212.3436     1.1342     4 141
   0.29999E+09     1.1642 0.02571    0.1874  104.5127  136.3361   21.2658     1.1941     6 141
   0.29999E+09     1.1087 0.07923    1.0834  116.9826   54.5591    0.5867     1.1966     7 141
   0.29999E+09     1.1122 0.02940    0.4970  238.6563  250.5172  189.1636     1.1449    10 141
   0.29999E+09     1.1811 0.06841    0.8332  171.4275   42.6862  176.1430     1.2619    24 141
   0.29999E+09     1.0958 0.01497    1.7155  156.5393   16.7139  202.7878     1.1122    25 141
   0.29999E+09     1.0828 0.02044    0.9587  161.3392  355.4450   47.0669     1.1049    28 141
   0.29999E+09     1.1250 0.02929    0.9200  192.0676  287.4677  317.9134     1.1580    30 141
   0.29999E+09     1.1308 0.01279    1.1135  175.5546  300.0822  285.2932     1.1453     4 142
   0.29999E+09     1.0815 0.04284    1.5499  177.0038    1.6804  189.1898     1.1278     7 142
   0.29999E+09     1.1327 0.04507    0.1824   81.8108   41.5866   97.6062     1.1838    12 142
   0.29999E+09     1.1339 0.01298    0.5579  141.0112   25.2338  170.7836     1.1486    13 142
   0.29999E+09     1.0647 0.03068    0.3566   88.0681   40.3464   36.3625     1.0974    16 142
   0.29999E+09     1.2140 0.01003    1.2514  324.8493  297.1486  352.3659     1.2262    17 142
   0.29999E+09     1.2128 0.02387    2.1490  287.5164  232.1870  184.6426     1.2417    18 142
   0.29999E+09     1.1652 0.02057    0.7598  109.7529   93.0402   88.0949     1.1891    30 142
   0.29999E+09     1.1837 0.03202    2.6137   75.9908   27.4063  284.6521     1.2216     1 143
   0.29999E+09     1.0647 0.03741    1.0191  107.6040   78.3228  318.1181     1.1046     7 143
   0.29999E+09     1.1590 0.02380    1.1153  226.5514  304.8430   54.1498     1.1866     8 143
   0.29999E+09     1.1187 0.02283    1.6412  139.7397   66.4420   74.5692     1.1442    11 143
   0.29999E+09     1.0967 0.03392    1.4076  189.2947   13.6724   34.5760     1.1339    13 143
   0.29999E+09     1.1276 0.06477    1.6523  150.5142    9.0694  323.6081     1.2007    18 143
   0.29999E+09     1.1016 0.04983    1.5820  153.9819   19.8864  275.4631     1.1565    19 143
   0.29999E+09     1.1697 0.01482    1.7782  151.4508  316.8360   95.8147     1.1870    23 143
   0.29999E+09     1.1419 0.04195    1.0796  168.4434   15.0293  108.3726     1.1898     2 144
   0.29999E+09     1.1140 0.04641    0.9402  183.1835  325.6274  154.4426     1.1657    17 144
   0.29999E+09     1.1247 0.07143    1.6226  155.3917    4.2411  300.6571     1.2051    18 144
   0.29999E+09     1.1551 0.03940    1.5024  164.3775    2.2704   99.1930     1.2006    19 144
   0.29999E+09     1.1506 0.04121    1.3120  200.5257  347.7684  108.8506     1.1980    20 144
   0.29999E+09     1.1034 0.03867    0.9601  164.2841  350.4674  299.2414     1.1461    26 144
   0.29999E+09     1.1658 0.04488    0.2875    6.1130  201.0863   77.0681     1.2181     5 145
   0.29999E+09     1.1755 0.05165    2.1094  247.4803  325.8529  240.0586     1.2362     6 145
   0.29999E+09     1.1516 0.04672    1.0019  170.1645   25.3792   32.6924     1.2054    13 145
   0.29999E+09     1.1090 0.05539    0.8137  157.1316   51.5022  180.2201     1.1705    24 145
   0.29999E+09     1.0952 0.01635    1.1023  168.7700    9.8178  157.4522     1.1131    27 145
   0.29999E+09     1.2132 0.04358    1.4790  191.7455  343.1050  300.2854     1.2660     4 146
   0.29999E+09     1.0948 0.02835    0.9201  165.6753  356.1531  179.3483     1.1259     5 146
   0.29999E+09     1.1131 0.02589    0.7886  171.0623   35.5627  311.2666     1.1419    13 146
   0.29999E+09     1.1757 0.06477    1.7767  124.5155   41.6865  260.2988     1.2519    14 146
   0.29999E+09     1.1710 0.02915    2.5399  153.1670   59.8826  114.5696     1.2051    24 146
   0.29999E+09     1.1232 0.02694    1.6475  184.3592   23.6705  251.5007     1.1534    27 146
   0.29999E+09     1.1265 0.04401    1.3561  178.5113   38.7890  168.9867     1.1761    28 146
   0.29999E+09     1.1734 0.04209    0.7766   68.3376  111.8188  209.4288     1.2228    29 146
   0.29999E+09     1.0984 0.01463    1.8713  175.8243   34.1733  335.2570     1.1145     3 147
   0.29999E+09     1.1666 0.04384    0.7610  220.6564  337.7745  333.4073     1.2178     4 147
   0.29999E+09     1.1395 0.02215    0.9654  157.5055   24.6366  195.9823     1.1648     7 147
   0.29999E+09     1.1711 0.06390    1.0424   81.2779  114.9582  222.7797     1.2459     8 147
   0.29999E+09     1.1520 0.03843    1.0657  159.7414  322.9561  131.3173     1.1963    10 147
   0.29999E+09     1.1034 0.01715    0.6814  184.7524   35.9740   87.5813     1.1223    17 147
   0.29999E+09     1.1249 0.03172    0.4045   54.5083  140.5048  173.4594     1.1605    18 147
   0.29999E+09     1.1197 0.04801    0.9890  160.8088  331.9316  297.0939     1.1734    24 147
   0.29999E+09     1.1647 0.04843    0.5936  206.0961  332.5840  264.5175     1.2211    25 147
   0.29999E+09     1.0593 0.06396    1.6793  187.7549   15.9012  107.9673     1.1270    28 147
   0.29999E+09     1.1231 0.03111    0.8879  213.7553  319.7997   35.1116     1.1581     2 148
   0.29999E+09     1.1283 0.02495    0.8029  196.5099  357.4452    6.8562     1.1564     4 148
   0.29999E+09     1.1279 0.03624    1.2607  180.9351  331.0942   82.8826     1.1688     7 148
   0.29999E+09     1.0941 0.03343    1.8477  165.5798  331.9506  135.7005     1.1307    13 148
   0.29999E+09     1.0971 0.02730    0.8760  112.5719   61.4392  105.6097     1.1270    16 148
   0.29999E+09     1.1226 0.04790    0.7907  158.3906    7.4362  147.3722     1.1764    19 148
   0.29999E+09     1.1004 0.03960    0.8838   93.7915   63.1704  196.0956     1.1440    21 148
   0.29999E+09     1.1117 0.01206    1.1741  212.1402  283.8730   60.6628     1.1251    25 148
   0.29999E+09     1.1640 0.04577    1.4450  191.3093  298.6863  203.2731     1.2173    26 148
   0.29999E+09     1.1349 0.03948    1.2157  160.5131   33.2679  267.6112     1.1797    28 148
   0.29999E+09     1.1539 0.04010    0.9798  184.1422  280.7366  318.8139     1.2001    30 148
   0.29999E+09     1.1442 0.03610    0.6407  182.5240  340.3128  145.7959     1.1855     2 149
   0.29999E+09     1.1501 0.00761    0.6257  150.1011   24.0305  188.9595     1.1588     5 149
   0.29999E+09     1.1453 0.04504    0.3089  355.1205  163.5016  338.7095     1.1969     9 149
   0.29999E+09     1.1562 0.03115    0.9716  165.7491   27.3021  329.4652     1.1922    10 149
   0.29999E+09     1.0797 0.00376    1.2475  152.0150   42.9581   88.9960     1.0838    11 149
   0.29999E+09     1.1445 0.04490    0.5370  222.0632  276.2996  144.4418     1.1959    13 149
   0.29999E+09     1.1551 0.06207    1.1445  145.4166   45.1428  127.4516     1.2268    18 149
   0.29999E+09     1.1295 0.03284    0.7146  126.8015  321.4577   66.3176     1.1666    24 149
   0.29999E+09     1.0917 0.01817    1.7982  240.4588  335.1740  356.2628     1.1116    26 149
   0.29999E+09     1.1541 0.04569    1.6836  192.6077  325.8296  284.9305     1.2068    29 149
   0.29999E+09     1.1263 0.03848    0.9579  224.7391  322.2653  169.5090     1.1696     2 150
   0.29999E+09     1.1033 0.02563    1.0516  158.5927  340.3170   61.2875     1.1316    21 150
   0.29999E+09     1.1199 0.06015    0.7895  168.4116  314.4443  352.7400     1.1872    22 150
   0.29999E+09     1.1782 0.05885    1.7649  151.9546   11.2164  234.1564     1.2475    23 150
   0.29999E+09     1.1642 0.02411    0.4272  346.8020   63.2169  103.3333     1.1923    24 150
   0.29999E+09     1.0778 0.03624    1.0436  169.8989  352.8435  101.5634     1.1169    29 150
   0.29999E+09     1.1364 0.02428    1.6742  181.9447  325.8190   42.4829     1.1640    30 150
   0.29999E+09     1.1326 0.04122    1.0977  145.2969  323.5629  103.5712     1.1793     1 151
   0.29999E+09     1.2195 0.03700    0.4098  235.4298  259.7656   60.7038     1.2646     7 151
   0.29999E+09     1.1784 0.02093    2.1940   62.8570  315.3254  258.6126     1.2030     9 151
   0.29999E+09     1.1657 0.02133    1.2095  161.2599   13.5974  295.7867     1.1905    17 151
   0.29999E+09     1.0939 0.03062    0.6377  149.1553   10.7030  358.4180     1.1274    18 151
   0.29999E+09     1.1323 0.05343    1.2970  146.5730   16.1288  124.0308     1.1928    27 151
   0.29999E+09     1.1212 0.02333    1.2907  175.7251  344.9477  260.1017     1.1473    29 151
   0.29999E+09     1.0833 0.03815    1.7346  142.1123    8.3826   98.3424     1.1246    30 151
   0.29999E+09     1.1692 0.02255    1.3992  175.1156   51.1330    8.0588     1.1956     1 152
   0.29999E+09     1.0832 0.03038    0.6225  240.8795  314.7191  252.4816     1.1161     3 152
   0.29999E+09     1.0929 0.01784    1.0209  144.9395   78.7053   92.0126     1.1124    12 152
   0.29999E+09     1.1586 0.04800    0.3793  183.3744  339.0848  260.9673     1.2142    14 152
   0.29999E+09     1.1538 0.07288    1.2983  155.3947  351.3692  294.4149     1.2379    21 152
   0.29999E+09     1.1315 0.02626    1.2285  195.8445  334.5082   30.2866     1.1612    26 152
   0.29999E+09     1.1036 0.03097    1.8646  191.0910   12.2392  221.4547     1.1377    27 152
   0.29999E+09     1.1377 0.04722    0.8343  152.0253   46.6289  201.8639     1.1914    28 152
   0.29999E+09     1.1391 0.03536    1.3730  124.3875   25.1892  105.4970     1.1793     2 153
   0.29999E+09     1.1637 0.06667    1.1434   76.1650   78.0901  212.1675     1.2412     3 153
   0.29999E+09     1.1235 0.00930    0.7105  168.4122  347.3342   69.8285     1.1339     4 153
   0.29999E+09     1.1679 0.03521    1.3190  175.8420  260.7770   54.8654     1.2090     5 153
   0.29999E+09     1.1254 0.02444    1.1235  180.4798  304.6761   98.9228     1.1529     6 153
   0.29999E+09     1.1343 0.03229    1.7027  166.3753  317.6839    9.7492     1.1710     9 153
   0.29999E+09     1.2091 0.05800    3.9692  306.2948  206.8250  236.0687     1.2792    12 153
   0.29999E+09     1.1386 0.05033    0.9716  200.7290  311.9997  214.3182     1.1959    16 153
   0.29999E+09     1.0664 0.06323    0.6969  138.5750   27.8362  302.2177     1.1338    19 153
   0.29999E+09     1.0911 0.02000    1.3692  147.3907  351.3833  140.0803     1.1129    20 153
   0.29999E+09     1.0826 0.04238    0.9989  162.2989    0.1081  314.9822     1.1285    23 153
   0.29999E+09     1.1563 0.02564    0.3235   87.7970   67.0600   33.2865     1.1859    25 153
   0.29999E+09     1.1694 0.06810    5.8684   86.5656  346.6825  191.2704     1.2490    26 153
   0.29999E+09     1.1752 0.02115    1.0332  209.4142  298.6004  140.5050     1.2001    27 153
   0.29999E+09     1.2096 0.01848    2.2296  201.5087  345.1764   14.6273     1.2320     3 154
   0.29999E+09     1.2127 0.00929    1.5264  311.3078  205.6873  226.9481     1.2240     4 154
   0.29999E+09     1.1166 0.03980    0.4546  151.9878   52.9087  286.0913     1.1610     6 154
   0.29999E+09     1.1325 0.01878    1.2353  164.4160  333.5199  234.0050     1.1537     7 154
   0.29999E+09     1.0470 0.01993    1.0102  162.2955    1.3118  301.3846     1.0679    10 154
   0.29999E+09     1.1238 0.04345    1.0219  165.6001   47.3639  213.0077     1.1727    13 154
   0.29999E+09     1.1151 0.03865    0.6168  110.2934   76.0772  145.0671     1.1582    15 154
   0.29999E+09     1.0609 0.01466    1.0755  160.5379   39.0039  359.7438     1.0765    16 154
   0.29999E+09     1.2092 0.03526    2.9962  178.8282  321.4415  284.0483     1.2519    21 154
   0.29999E+09     1.1390 0.01915    1.2993  145.9462   92.7548  182.4141     1.1609    23 154
   0.29999E+09     1.1242 0.04055    0.7681  123.4747   23.1765  147.6919     1.1697    27 154
   0.29999E+09     1.1262 0.01225    0.8421  195.8728   27.9790  218.5984     1.1400     2 155
   0.29999E+09     1.1051 0.05741    1.4683  142.2125   28.5801   98.2213     1.1685     4 155
   0.29999E+09     1.1299 0.03209    1.1896  138.1594   36.8635  214.4389     1.1661     8 155
   0.29999E+09     1.0813 0.04054    1.2075  172.7523  323.9418   67.5631     1.1251     9 155
   0.29999E+09     1.1371 0.01444    0.6247  207.1819  344.2811  322.1290     1.1535    17 155
   0.29999E+09     1.1676 0.05216    0.3275   86.3806  107.1837   94.2017     1.2285    20 155
   0.29999E+09     1.2089 0.02115    4.7808  157.8214  317.8744   53.3453     1.2345    21 155
   0.29999E+09     1.1054 0.01629    1.7989  166.3183  325.9264  160.2517     1.1234    24 155
   0.29999E+09     1.1520 0.03411    0.1788    7.0060  148.9054   54.6912     1.1913    25 155
   0.29999E+09     1.0994 0.02160    0.2700  158.0122   24.8509  115.4170     1.1231    26 155
   0.29999E+09     1.1354 0.04095    1.3786  187.9166  340.3637  312.6122     1.1818     2 156
   0.29999E+09     1.0796 0.01187    1.3428  157.7894   33.7213  221.9303     1.0924    10 156
   0.29999E+09     1.1190 0.02788    0.9708  126.5830  324.9937  314.6217     1.1502    11 156
   0.29999E+09     1.1136 0.01301    1.3908  162.5309  349.2035  110.8118     1.1281    16 156
   0.29999E+09     1.1669 0.00881    0.6922  200.4372  196.8929  125.2891     1.1772    17 156
   0.29999E+09     1.0791 0.02976    0.6551  112.4371   98.8605   16.8678     1.1112    19 156
   0.29999E+09     1.0660 0.05303    0.6388  213.0254  319.7635  184.6156     1.1225    27 156
   0.29999E+09     1.1183 0.03788    1.2330  144.1141   44.1694  339.1932     1.1607    28 156
   0.29999E+09     1.0989 0.03292    0.9775  160.6790  317.6841   31.6496     1.1351    29 156
   0.29999E+09     1.0606 0.02308    0.8483  156.3034   29.9480  261.9246     1.0851     5 157
   0.29999E+09     1.2091 0.01919    2.1894  204.8351  351.0772  242.5674     1.2323    13 157
   0.29999E+09     1.1699 0.03486    1.1048  166.1613   11.2719  300.5968     1.2107    17 157
   0.29999E+09     1.1648 0.07568    1.3968  157.6536    6.1135  176.0988     1.2530    19 157
   0.29999E+09     1.1354 0.03629    1.1998  158.8567    4.5636  148.3069     1.1766    21 157
   0.29999E+09     1.1393 0.01964    1.9419  175.1316   67.2488  288.8595     1.1617    26 157
   0.29999E+09     1.1394 0.06553    0.3270  100.4902   52.1425  154.6194     1.2141    27 157
   0.29999E+09     1.1168 0.04212    1.0520  217.4462  331.8946    2.2498     1.1638    28 157
   0.29999E+09     1.1331 0.02764    0.6604  202.5498  345.2383  208.3059     1.1644    29 157
   0.29999E+09     1.0974 0.00953    1.1748  154.9022  345.3913  300.5036     1.1078    30 157
   0.29999E+09     1.1425 0.01890    1.0245  147.8746   48.8824  175.5095     1.1641     4 158
   0.29999E+09     1.1247 0.01941    0.9121  194.3290  328.7129  145.2990     1.1465    15 158
   0.29999E+09     1.1790 0.02850    0.9401  251.6312  132.6120  175.5859     1.2126    17 158
   0.29999E+09     1.0596 0.01923    1.7457  181.9851   44.7449  235.7499     1.0800    19 158
   0.29999E+09     1.1036 0.03821    0.6893  199.5174  356.0579  305.1094     1.1457    24 158
   0.29999E+09     1.0633 0.02503    1.9665  164.1411    8.0834   25.2883     1.0899    25 158
   0.29999E+09     1.1168 0.04204    1.0700  136.5644  336.7242   92.0314     1.1638    30 158
   0.29999E+09     1.1591 0.03258    0.9207  138.1859   38.1703  155.2135     1.1969     7 159
   0.29999E+09     1.1252 0.02072    0.9276  213.7733  340.9131   55.9556     1.1486     8 159
   0.29999E+09     1.1298 0.03690    0.1464  286.8185  235.7971   26.0693     1.1715    10 159
   0.29999E+09     1.1414 0.02975    0.8648  227.2354  207.0831  106.8234     1.1753    12 159
   0.29999E+09     1.1234 0.02918    0.9939  165.2410  333.3742  127.6526     1.1562    14 159
   0.29999E+09     1.1032 0.01915    1.2589  160.8594  352.1756  312.0716     1.1243    15 159
   0.29999E+09     1.1264 0.03668    1.3269  198.1182  348.1433  114.9374     1.1678    29 159
   0.29999E+09     1.2155 0.03710    3.3751  285.5028  259.6428  269.9693     1.2606     5 160
   0.29999E+09     1.1557 0.02907    1.5421  131.2973    7.3777  291.1842     1.1893     6 160
   0.29999E+09     1.0659 0.02263    1.1305  216.2810  129.1590  304.7142     1.0900     8 160
   0.29999E+09     1.2096 0.03877    2.9168  152.9463   24.1820  150.6721     1.2565     9 160
   0.29999E+09     1.1163 0.05487    1.0946  171.1611  327.6230  195.2693     1.1776    13 160
   0.29999E+09     1.2079 0.04811    3.9168  276.4974  297.6530  100.2541     1.2660    15 160
   0.29999E+09     1.1760 0.07165    2.3385   95.2676   67.5059  128.2648     1.2602    23 160
   0.29999E+09     1.1533 0.05085    1.3553  161.4836    8.9115  119.9306     1.2120    28 160
   0.29999E+09     1.1078 0.02881    0.5309  190.4426   20.8706  351.2694     1.1397    29 160
   0.29999E+09     1.1682 0.04969    0.4188  151.5154   17.5988  211.7179     1.2263     3 161
   0.29999E+09     1.1444 0.03825    1.4517  207.0141  284.9774   75.2453     1.1881     8 161
   0.29999E+09     1.1337 0.03432    1.2197  172.6732  345.9379   58.9262     1.1726     9 161
   0.29999E+09     1.1153 0.02752    0.9535  141.6731   51.8197  126.7697     1.1460    13 161
   0.29999E+09     1.0509 0.05130    0.9620  162.9476   40.5090   86.9237     1.1049    15 161
   0.29999E+09     1.1549 0.01761    1.0086  242.2958  268.6287  245.2355     1.1753    18 161
   0.29999E+09     1.1752 0.07544    4.9401  140.9872  338.4794   53.8480     1.2638    20 161
   0.29999E+09     1.1115 0.03932    0.2417  196.6980  318.2757  148.8258     1.1552    22 161
   0.29999E+09     1.0916 0.04221    0.7661  179.4503  358.2705  124.1074     1.1377    25 161
   0.29999E+09     1.1029 0.01610    0.9091  206.6189  346.5111  123.0992     1.1207     1 162
   0.29999E+09     1.1526 0.01571    0.7249  190.6796   97.0630   80.7702     1.1707     2 162
   0.29999E+09     1.1295 0.02435    1.7396  187.0482  258.1191  292.8376     1.1570    16 162
   0.29999E+09     1.1697 0.05021    1.1811  143.9228   30.2130  152.0388     1.2284    18 162
   0.29999E+09     1.1828 0.03390    2.6716  116.5881   51.8923  353.1270     1.2229    20 162
   0.29999E+09     1.1390 0.03413    0.1899  153.4443  347.5755  132.3486     1.1778    21 162
   0.29999E+09     1.1446 0.02426    0.4051  249.8639  217.4933  234.7076     1.1724    29 162
   0.29999E+09     1.1496 0.03874    0.8388  140.5503   46.7224  158.0017     1.1941    30 162
   0.29999E+09     1.0845 0.03093    0.5306  191.0423    7.5664  333.0056     1.1180     1 163
   0.29999E+09     1.1505 0.04598    1.6096  186.5582  329.4744   87.7285     1.2033     4 163
   0.29999E+09     1.1572 0.04894    0.6779  144.3319   12.7397  264.5448     1.2138     5 163
   0.29999E+09     1.1101 0.00658    1.3287  226.7618  275.5919  151.1404     1.1174    10 163
   0.29999E+09     1.0755 0.01704    0.9733  191.2067  313.5838  204.6451     1.0938    12 163
   0.29999E+09     1.1546 0.00455    1.1666   94.1323   82.4687  315.4336     1.1599    13 163
   0.29999E+09     1.1062 0.02231    1.0371  171.3260   24.0811  185.4116     1.1309    15 163
   0.29999E+09     1.1390 0.01457    0.8244  181.7904    7.5735  207.8840     1.1556    17 163
   0.29999E+09     1.2142 0.03121    2.6371  223.8981   26.6743  291.4518     1.2521    18 163
   0.29999E+09     1.0613 0.02388    1.5476  144.3075   27.5277  195.3536     1.0866    22 163
   0.29999E+09     1.1416 0.05796    0.8776  146.3081  332.6761  312.7167     1.2078    25 163
   0.29999E+09     1.0775 0.02084    0.8444  152.2539   44.0323  252.2157     1.1000    27 163
   0.29999E+09     1.1365 0.03638    0.5526  180.5529  329.9728   42.6582     1.1779    28 163
   0.29999E+09     1.1427 0.02063    0.9540  193.2328   22.8654  270.4279     1.1663     2 164
   0.29999E+09     1.0727 0.05540    1.9897  171.2255  350.2561  200.4929     1.1321     9 164
   0.29999E+09     1.0509 0.03841    0.3795  186.7071  348.1705  181.8582     1.0913    11 164
   0.29999E+09     1.1683 0.03041    0.9169  202.8296  327.5097   84.4956     1.2038    12 164
   0.29999E+09     1.1247 0.01505    0.2633  236.3846  269.5740  239.1335     1.1416    13 164
   0.29999E+09     1.1401 0.03826    1.2851  158.3037  347.0334  190.5534     1.1837    14 164
   0.29999E+09     1.1373 0.04141    0.8957  216.1142  300.4033   72.5606     1.1844    15 164
   0.29999E+09     1.1198 0.02974    1.5538  184.7353  341.1259  157.6399     1.1531    19 164
   0.29999E+09     1.1525 0.01947    1.1900  165.2378   26.3080  143.7170     1.1749    20 164
   0.29999E+09     1.1091 0.05965    1.7149  166.6323  322.9912  199.5842     1.1753    22 164
   0.29999E+09     1.1666 0.04878    1.2318  156.9532  348.7363  257.0049     1.2235    30 164
   0.29999E+09     1.1375 0.02831    1.4683  206.2342  292.5250  323.8689     1.1697     4 165
   0.29999E+09     1.1664 0.03320    0.9203  200.3778   19.0840  195.4898     1.2051     9 165
   0.29999E+09     1.0778 0.03180    0.8869  161.8651    0.6257  351.4773     1.1120    20 165
   0.29999E+09     1.0720 0.05577    0.7625  193.0115   24.8186   47.1054     1.1318    21 165
   0.29999E+09     1.1361 0.05220    0.2655  317.0136  226.6152  148.7549     1.1954    26 165
   0.29999E+09     1.1082 0.03875    1.4387  140.5067   86.5273    4.4119     1.1512    27 165
   0.29999E+09     1.1575 0.02966    0.0586   22.6322   82.7433   62.3665     1.1918    30 165
   0.29999E+09     1.2134 0.01802    0.3121  312.0776  188.2202  344.2621     1.2352     1 166
   0.29999E+09     1.1055 0.04806    1.4846  153.5720   10.8294   33.4477     1.1586     2 166
   0.29999E+09     1.1781 0.02689    1.6416  159.2949   67.9314  248.8411     1.2098     3 166
   0.29999E+09     1.1409 0.02561    1.6160  182.0475  263.2328  154.2565     1.1701     6 166
   0.29999E+09     1.1703 0.04673    1.4425  151.0104   42.7848  156.9137     1.2250     7 166
   0.29999E+09     1.1656 0.02745    1.7198  152.7848   47.4425  248.4018     1.1976    13 166
   0.29999E+09     1.0602 0.02932    0.9915  167.5578  327.0374  279.3990     1.0913    14 166
   0.29999E+09     1.0893 0.01433    0.9798  167.7380  337.3359  359.6106     1.1050    16 166
   0.29999E+09     1.1570 0.01119    1.5971  199.3795    7.3452   53.1752     1.1699    18 166
   0.29999E+09     1.1393 0.03104    1.9138  158.8033  298.6462   16.8242     1.1747     2 167
   0.29999E+09     1.1262 0.06944    0.8016  162.5750  346.3085  358.3945     1.2045     5 167
   0.29999E+09     1.1040 0.01360    0.4729  242.6264  264.2464    7.8157     1.1190     6 167
   0.29999E+09     1.1351 0.01126    1.2012  126.2032   72.0839  264.1380     1.1478    16 167
   0.29999E+09     1.1086 0.01603    0.6939  124.5469   83.2954   46.1182     1.1264    19 167
   0.29999E+09     1.1806 0.01346    1.6399  113.2592  122.5990  252.7972     1.1964    24 167
   0.29999E+09     1.1094 0.05638    0.2163  163.4175    3.5326  219.9063     1.1719    28 167
   0.29999E+09     1.0925 0.02679    1.0612  126.2361   83.4015  173.4718     1.1217    30 167
   0.29999E+09     1.1417 0.03298    1.6387  187.9249  315.1483  288.3437     1.1793     1 168
   0.29999E+09     1.2115 0.03088    0.1741  281.6715  213.2070  185.4982     1.2489     4 168
   0.29999E+09     1.1755 0.08597    2.6262  105.0582   79.3786  247.0461     1.2765     5 168
   0.29999E+09     1.1883 0.07127    0.6571  334.1431  229.5161  331.0472     1.2730     8 168
   0.29999E+09     1.1723 0.03277    0.6919  166.4466    8.9017   89.1814     1.2107     9 168
   0.29999E+09     1.0757 0.02923    0.7438  167.8328    5.7155  105.2528     1.1071    12 168
   0.29999E+09     1.1315 0.02105    1.2813  142.8192  356.9376    0.2832     1.1553    15 168
   0.29999E+09     1.1523 0.01249    1.1863  126.4878  184.0404  109.2859     1.1667    17 168
   0.29999E+09     1.1550 0.02514    0.7804  166.0281   82.5485  258.5627     1.1840    19 168
   0.29999E+09     1.1353 0.04177    1.2816  185.3428  282.2549   65.1246     1.1827    20 168
   0.29999E+09     1.1673 0.04838    1.1054  224.4627  313.0122  190.4791     1.2238    22 168
   0.29999E+09     1.1400 0.03602    1.0451  200.8797  299.0370   13.0486     1.1811    27 168
   0.29999E+09     1.1322 0.01608    1.0946  193.8072   62.3061  302.9104     1.1504    29 168
   0.29999E+09     1.1107 0.01799    0.7934  185.9852   11.8224   98.6669     1.1307    30 168
   0.29999E+09     1.0970 0.04931    1.0040  141.1346   43.5234  114.1741     1.1511    11 169
   0.29999E+09     1.1356 0.02507    0.9773   97.5708   92.2261  235.6780     1.1641    16 169
   0.29999E+09     1.1101 0.02760    2.2792  206.3594  219.7752  356.8768     1.1407    18 169
   0.29999E+09     1.0985 0.03943    1.0331  182.9374    7.1761   64.2215     1.1419    19 169
   0.29999E+09     1.1335 0.00736    1.8740  196.6611   92.8818  109.1335     1.1418    27 169
   0.29999E+09     1.1678 0.00130    0.9667  128.9718  347.0605  283.9246     1.1693    29 169
   0.29999E+09     1.1058 0.01419    0.6733  163.5721  153.7311   62.8927     1.1215     4 170
   0.29999E+09     1.1129 0.04250    0.4360  110.3827   45.8325   74.7120     1.1602     6 170
   0.29999E+09     1.0995 0.04606    1.2189  141.3851  355.8692  117.8399     1.1502     7 170
   0.29999E+09     1.0909 0.04490    1.1353  160.1140   26.3048  197.4275     1.1398    10 170
   0.29999E+09     1.0947 0.04307    0.8216  186.6321    9.8025  266.0957     1.1419    13 170
   0.29999E+09     1.1525 0.03363    0.9483  213.8609  309.1294  192.9510     1.1913    14 170
   0.29999E+09     1.1684 0.02424    0.1849  174.6953  274.1703  351.3000     1.1967    18 170
   0.29999E+09     1.2146 0.03921    0.9513  283.0476  245.8843  251.2660     1.2622    20 170
   0.29999E+09     1.1574 0.05523    1.1857  217.9349  263.4993  236.7132     1.2214    30 170
   0.29999E+09     1.1682 0.01314    0.8970  175.8563   65.0243    5.2696     1.1835     1 171
   0.29999E+09     1.1111 0.06311    1.0589  139.5434  348.0610  163.5867     1.1813    11 171
   0.29999E+09     1.0876 0.03869    1.0816  164.7517  339.7139  194.8208     1.1297    12 171
   0.29999E+09     1.1836 0.01887    1.2660  312.8387  165.3781  205.7880     1.2060    18 171
   0.29999E+09     1.0546 0.03581    0.8182  148.9456   58.1227  331.5960     1.0923    21 171
   0.29999E+09     1.0734 0.00984    1.4675  192.2466   80.1698  150.4151     1.0840    24 171
   0.29999E+09     1.1349 0.01039    1.3725  179.9321   60.9687   86.6053     1.1467    26 171
   0.29999E+09     1.1717 0.06005    2.2209  339.7833  259.9668  129.2962     1.2421    27 171
   0.29999E+09     1.0880 0.04749    0.9574  163.9193    9.8594  187.6312     1.1396    28 171
   0.29999E+09     1.1172 0.01377    2.0193  174.9612  347.7339   83.8500     1.1326     3 172
   0.29999E+09     1.1299 0.02904    1.4528  150.0665  333.4683  245.7062     1.1627     5 172
   0.29999E+09     1.1694 0.02675    0.3748  164.3520  359.5463   13.2236     1.2007    11 172
   0.29999E+09     1.1329 0.04163    0.2801  295.1103  220.6754  145.0965     1.1800    12 172
   0.29999E+09     1.0604 0.00961    1.4680  176.8251   18.0506  274.3333     1.0706    16 172
   0.29999E+09     1.1751 0.06953    1.1659  180.9526   14.2835  261.8758     1.2568    17 172
   0.29999E+09     1.0590 0.04531    1.0949  179.7344   34.3325  340.7886     1.1070    20 172
   0.29999E+09     1.2094 0.01994    1.8642   90.2354   73.7491  278.6372     1.2335    25 172
   0.29999E+09     1.0730 0.03418    1.0031  151.7998   28.4887  124.6354     1.1097    26 172
   0.29999E+09     1.2093 0.05522    1.7096  276.9915  211.5696  110.5557     1.2760     8 173
   0.29999E+09     1.0595 0.01634    1.1032  178.4346  319.3572  179.2972     1.0768    12 173
   0.29999E+09     1.1352 0.03941    1.1709  161.9921  347.0664  130.5254     1.1800    15 173
   0.29999E+09     1.1112 0.03210    0.1644  147.4196   45.9485  358.2715     1.1469    16 173
   0.29999E+09     1.1119 0.02636    0.8384  151.8835   57.6175  192.3155     1.1413    19 173
   0.29999E+09     1.1079 0.05578    0.7820  152.5162  343.4258  333.0243     1.1696    23 173
   0.29999E+09     1.1531 0.00615    0.9454  114.1155  213.8781  183.6362     1.1602    25 173
   0.29999E+09     1.0877 0.01293    1.7367  156.4417   21.7434  117.5914     1.1018    26 173
   0.29999E+09     1.0777 0.02421    0.7309  207.2466  352.6018  150.5364     1.1038    29 173
   0.29999E+09     1.0679 0.01728    1.1087  167.6043   10.9186  175.6722     1.0864    30 173
   0.29999E+09     1.1254 0.03591    1.6078  190.9273    0.8442  181.2480     1.1658     2 174
   0.29999E+09     1.1544 0.04466    1.4901  167.4357   40.6252  233.3668     1.2060     4 174
   0.29999E+09     1.2076 0.08751    3.0987   93.1406   82.4295  355.4548     1.3132     6 174
   0.29999E+09     1.0812 0.03777    0.7052  153.6855   12.6071   64.7160     1.1220    12 174
   0.29999E+09     1.1752 0.03311    1.7716  212.4572  267.9761  226.5679     1.2141    16 174
   0.29999E+09     1.1010 0.03000    0.4080  175.5450  326.9618  221.9681     1.1340    26 174
   0.29999E+09     1.2087 0.02222    2.8114   31.8482   72.3793   66.6779     1.2355    30 174
   0.29999E+09     1.1716 0.04515    0.6158  237.4360  279.8450  181.6304     1.2245     2 175
   0.29999E+09     1.1149 0.01936    0.9596  214.2534  338.5554  287.0044     1.1364     5 175
   0.29999E+09     1.1107 0.04237    1.4410  184.0576  358.2746  210.7833     1.1577     8 175
   0.29999E+09     1.0792 0.03318    1.7426  144.3042   40.7948   27.6744     1.1150     9 175
   0.29999E+09     1.1060 0.04197    0.8311  171.6107   12.6609   31.2375     1.1525    11 175
   0.29999E+09     1.1345 0.01804    0.0478   42.3462  120.9115   65.4664     1.1549    12 175
   0.29999E+09     1.1508 0.04415    0.6018  194.6029  318.3381  231.8539     1.2016    15 175
   0.29999E+09     1.1343 0.04913    1.9964  173.2095   27.9020  293.2794     1.1901    17 175
   0.29999E+09     1.1086 0.05777    0.2561  192.7239  323.7841   67.5419     1.1726    18 175
   0.29999E+09     1.1325 0.04168    0.9801  205.4102  320.1075  290.3725     1.1797    22 175
   0.29999E+09     1.1185 0.02549    1.7033  196.2858  316.4390    4.5662     1.1470    24 175
   0.29999E+09     1.1558 0.04200    0.8826  153.8855  105.1861  139.4025     1.2043    30 175
   0.29999E+09     1.1256 0.02065    0.9571  174.4251  319.2031  117.7443     1.1488     1 176
   0.29999E+09     1.1041 0.03290    0.7432  171.0054   31.9242   68.2899     1.1404     4 176
   0.29999E+09     1.1641 0.00621    1.0748  170.2792   16.0470  228.4482     1.1713    11 176
   0.29999E+09     1.1539 0.02250    0.3062  222.8149  256.3012  222.4982     1.1799    12 176
   0.29999E+09     1.1652 0.02322    0.5544  243.8953  295.8554  135.8520     1.1923    14 176
   0.29999E+09     1.0991 0.03029    1.3735  183.6486  351.9263  239.3881     1.1324    15 176
   0.29999E+09     1.1315 0.04526    1.0737  188.4616   36.9337  218.3763     1.1827    18 176
   0.29999E+09     1.1402 0.04067    0.5904  147.3368  359.1902  203.2111     1.1865    20 176
   0.29999E+09     1.1414 0.03612    0.8123  181.5865   31.2942  132.3394     1.1826    22 176
   0.29999E+09     1.1564 0.01093    1.2030  148.8289   78.3555   42.0379     1.1690    23 176
   0.29999E+09     1.1641 0.04176    0.8674  186.3381   15.7533   19.1082     1.2127    27 176
   0.29999E+09     1.1350 0.02769    0.6631  212.3150  224.7708   12.4573     1.1664    29 176
   0.29999E+09     1.1437 0.03843    1.2666  161.4829   29.4533  210.1852     1.1877     3 177
   0.29999E+09     1.1331 0.02963    1.9779  171.2440  314.8361  270.5119     1.1667     6 177
   0.29999E+09     1.1462 0.03083    1.2104  116.6029   91.2338  252.9115     1.1815     8 177
   0.29999E+09     1.1105 0.03536    1.7581  171.0447   22.4940  121.3898     1.1498    14 177
   0.29999E+09     1.1701 0.06334    0.8908  139.3053   60.4445  122.9303     1.2442    26 177
   0.29999E+09     1.2133 0.01706    0.8664  242.8450  344.9644  134.1103     1.2340    27 177
   0.29999E+09     1.0672 0.03808    1.9336  165.3992   10.3588  169.4569     1.1078    28 177
   0.29999E+09     1.1031 0.04043    0.5373  180.7150   21.3293   99.0682     1.1477    30 177
   0.29999E+09     1.2154 0.04307    2.4128  257.4818  275.8615   87.7062     1.2678     2 178
   0.29999E+09     1.1424 0.04665    0.7732  145.2157   59.8522  189.5644     1.1957     7 178
   0.29999E+09     1.1098 0.06267    1.2613  172.6171  333.2063  126.3587     1.1793    15 178
   0.29999E+09     1.1546 0.04183    1.5437  215.1915  233.0721   98.5486     1.2029    18 178
   0.29999E+09     1.1346 0.01149    1.6095  188.7352  271.7911  197.6805     1.1477    19 178
   0.29999E+09     1.0559 0.02228    1.0634  144.9627  341.7541   59.1830     1.0795    24 178
   0.29999E+09     1.2131 0.01639    1.3027  303.1434  208.5462  222.3570     1.2330    28 178
   0.29999E+09     1.1387 0.02391    1.2898  204.3363  273.6274  244.5729     1.1660     5 179
   0.29999E+09     1.1813 0.04548    0.9172  208.7595  322.1834  112.7945     1.2350     6 179
   0.29999E+09     1.1755 0.01181    2.5060  251.2386  189.1451   95.6425     1.1894    13 179
   0.29999E+09     1.1311 0.03639    1.5577  179.5419  318.6068  295.4407     1.1723    17 179
   0.29999E+09     1.0947 0.07634    1.5713  231.5900  274.6485   59.5151     1.1783    24 179
   0.29999E+09     1.0600 0.02297    1.6609  130.9105   21.7190   77.4225     1.0844    27 179
   0.29999E+09     1.0731 0.04835    1.5995  173.4073  357.7997  299.3162     1.1250     1 180
   0.29999E+09     1.0970 0.02271    0.9409  186.3500  335.8501  170.3386     1.1219     6 180
   0.29999E+09     1.1371 0.06880    1.0745  165.7488    4.8888  107.9699     1.2154     9 180
   0.29999E+09     1.0803 0.03963    1.1776  138.3852   41.6155  298.0257     1.1232    10 180
   0.29999E+09     1.1850 0.04315    5.0492  233.4897  278.4311  348.2555     1.2362    12 180
   0.29999E+09     1.1515 0.02626    0.5771  195.6402  288.7405   50.6739     1.1817    16 180
   0.29999E+09     1.1119 0.03476    1.9691  139.8744   84.9547  286.8884     1.1506    18 180
   0.29999E+09     1.0937 0.01665    0.4552   97.2436   49.9304   10.2355     1.1119    19 180
   0.29999E+09     1.0723 0.01378    0.9045  165.1851  211.6744   76.2404     1.0870    22 180
   0.29999E+09     1.1538 0.04043    1.6580  200.7693  329.8894  133.1347     1.2005    24 180
   0.29999E+09     1.2137 0.01177    1.7329  271.8855  262.8636  304.1185     1.2280    30 180
   0.29999E+09     1.1172 0.04381    1.0495  212.6406  311.6299   88.5929     1.1662     7 181
   0.29999E+09     1.0953 0.03433    1.6860  130.7497   11.4093   21.9702     1.1329    16 181
   0.29999E+09     1.0882 0.01485    1.3650  200.6166  310.8273  165.3913     1.1044    19 181
   0.29999E+09     1.1269 0.02583    1.6657  157.5153   61.2378  249.0830     1.1560    22 181
   0.29999E+09     1.2140 0.04240    3.1624   81.9833  154.6470  184.1087     1.2655    25 181
   0.29999E+09     1.1076 0.00629    0.5605  171.5898  152.7336  202.4150     1.1146    26 181
   0.29999E+09     1.1234 0.01193    0.8961  160.7011  318.3839   15.6952     1.1368    28 181
   0.29999E+09     1.1585 0.01944    0.6733  232.6346  333.0959  116.0823     1.1810    30 181
   0.29999E+09     1.1702 0.04295    0.7568  185.5556  277.4245  128.7797     1.2205     3 182
   0.29999E+09     1.1048 0.04525    0.9706  167.3019    6.4447   80.1076     1.1548     6 182
   0.29999E+09     1.1302 0.03172    2.6276   95.3242  298.1941   90.5789     1.1661    10 182
   0.29999E+09     1.1815 0.02588    0.4396  185.4669  343.3405  232.8222     1.2121    16 182
   0.29999E+09     1.1109 0.00714    1.3020  154.3219   30.8987  164.9740     1.1188    23 182
   0.29999E+09     1.1244 0.07404    0.7735   16.0873  140.1637  191.8403     1.2077    26 182
   0.29999E+09     1.1678 0.01438    1.0284  156.4908   45.9943   70.0672     1.1846    27 182
   0.29999E+09     1.1339 0.05921    0.9950  181.6951   31.2662   74.2842     1.2011     1 183
   0.29999E+09     1.1655 0.02258    1.0804  175.2812   25.8598  333.1792     1.1918     2 183
   0.29999E+09     1.2135 0.03674    1.1821  248.1766  283.7876  215.6842     1.2580     3 183
   0.29999E+09     1.0937 0.01410    1.2668  183.4698  176.8089  233.7942     1.1091     6 183
   0.29999E+09     1.1115 0.03741    0.9780  161.6360    0.6018  256.9870     1.1530     9 183
   0.29999E+09     1.2124 0.03249    1.5821  162.4168   44.1547  262.8807     1.2518    10 183
   0.29999E+09     1.1368 0.04260    0.8011  241.7463  319.1742  179.9810     1.1853    11 183
   0.29999E+09     1.1777 0.02933    1.7964  140.2192   35.4694  195.8863     1.2122    14 183
   0.29999E+09     1.0589 0.01970    1.4266  125.4469  338.8188  159.3302     1.0798    27 183
   0.29999E+09     1.0907 0.01499    1.4785  165.3107   31.1398   65.3847     1.1070    28 183
   0.29999E+09     1.1451 0.05976    0.8256  124.1634  356.0731  316.8715     1.2135    29 183
   0.29999E+09     1.1395 0.01295    0.6102  168.0570   62.2142   63.7350     1.1543     5 184
   0.29999E+09     1.1453 0.06506    0.6718  195.5022  297.8074    3.3095     1.2198     9 184
   0.29999E+09     1.1269 0.01334    1.2407  175.0561  278.1034   27.7577     1.1419    10 184
   0.29999E+09     1.0731 0.01234    0.8032  140.5747   81.1818  120.5626     1.0863    11 184
   0.29999E+09     1.1531 0.03927    1.1998  151.6156    1.4884   89.7095     1.1984    15 184
   0.29999E+09     1.1618 0.02734    0.7562  195.5828   18.3368  122.3138     1.1936    27 184
   0.29999E+09     1.1260 0.06674    1.8012  154.0314   42.2145  286.0904     1.2012    29 184
   0.29999E+09     1.1208 0.02897    1.1449  204.5827   20.6358  136.0226     1.1532     7 185
   0.29999E+09     1.1536 0.03516    0.4617  114.1218   26.2806  312.9491     1.1941    14 185
   0.29999E+09     1.0940 0.04204    1.3495  136.3470  108.5954   23.4759     1.1400    19 185
   0.29999E+09     1.1522 0.02769    0.9745  214.6873  221.6935  201.8453     1.1841    23 185
   0.29999E+09     1.0831 0.01088    0.8671  183.7310  340.4409  341.1626     1.0949    25 185
   0.29999E+09     1.1695 0.02775    0.3460  157.0420   10.0355  336.6626     1.2020    30 185
   0.29999E+09     1.0662 0.02982    1.2881  150.5985  293.4940  339.8987     1.0980     2 186
   0.29999E+09     1.1719 0.09996    4.6356  138.6221   43.1645  146.2922     1.2891     4 186
   0.29999E+09     1.1809 0.01378    0.8232   78.7713   91.4422  153.4387     1.1972     8 186
   0.29999E+09     1.1454 0.03801    1.0645  179.3525  328.6532  169.8986     1.1890     9 186
   0.29999E+09     1.1004 0.05509    1.0265  198.5119  291.9854  235.5851     1.1610    13 186
   0.29999E+09     1.1130 0.01946    0.7810  157.7553  325.4985   57.4098     1.1347    21 186
   0.29999E+09     1.1414 0.03460    0.7806  167.9750   63.4885  166.8197     1.1809    22 186
   0.29999E+09     1.1693 0.05447    1.7604  167.9504   19.8394  350.9066     1.2330    23 186
   0.29999E+09     1.0954 0.00917    1.3269  176.7788   24.3567   86.0127     1.1055    26 186
   0.29999E+09     1.1203 0.03045    1.0176  182.7626   37.5177   44.5752     1.1544    27 186
   0.29999E+09     1.1133 0.00500    0.9548  175.1749   22.9107  100.2327     1.1189     1 187
   0.29999E+09     1.0593 0.02040    0.9954  159.8019   54.5451   65.2930     1.0809     3 187
   0.29999E+09     1.0949 0.02643    1.0772  153.0405   66.3225  274.2844     1.1239     4 187
   0.29999E+09     1.1755 0.05714    1.9106  235.8346  317.0866   17.9556     1.2426     5 187
   0.29999E+09     1.1645 0.07425    0.8492  201.8140  313.4093   68.7643     1.2509     9 187
   0.29999E+09     1.0944 0.00989    1.8383  161.5249  191.1937   89.6568     1.1052    16 187
   0.29999E+09     1.1817 0.03297    0.8793  295.6088  171.4264  207.5028     1.2207    20 187
   0.29999E+09     1.0953 0.01246    0.7644  163.6943  318.4762  281.7750     1.1090    25 187
   0.29999E+09     1.1322 0.04413    0.6705  191.3493    3.2102    2.2623     1.1821    27 187
   0.29999E+09     1.1193 0.03087    0.4600  131.8626   96.0467  119.7349     1.1539    28 187
   0.29999E+09     1.1644 0.03397    1.1958  160.4700   38.9995   45.5314     1.2040    29 187
   0.29999E+09     1.1416 0.01724    0.9643  185.4472  325.0564  149.5454     1.1613     5 188
   0.29999E+09     1.0664 0.02816    1.4753  202.0542   22.1710   28.8901     1.0964     7 188
   0.29999E+09     1.1237 0.05407    1.2072  137.6174   39.9654  173.5929     1.1845    18 188
   0.29999E+09     1.0657 0.04865    1.0248  175.6500  310.3176  129.3281     1.1175    19 188
   0.29999E+09     1.1279 0.03601    0.7334  105.3505   87.9369  125.7667     1.1685    22 188
   0.29999E+09     1.1155 0.03104    1.1112  152.6911  354.8624  358.0534     1.1501    30 188
   0.29999E+09     1.0821 0.03148    1.1147  175.6911   30.6647  225.9169     1.1162     6 189
   0.29999E+09     1.2090 0.04355    1.7284  253.3402  195.9538  179.8098     1.2617     7 189
   0.29999E+09     1.0958 0.05456    0.7667  101.8836   77.9767  125.5847     1.1555    11 189
   0.29999E+09     1.1257 0.03353    1.3388  129.7866   32.7527   62.0360     1.1634    15 189
   0.29999E+09     1.1065 0.02396    0.5345  166.9148   39.7413  128.9143     1.1330    18 189
   0.29999E+09     1.0765 0.02504    0.7559  100.7893   38.7662  314.3148     1.1034    22 189
   0.29999E+09     1.0837 0.03934    1.3584  211.4743  296.5092  257.1046     1.1264    23 189
   0.29999E+09     1.0861 0.03253    0.9606  173.4019  331.9050  353.4771     1.1214     2 190
   0.29999E+09     1.1151 0.04687    1.1337  147.0565    1.1609    0.1480     1.1674     3 190
   0.29999E+09     1.1348 0.02842    1.2301  193.9254  341.1522  123.0180     1.1671     5 190
   0.29999E+09     1.1044 0.03130    0.7254  203.9330  301.6908  108.5780     1.1389     6 190
   0.29999E+09     1.1282 0.04814    1.3631  227.1304    5.8995   29.5393     1.1825    12 190
   0.29999E+09     1.1140 0.03894    1.0148  156.3807    1.0528  170.7173     1.1574    15 190
   0.29999E+09     1.1323 0.03947    0.7097  130.0045   92.9504  312.0242     1.1770    18 190
   0.29999E+09     1.0984 0.02530    1.9367  164.2184  335.2964  305.5425     1.1262    19 190
   0.29999E+09     1.1065 0.03894    0.1892  245.0095  268.2091  280.6312     1.1496    22 190
   0.29999E+09     1.1549 0.03998    1.3770  148.5161   19.6977   55.4934     1.2011     3 191
   0.29999E+09     1.0709 0.02485    1.5631  130.1109   67.7086  341.2137     1.0976     7 191
   0.29999E+09     1.1210 0.00181    1.0464  178.7161  246.6074  350.7939     1.1230     9 191
   0.29999E+09     1.1670 0.01691    0.9533  213.9715  341.9492  192.1998     1.1867    15 191
   0.29999E+09     1.1590 0.03041    0.4813  129.9762    7.1251  332.4436     1.1942    18 191
   0.29999E+09     1.0882 0.04761    0.3182  102.6711   42.9118   85.8241     1.1400    26 191
   0.29999E+09     1.1813 0.01591    1.4879  237.0319   31.0858  342.1485     1.2001    27 191
   0.29999E+09     1.1395 0.08520    1.4561  199.8943  350.0096  292.4312     1.2366     9 192
   0.29999E+09     1.0907 0.03623    1.7616  174.5926  328.0043  235.4019     1.1303    10 192
   0.29999E+09     1.1420 0.02950    0.1117   34.4780  171.0848  151.5878     1.1757    12 192
   0.29999E+09     1.1705 0.04045    1.1498  237.4805  290.1832  342.3202     1.2178    14 192
   0.29999E+09     1.0964 0.02441    0.2493  157.9436   38.9784  104.9289     1.1231    17 192
   0.29999E+09     1.1245 0.06732    2.1162  159.7302   10.3279   33.7048     1.2002    19 192
   0.29999E+09     1.1723 0.08485    4.0795  185.1179   40.1502  294.6388     1.2717    21 192
   0.29999E+09     1.1048 0.03102    0.6548  161.5351  327.8639  100.2621     1.1391    23 192
   0.29999E+09     1.2083 0.08121    6.0305  304.0316  264.1339  117.5217     1.3064    28 192
   0.29999E+09     1.1669 0.03465    0.7437  104.6393    6.8108  180.0344     1.2074     2 193
   0.29999E+09     1.1221 0.04076    0.8032  179.8722  336.0835  251.4681     1.1678     9 193
   0.29999E+09     1.1828 0.02388    2.0980  121.6875   58.8337  265.7756     1.2110    10 193
   0.29999E+09     1.1653 0.04411    0.8512  160.4243    4.2824  166.2907     1.2167    18 193
   0.29999E+09     1.1467 0.02859    0.9671  210.9291  331.2939  317.5532     1.1795    22 193
   0.29999E+09     1.1739 0.04265    1.2530  288.7618  292.4383   58.7736     1.2239    25 193
   0.29999E+09     1.1658 0.04661    0.5883  113.3060   59.5006   95.8484     1.2201    26 193
   0.29999E+09     1.1103 0.01444    0.5311  215.9682  307.2067   97.0113     1.1264    30 193
   0.29999E+09     1.1737 0.01465    0.6011  167.2375  270.6818  252.6276     1.1909     2 194
   0.29999E+09     1.0603 0.05034    1.0369  193.2449  320.5813  154.9604     1.1137     4 194
   0.29999E+09     1.1467 0.04353    1.4112  165.5836    4.7169   27.8935     1.1966     7 194
   0.29999E+09     1.0723 0.02288    1.2636  138.3694   11.5752  316.2846     1.0968    11 194
   0.29999E+09     1.1230 0.01074    1.6335  188.0694  321.4028  130.4183     1.1351    12 194
   0.29999E+09     1.1062 0.03496    0.8103  164.3651   52.8268   52.5356     1.1449    14 194
   0.29999E+09     1.1066 0.01977    1.3912  177.8451   25.1655   77.8046     1.1285    18 194
   0.29999E+09     1.2094 0.01880    3.0885  214.4087  297.0170  121.4233     1.2321    19 194
   0.29999E+09     1.1315 0.05647    0.9793  185.8402  357.2119  321.1910     1.1953    23 194
   0.29999E+09     1.0973 0.02185    0.9311  164.0621    4.4120  124.3656     1.1212    24 194
   0.29999E+09     1.2138 0.02081    1.4657  236.9688  328.9478  106.7192     1.2390    27 194
   0.29999E+09     1.0744 0.03727    1.4277  181.1680  339.3545  198.9901     1.1144    30 194
   0.29999E+09     1.1034 0.02468    1.0862  206.8813  342.8438  261.0459     1.1306     1 195
   0.29999E+09     1.1262 0.05381    1.9589  149.8873    8.2383  276.6816     1.1869     3 195
   0.29999E+09     1.1255 0.01834    1.4858  160.1858  100.1857   80.7448     1.1461     7 195
   0.29999E+09     1.1378 0.00548    0.6772  183.4728  307.2670  285.2219     1.1440     9 195
   0.29999E+09     1.1812 0.03915    1.6221  136.8988   43.7589   68.3267     1.2274    10 195
   0.29999E+09     1.1681 0.02452    0.5487  141.5331   89.2623  159.2531     1.1968    15 195
   0.29999E+09     1.1668 0.03064    1.6889  168.6003  284.7111   14.4293     1.2026    26 195
   0.29999E+09     1.1500 0.04342    1.2081  121.3074   74.2380  132.0877     1.2000     3 196
   0.29999E+09     1.0795 0.02348    1.5319  185.1364  294.9488   47.0433     1.1049     4 196
   0.29999E+09     1.1017 0.04414    1.2850  144.5515   29.9308  342.7864     1.1503    13 196
   0.29999E+09     1.1364 0.04525    0.4543  127.0302   54.5235  323.8553     1.1879    14 196
   0.29999E+09     1.0723 0.04307    1.3696  165.0344   44.2337  306.3129     1.1185    16 196
   0.29999E+09     1.1032 0.02981    1.0202  125.0782  335.8985   99.0186     1.1361    23 196
   0.29999E+09     1.1035 0.02354    1.4474  129.7382  102.7194  118.7962     1.1294    29 196
   0.29999E+09     1.0605 0.02682    1.5523  184.2102  359.1575   19.9450     1.0889    30 196
   0.29999E+09     1.1416 0.03244    0.9442  168.0100  276.7569  198.2304     1.1786     4 197
   0.29999E+09     1.0952 0.02223    1.6488  142.5043  337.7806   72.2648     1.1195    11 197
   0.29999E+09     1.1768 0.06471    2.2131   86.5296   68.4510  263.2932     1.2530    16 197
   0.29999E+09     1.1192 0.04860    1.2841  187.6893  304.2294  170.4638     1.1736    20 197
   0.29999E+09     1.0932 0.04776    1.7685  196.8269  338.1755   32.9183     1.1455    21 197
   0.29999E+09     1.1761 0.03773    1.5479  220.3563  288.1982  205.6702     1.2204    23 197
   0.29999E+09     1.2156 0.06115    3.4550  284.6002  248.5079   73.2696     1.2899    24 197
   0.29999E+09     1.1328 0.00782    0.7869  164.1123   85.1290  321.4828     1.1417    27 197
   0.29999E+09     1.0612 0.02608    1.4269  155.4095   28.2253   45.0252     1.0889     4 198
   0.29999E+09     1.1565 0.01787    0.8259  156.6160  237.4877  223.6408     1.1772     7 198
   0.29999E+09     1.0903 0.02021    1.7432  171.2578  330.9957  346.5106     1.1123    10 198
   0.29999E+09     1.0506 0.05094    1.3736  172.0527   24.5390  166.4701     1.1042    11 198
   0.29999E+09     1.1107 0.02522    0.8650  131.3338   26.4281  132.4811     1.1387    20 198
   0.29999E+09     1.1183 0.04083    0.9567  190.5839  352.5750   72.2388     1.1639    24 198
   0.29999E+09     1.0713 0.03113    1.4978  168.1805   30.2635  121.0892     1.1047    30 198
   0.29999E+09     1.1812 0.04183    1.3873  135.2753   50.8084  359.6585     1.2306     1 199
   0.29999E+09     1.1347 0.04464    1.8162  167.9549  306.2081  279.2947     1.1854     3 199
   0.29999E+09     1.1316 0.04032    0.2396  286.1646  199.1169  325.3679     1.1772     8 199
   0.29999E+09     1.1422 0.02272    1.1755  195.5468  317.2678  315.3910     1.1682    10 199
   0.29999E+09     1.1311 0.02988    0.5594  186.4876  339.9871  358.1677     1.1649    15 199
   0.29999E+09     1.1110 0.05619    0.6444  138.8762  349.0252   48.3631     1.1734    16 199
   0.29999E+09     1.1228 0.01918    0.5889  229.7013  276.7729  225.9523     1.1443    20 199
   0.29999E+09     1.1668 0.05047    1.4413  191.0259   40.2215  150.3107     1.2257    22 199
   0.29999E+09     1.1673 0.01836    1.4604  174.7036  341.7573  185.3961     1.1888    25 199
   0.29999E+09     1.0906 0.04303    0.2570  217.1568  303.3364  344.6138     1.1375     6 200
   0.29999E+09     1.1831 0.03425    3.0592  126.4501   78.3103  173.4326     1.2236     8 200
   0.29999E+09     1.0898 0.04454    1.4159  152.6865    6.0740  278.4867     1.1383     9 200
   0.29999E+09     1.1219 0.02935    0.9604  172.6782  305.9962   34.2594     1.1549    11 200
   0.29999E+09     1.1060 0.01189    0.8144  160.1010    7.7903  312.1019     1.1192    14 200
   0.29999E+09     1.0743 0.02065    1.2832  121.2638   52.8046  231.9939     1.0965    20 200
   0.29999E+09     1.1329 0.05441    1.4896  154.0546    7.3097  171.0917     1.1945    21 200
   0.29999E+09     1.1465 0.01199    0.7048  168.5658   13.8197  205.9327     1.1603    24 200
   0.29999E+09     1.1033 0.03473    0.3725  149.4944   43.4648  328.1203     1.1416    30 200
