   0.70400E+07     1.0891 0.16959     1
   0.24100E+08     1.1708 0.21001     2
   0.14900E+07     1.2740 0.23470     3
   0.25700E+07     1.2891 0.14885     4
   0.49500E+07     1.2749 0.11958     5
   0.49999E+09     1.0906 0.07098     6
   0.11830E+08     1.2033 0.07228     7
   0.16503E+09     1.1831 0.21719     8
   0.49999E+09     1.0897 0.07451     9
   0.11000E+07     1.0699 0.21424    10
   0.49999E+09     1.1219 0.07317    11
   0.16020E+08     1.2282 0.10285    12
   0.15120E+08     1.1023 0.11356    13
   0.49999E+09     1.1063 0.07398    14
   0.45500E+07     1.2004 0.15787    15
   0.15600E+07     1.2752 0.18024    16
   0.39500E+07     1.2623 0.18169    17
   0.29110E+08     1.1484 0.10545    18
   0.49999E+09     1.2130 0.08008    19
   0.49999E+09     1.0742 0.06235    20
   0.49999E+09     1.1329 0.07402    21
   0.71000E+06     1.0870 0.15343    22
   0.12000E+06     1.0718 0.12801    23
   0.49999E+09     1.1466 0.07474    24
   0.20200E+07     1.2588 0.16735    25
   0.11140E+08     1.2306 0.15975    26
   0.15380E+08     1.2046 0.13633    27
   0.61830E+08     1.1907 0.08740    28
   0.92700E+07     1.1359 0.15731    29
   0.49999E+09     1.1033 0.07591    30
