   0.49999E+09     1.0941 0.03573    1.6135   27.8332   62.4191  202.8402     1.1332     6 101
   0.49999E+09     1.1057 0.07613    1.4445   23.9059   77.2242   58.3832     1.1899     7 101
   0.49999E+09     1.1664 0.04938    1.5133   11.7667   80.2898   39.1937     1.2240    22 101
   0.49999E+09     1.1411 0.02476    1.1017    1.3410  119.3299  257.8710     1.1694    23 101
   0.49999E+09     1.1504 0.04099    1.5498    4.2312  101.6780   83.4436     1.1975    25 101
   0.49999E+09     1.1187 0.04858    1.0414  321.4526  137.8830  229.8025     1.1730    28 101
   0.49999E+09     1.1258 0.02887    2.4018   93.6842    6.3713  100.7563     1.1583     5 102
   0.49999E+09     1.0558 0.01077    1.9698   89.6106   11.3949   27.8252     1.0672     6 102
   0.49999E+09     1.1532 0.02404    2.6211   83.7295  166.5312  155.4518     1.1809     8 102
   0.49999E+09     1.1141 0.00643    3.2014   92.3804  344.0497  173.2488     1.1213    10 102
   0.49999E+09     1.1104 0.04606    2.7562   98.2389  344.6089  231.5784     1.1615    11 102
   0.49999E+09     1.0894 0.02725    2.0315   97.1130   38.2873  358.7321     1.1191    13 102
   0.49999E+09     1.1561 0.03024    1.9355   92.6340  109.2023  295.4853     1.1910    18 102
   0.49999E+09     1.0775 0.02372    2.0796   98.0765  348.5715  246.3475     1.1031    19 102
   0.49999E+09     1.1454 0.04580    2.6211  103.7552  354.6720  103.7443     1.1979    20 102
   0.49999E+09     1.1168 0.00543    2.0925   96.6964  155.8381  177.8627     1.1229    22 102
   0.49999E+09     1.1640 0.04727    1.4073   26.3553    4.3587  189.5015     1.2190    25 102
   0.49999E+09     1.0814 0.01319    2.5783  107.4554   77.3809  244.0441     1.0957    30 102
   0.49999E+09     1.0882 0.02608    0.9994   28.6237   29.5309   79.4992     1.1166     2 103
   0.49999E+09     1.1301 0.03412    0.5619    4.5967   62.8119  144.5176     1.1686     4 103
   0.49999E+09     1.1668 0.06231    1.2604  309.2753  125.3898  286.2746     1.2395     7 103
   0.49999E+09     1.1559 0.08915    0.8842   11.9984   46.4370   88.3266     1.2590     8 103
   0.49999E+09     1.1651 0.03342    0.7319  334.5464  134.0697  100.2826     1.2040    10 103
   0.49999E+09     1.1117 0.04070    0.2763  344.6693  104.3161  320.7464     1.1570    17 103
   0.49999E+09     1.1551 0.04178    0.7423   18.3325   84.2066  327.3323     1.2034    26 103
   0.49999E+09     1.1312 0.02143    2.2387   63.4003  142.4548  251.2515     1.1555     7 104
   0.49999E+09     1.0895 0.02241    0.5241   90.0005  102.5604  332.7272     1.1139    17 104
   0.49999E+09     1.1556 0.05292    1.5698   82.6817   55.1939  203.0349     1.2167    24 104
   0.49999E+09     1.0909 0.01853    1.5231   74.8725   69.7141  125.8209     1.1111    30 104
   0.49999E+09     1.0922 0.01634    1.1701  158.7418  272.3525  120.3427     1.1100    10 105
   0.49999E+09     1.1337 0.03458    1.4858  127.1486  148.4318  355.7552     1.1730    17 105
   0.49999E+09     1.1733 0.02991    1.3048  236.8414   11.8071  305.3957     1.2084    24 105
   0.49999E+09     1.0766 0.02732    2.3878   46.8427   98.5721   21.8061     1.1060     4 106
   0.49999E+09     1.2138 0.01981    3.8536  358.4708  208.2519   85.8306     1.2378    12 106
   0.49999E+09     1.0918 0.02005    2.7024   47.6948   73.2991  358.4923     1.1137    14 106
   0.49999E+09     1.1551 0.03413    2.3856   59.4769   98.0128  113.1904     1.1945    17 106
   0.49999E+09     1.1693 0.01909    3.6200   40.2022    2.2224  279.2790     1.1916    19 106
   0.49999E+09     1.1588 0.04484    2.7386   26.8099  125.0250  285.6870     1.2107    21 106
   0.49999E+09     1.1332 0.03299    3.4145   38.7334   66.0205  165.3840     1.1706    22 106
   0.49999E+09     1.0987 0.00259    2.5350   44.6830  291.3094  311.3714     1.1016    30 106
   0.49999E+09     1.1328 0.01104    3.7550   79.5780  267.7134  209.5750     1.1453     1 107
   0.49999E+09     1.1283 0.00346    3.4679   78.2670  355.9112   48.9484     1.1322     3 107
   0.49999E+09     1.1505 0.04657    4.4112   68.4589  311.1822  316.7598     1.2041     6 107
   0.49999E+09     1.1391 0.03312    3.6615   94.8227  335.0191  310.2207     1.1768     9 107
   0.49999E+09     1.2136 0.02186    3.7185   72.1180  295.7842  316.6905     1.2402    14 107
   0.49999E+09     1.1124 0.00890    3.7293   80.0227  102.4006   84.2827     1.1223    19 107
   0.49999E+09     1.1519 0.02362    3.7518   70.6239  353.0000  332.1390     1.1791    24 107
   0.49999E+09     1.1080 0.05416    6.2355   80.6870  219.3988  211.8799     1.1680    26 107
   0.49999E+09     1.1352 0.02898    3.7590   83.6577  316.9763  148.9798     1.1681    30 107
   0.49999E+09     1.1354 0.00546    0.5796   78.4970  217.2887  196.6446     1.1416     2 108
   0.49999E+09     1.0815 0.01926    0.0801   53.4014  119.6927   52.2179     1.1023     3 108
   0.49999E+09     1.1581 0.02227    0.7938   42.4896  341.0245  237.2872     1.1839     6 108
   0.49999E+09     1.1038 0.00903    0.9264  112.7352   65.7586  197.2693     1.1138     7 108
   0.49999E+09     1.1341 0.02087    1.1766   95.0795   28.9704  318.7907     1.1577    23 108
   0.49999E+09     1.2144 0.06107    2.2374   34.6071   63.0211  252.2631     1.2886    25 108
   0.49999E+09     1.0938 0.05025    2.4765   92.7725    4.1945    8.0487     1.1488     9 109
   0.49999E+09     1.1104 0.05055    3.0711  102.5881  356.3412   83.8546     1.1666    14 109
   0.49999E+09     1.1547 0.01694    3.1678   96.1646  287.6878  185.6577     1.1743    16 109
   0.49999E+09     1.1492 0.02686    3.4714   93.1600   28.0833   70.1966     1.1801    17 109
   0.49999E+09     1.1250 0.07438    2.7837   86.7425  358.1264  255.2144     1.2087    20 109
   0.49999E+09     1.1228 0.02629    2.3967   97.6618  322.1988   71.2514     1.1523    27 109
   0.49999E+09     1.0756 0.02942    2.7362  103.1589  346.7551   70.4743     1.1072    28 109
   0.49999E+09     1.0961 0.04098    0.7141  220.9249  271.7179  353.8700     1.1410     1 110
   0.49999E+09     1.1342 0.07346    0.6849  260.9013  235.9558  110.2247     1.2175     3 110
   0.49999E+09     1.1205 0.04238    0.5169    5.3210  175.3948  139.9203     1.1680     7 110
   0.49999E+09     1.1034 0.05271    0.3469  234.3208  299.4330   30.9654     1.1616     9 110
   0.49999E+09     1.1438 0.06297    0.3511  270.5522  236.5390  179.7399     1.2158    12 110
   0.49999E+09     1.0887 0.03660    0.5840  309.4519  183.5270   38.9171     1.1286    13 110
   0.49999E+09     1.0818 0.04837    0.2015  187.6492  304.9301  127.4938     1.1341    14 110
   0.49999E+09     1.1683 0.02093    0.6026  284.6228  193.0627  163.6667     1.1928    22 110
   0.49999E+09     1.1010 0.03905    0.2109  159.4468    7.1863  190.8378     1.1440    23 110
   0.49999E+09     1.1700 0.02813    0.3926  352.2297  193.0361  130.6129     1.2029    27 110
   0.49999E+09     1.1400 0.03630    0.5594  302.8089  252.1077  316.1254     1.1813    29 110
   0.49999E+09     1.1177 0.08224    1.8274  168.2870  267.3187  295.5880     1.2097     1 111
   0.49999E+09     1.0924 0.04194    1.2033   77.5730  338.8072  162.3078     1.1382     4 111
   0.49999E+09     1.1421 0.02887    2.0127  164.6163  258.2071   35.0333     1.1751     6 111
   0.49999E+09     1.2133 0.05714    3.3689  135.9089  259.5895  127.4876     1.2826     8 111
   0.49999E+09     1.1811 0.02810    1.7156  158.2319  286.4808   50.4389     1.2143     9 111
   0.49999E+09     1.0706 0.04535    0.9235  189.3017  224.8462  335.7395     1.1191    12 111
   0.49999E+09     1.1584 0.05176    1.4345  171.9237  262.5140  159.7200     1.2183    17 111
   0.49999E+09     1.2079 0.05528    3.6243  161.6141  291.9827  300.2829     1.2747    18 111
   0.49999E+09     1.0891 0.04039    1.3268  176.7043  254.3640   17.4365     1.1330    19 111
   0.49999E+09     1.0547 0.04095    1.3360  196.4615  212.3573   79.3239     1.0978    22 111
   0.49999E+09     1.1126 0.02683    1.5616  165.8905  276.1729  103.9367     1.1424    23 111
   0.49999E+09     1.1303 0.02064    1.0342  215.7866  226.7317  220.8108     1.1537    26 111
   0.49999E+09     1.1570 0.06381    2.7852  154.8919  283.6595  128.9456     1.2309    27 111
   0.49999E+09     1.1250 0.04935    1.7636  174.1450  269.0337  302.0968     1.1805    28 111
   0.49999E+09     1.2135 0.06307    0.7350  337.7603  117.3154   16.5028     1.2900     4 112
   0.49999E+09     1.1257 0.04167    1.8919  158.0794  299.9042  290.2927     1.1726     8 112
   0.49999E+09     1.1095 0.02663    0.3514  114.8705  358.1324  107.6133     1.1391    12 112
   0.49999E+09     1.0733 0.03549    1.3797  152.8817  300.9001  298.4519     1.1114    13 112
   0.49999E+09     1.1255 0.02774    1.1571  160.7540  307.8477  260.2996     1.1567    14 112
   0.49999E+09     1.1591 0.04709    2.0521  161.6763  282.3833   28.3616     1.2137    21 112
   0.49999E+09     1.1704 0.02821    2.5881  186.9022   10.4962  260.7227     1.2034    27 112
   0.49999E+09     1.2092 0.04723    2.5046  256.2904  182.6166   12.5848     1.2663    29 112
   0.49999E+09     1.1406 0.02696    1.6999  139.4294  319.3249  249.4085     1.1714    30 112
   0.49999E+09     1.1115 0.01730    2.8336  136.2800  224.8596  332.6971     1.1307     5 113
   0.49999E+09     1.1702 0.03492    3.2281  169.0556  263.9519   94.1546     1.2110     9 113
   0.49999E+09     1.1451 0.01131    3.1465  165.8938  124.6020  102.5656     1.1581    12 113
   0.49999E+09     1.1246 0.01293    1.8825  158.2033  279.1788  329.0251     1.1391    13 113
   0.49999E+09     1.1838 0.08004    1.6423  277.9386  153.7442  255.8895     1.2786    17 113
   0.49999E+09     1.1234 0.01670    2.8388  148.9190   32.8810  308.0067     1.1421    23 113
   0.49999E+09     1.1553 0.00745    2.4345  166.2978  298.1898  165.5845     1.1640    25 113
   0.49999E+09     1.0884 0.01535    2.9501  163.3700  237.5294  123.2373     1.1051    28 113
   0.49999E+09     1.1131 0.03879    0.3604  206.8931  178.1993  261.2079     1.1562     1 114
   0.49999E+09     1.1287 0.04762    0.9455  328.0493  134.8775   83.1155     1.1824     2 114
   0.49999E+09     1.1240 0.05655    0.2400  349.4363   96.5638  257.2851     1.1876     3 114
   0.49999E+09     1.1703 0.05000    1.2547   52.8483   52.6012    7.7238     1.2288     4 114
   0.49999E+09     1.0905 0.05286    1.2091  219.6580  243.9879  217.7561     1.1481     6 114
   0.49999E+09     1.1273 0.04551    0.6492  356.2094   73.0543  100.4858     1.1786    11 114
   0.49999E+09     1.1395 0.08595    0.2905  226.2588  214.7585  174.7827     1.2374    15 114
   0.49999E+09     1.1363 0.04147    1.1697  320.6580  130.2539  247.5213     1.1834    18 114
   0.49999E+09     1.0960 0.05271    0.9213  219.4860  218.2898  104.0414     1.1538    24 114
   0.49999E+09     1.1250 0.05036    1.2908  292.1695  165.5756   77.3491     1.1817    28 114
   0.49999E+09     1.0992 0.02486    2.6770  102.2835   93.8921  250.9633     1.1265     1 115
   0.49999E+09     1.0732 0.01831    2.1223   88.0843  113.5614  309.3245     1.0928     2 115
   0.49999E+09     1.1065 0.02232    1.9459   90.1763  194.7942  293.3336     1.1312     5 115
   0.49999E+09     1.0860 0.01835    1.6325   97.8478   94.7292  348.9572     1.1059    10 115
   0.49999E+09     1.1386 0.01923    2.4533  110.4219   75.2636  226.3023     1.1605    13 115
   0.49999E+09     1.1641 0.03754    3.3649   98.2937  219.1621  187.8660     1.2078    14 115
   0.49999E+09     1.1063 0.00813    2.1268   92.2938  293.9273  355.8885     1.1153    26 115
   0.49999E+09     1.1647 0.03749    1.9997  133.8536  345.0800  163.3935     1.2084     6 116
   0.49999E+09     1.1350 0.04867    1.1187  130.1393  307.7062  222.9676     1.1902     8 116
   0.49999E+09     1.1801 0.05915    4.4987  113.0548  309.2752  251.2568     1.2499    16 116
   0.49999E+09     1.1357 0.03063    1.1506  116.7722   80.6571  182.2519     1.1705    19 116
   0.49999E+09     1.2130 0.01848    0.2630  208.9430  234.8559   88.4335     1.2354    22 116
   0.49999E+09     1.2076 0.05275    2.9115  117.0888  340.1225  359.0930     1.2713    23 116
   0.49999E+09     1.1401 0.03192    0.8574  152.8955  293.7965   45.7209     1.1765    28 116
   0.49999E+09     1.1420 0.06576    0.8028  119.9173  341.5263  270.4643     1.2171     2 117
   0.49999E+09     1.1081 0.02677    0.7019  216.6327  134.8297  194.4411     1.1378     6 117
   0.49999E+09     1.1425 0.02623    1.3833   76.5957  340.0820   15.2840     1.1725     7 117
   0.49999E+09     1.0548 0.01795    0.8570  102.7965  110.0319  204.1902     1.0737    12 117
   0.49999E+09     1.1456 0.04399    2.3109   92.8210   52.7812  276.1326     1.1960    13 117
   0.49999E+09     1.1108 0.03287    1.2189  116.0691   84.5556  205.2927     1.1473    15 117
   0.49999E+09     1.1090 0.04053    0.6086   28.6819  104.6868  139.0051     1.1539    19 117
   0.49999E+09     1.1407 0.01913    1.1561  122.7460   37.9373  144.2674     1.1625    20 117
   0.49999E+09     1.1783 0.02739    2.1637  277.3752  309.0316  311.9458     1.2106    23 117
   0.49999E+09     1.0788 0.01196    0.6938   97.7167   42.6540   48.6117     1.0917    24 117
   0.49999E+09     1.1455 0.03478    0.8381  102.6093   27.3491   77.2245     1.1853    26 117
   0.49999E+09     1.1198 0.03368    0.8085  171.7867  229.8454  328.0902     1.1575    30 117
   0.49999E+09     1.1043 0.01581    2.3532  124.3954  300.9511  283.3785     1.1218     2 118
   0.49999E+09     1.1200 0.03404    2.5437  118.1943  270.9517   83.1383     1.1581    10 118
   0.49999E+09     1.0720 0.02069    1.8559  121.3096  263.1100  309.8203     1.0941    11 118
   0.49999E+09     1.1007 0.03423    2.5111  132.7459  255.9098   70.4766     1.1384    16 118
   0.49999E+09     1.1536 0.02349    3.1624  125.9898  308.6748  267.9500     1.1807    20 118
   0.49999E+09     1.1506 0.02766    3.0290  105.8330  321.3945   34.8432     1.1824    21 118
   0.49999E+09     1.1384 0.01920    2.9144  110.3148  335.7354  230.5870     1.1603    23 118
   0.49999E+09     1.0734 0.03438    2.7509  103.2321  272.5234  146.3697     1.1103    24 118
   0.49999E+09     1.1819 0.04250    1.3262  166.6340  255.6707  307.7339     1.2321    30 118
   0.49999E+09     1.1451 0.05734    1.4467   16.4501   18.0614  125.2443     1.2108     4 119
   0.49999E+09     1.1418 0.04414    1.8260    7.9939  359.8357  243.0724     1.1922     9 119
   0.49999E+09     1.1738 0.01604    1.8601   67.7458  297.7471  263.9643     1.1927    22 119
   0.49999E+09     1.1377 0.02739    1.7349   16.9660   16.4419  286.5104     1.1689    26 119
   0.49999E+09     1.1543 0.03823    1.3186   37.3736   83.6953  156.4135     1.1985    30 119
   0.49999E+09     1.1378 0.04411    3.5010   99.9762    4.7962  133.2021     1.1880     2 120
   0.49999E+09     1.1807 0.03241    1.7850  161.9412  319.7559   76.8121     1.2189    12 120
   0.49999E+09     1.2137 0.01604    5.2413  107.0458   32.2694  211.3721     1.2332    13 120
   0.49999E+09     1.0594 0.00233    3.4975   96.5914   10.5353   75.9350     1.0619    20 120
   0.49999E+09     1.1245 0.01333    3.5337   84.9805  125.1747  117.9846     1.1395    23 120
   0.49999E+09     1.0725 0.01836    3.8262   93.3078   51.8914   60.9940     1.0922    24 120
   0.49999E+09     1.0750 0.01255    2.6412   92.9411   57.4957  131.6573     1.0885    25 120
   0.49999E+09     1.0903 0.04642    3.6444   79.4147   42.8223  225.8604     1.1409    28 120
   0.49999E+09     1.1236 0.02775    2.0338   75.5515    3.5533   68.1968     1.1547     5 121
   0.49999E+09     1.1836 0.03263    3.2413   25.6754  330.5562  328.3650     1.2222     8 121
   0.49999E+09     1.1437 0.02939    2.7002   71.8630  323.1378   47.5217     1.1773    10 121
   0.49999E+09     1.1348 0.05237    3.1937   81.1892   10.8891   89.1291     1.1943    11 121
   0.49999E+09     1.1420 0.04707    3.6035   57.3934  339.7340   89.6008     1.1958    14 121
   0.49999E+09     1.1226 0.05043    2.9040   87.1793  331.6978  305.5669     1.1792    16 121
   0.49999E+09     1.1648 0.01215    3.6874   77.7509  107.5073  339.9095     1.1789    19 121
   0.49999E+09     1.1410 0.03027    2.8721   70.4973  356.0308  357.9599     1.1755    27 121
   0.49999E+09     1.1642 0.03443    3.2775   81.8592  284.1408  237.2260     1.2043    28 121
   0.49999E+09     1.1333 0.04397    2.7466   89.2844  255.2179  173.8191     1.1832    30 121
   0.49999E+09     1.1749 0.00556    3.2538   39.3027  262.2277   44.5028     1.1815     1 122
   0.49999E+09     1.1500 0.02128    3.0398   51.5514   52.3110  149.1534     1.1745     2 122
   0.49999E+09     1.0934 0.06515    2.7052   41.6991   27.7690  357.4935     1.1646     3 122
   0.49999E+09     1.0933 0.05044    2.3661   58.1158   23.8537   12.9331     1.1485     7 122
   0.49999E+09     1.1569 0.04078    3.1060   68.0451  350.6076  274.5508     1.2040     9 122
   0.49999E+09     1.0887 0.03650    2.5561   54.5147  339.9303  315.1043     1.1284    15 122
   0.49999E+09     1.0983 0.04549    2.3032   47.5861  346.1878    5.9405     1.1483    16 122
   0.49999E+09     1.1309 0.03778    2.4061   44.2930   11.3157  288.1104     1.1736    17 122
   0.49999E+09     1.0603 0.04593    2.0932   50.4854  348.0055  224.6578     1.1090    30 122
   0.49999E+09     1.1260 0.01526    1.5286  132.1796   25.5188  304.8661     1.1432     3 123
   0.49999E+09     1.1519 0.06876    0.8950  138.7384  321.0226  315.4864     1.2311     5 123
   0.49999E+09     1.1639 0.02789    1.8891  119.2045   29.8289   20.8991     1.1964     6 123
   0.49999E+09     1.1138 0.01899    1.1347  132.5904   29.6030   69.6355     1.1350    12 123
   0.49999E+09     1.1192 0.04506    1.1693  128.0129  310.5917  150.4456     1.1697    14 123
   0.49999E+09     1.1815 0.02844    2.3411   80.0111   56.9217  184.1802     1.2151    16 123
   0.49999E+09     1.1541 0.06548    1.6984   91.3295    0.6318  231.9735     1.2296    19 123
   0.49999E+09     1.0899 0.03671    0.9546  112.1998  323.5654  201.2913     1.1299    21 123
   0.49999E+09     1.1459 0.02625    1.6616  101.7669  350.0981  244.1455     1.1759    27 123
   0.49999E+09     1.1441 0.03034    0.9005  123.6579  336.6031  169.9497     1.1788    29 123
   0.49999E+09     1.0838 0.04970    1.5048  132.5312  327.1363   33.2776     1.1376    30 123
   0.49999E+09     1.1388 0.01974    1.0312   49.6988  172.0843   36.4846     1.1612     2 124
   0.49999E+09     1.1702 0.03925    0.7157   70.1316   41.7520  261.6454     1.2161     7 124
   0.49999E+09     1.1310 0.04101    1.4327   57.9167  126.8515   79.2593     1.1774     8 124
   0.49999E+09     1.1399 0.05945    1.9483   35.1073  101.1383   51.6882     1.2076    11 124
   0.49999E+09     1.1257 0.05071    1.6392   62.2813  119.2884  170.6750     1.1828    12 124
   0.49999E+09     1.1570 0.02054    1.8214   30.9734  105.8635  178.0446     1.1807    20 124
   0.49999E+09     1.1202 0.05019    0.4031   47.9864  143.0865  287.9045     1.1764    21 124
   0.49999E+09     1.1102 0.00757    1.7539   73.6484  107.0827  262.6520     1.1186    28 124
   0.49999E+09     1.1527 0.03120    1.1508    3.1027  175.9104   93.7024     1.1887    29 124
   0.49999E+09     1.1729 0.05881    1.5676  149.0797   19.5375  293.9139     1.2419    30 124
   0.49999E+09     1.2091 0.03553    3.5940   93.3805  218.9621  127.8355     1.2520     3 125
   0.49999E+09     1.1748 0.02279    0.6004   17.4514   87.8216   22.3678     1.2016    10 125
   0.49999E+09     1.1551 0.02781    2.5453   48.1178  241.4206  135.4647     1.1872    17 125
   0.49999E+09     1.1685 0.01596    2.3328   35.2919  222.7123    8.2172     1.1871    21 125
   0.49999E+09     1.1114 0.02663    2.1869   69.3325  224.4119  267.2067     1.1410    22 125
   0.49999E+09     1.1119 0.02769    1.6213   23.0592  279.5795   41.1661     1.1427    25 125
   0.49999E+09     1.2145 0.04852    5.1435  168.9232  278.9198  140.3853     1.2734     3 126
   0.49999E+09     1.1657 0.02539    2.8075  156.8484  308.5649  210.7392     1.1953     4 126
   0.49999E+09     1.0918 0.01472    2.8001  154.3425  284.7046   11.9744     1.1079     6 126
   0.49999E+09     1.1169 0.01423    2.5362  154.9778    4.3325  136.4503     1.1328    13 126
   0.49999E+09     1.1526 0.01663    2.2447  169.1381   35.9038  164.0521     1.1718    14 126
   0.49999E+09     1.1696 0.03345    3.3173  156.1692   24.5552  319.6323     1.2088    18 126
   0.49999E+09     1.1677 0.01745    4.0246  161.3607   37.8501  255.6830     1.1881    22 126
   0.49999E+09     1.1018 0.04382    2.6964  152.2534    6.8620  194.4204     1.1501    29 126
   0.49999E+09     1.1373 0.05917    2.5399  164.0293   19.2685  284.4812     1.2046    30 126
   0.49999E+09     1.0944 0.00187    3.0216  114.3082  119.2713  316.6881     1.0965     1 127
   0.49999E+09     1.1108 0.03194    0.2835   86.4445  356.5955  199.0950     1.1463     2 127
   0.49999E+09     1.1505 0.04734    0.2261  192.5768  290.7549   93.3160     1.2050     5 127
   0.49999E+09     1.1574 0.04467    0.5059  293.5915  159.7701  149.1926     1.2091     9 127
   0.49999E+09     1.1166 0.03588    0.2347  207.8073  290.2950  217.5029     1.1567    11 127
   0.49999E+09     1.1655 0.01994    0.6315  172.0690  221.1548   52.8143     1.1888    12 127
   0.49999E+09     1.1556 0.07155    0.1705  253.3005  209.5880  144.0982     1.2383    14 127
   0.49999E+09     1.1016 0.05031    0.0247  133.0711  335.9035  108.8479     1.1570    20 127
   0.49999E+09     1.1112 0.01483    0.5631   94.5967    5.8152  197.5189     1.1277    24 127
   0.49999E+09     1.1578 0.04478    2.2147  219.1112  201.1074  292.3339     1.2096    28 127
   0.49999E+09     1.1812 0.05131    4.7508  118.5350  289.8197   76.1029     1.2419     3 128
   0.49999E+09     1.1419 0.06039    3.2471   44.0927   12.9596   76.5839     1.2109     4 128
   0.49999E+09     1.1363 0.05746    2.2320   57.1630   22.8782  164.4706     1.2016     6 128
   0.49999E+09     1.2120 0.05040    1.7305  116.1169  334.2647  350.2502     1.2731     7 128
   0.49999E+09     1.1250 0.02546    1.4080   24.0642   69.0634  353.0947     1.1536    11 128
   0.49999E+09     1.1324 0.04505    2.1920   51.4112   37.4318   75.3713     1.1834    13 128
   0.49999E+09     1.1327 0.01004    1.7568   30.9118   60.7087   38.0142     1.1441    22 128
   0.49999E+09     1.0930 0.01973    2.4642   57.3348   34.2224  276.1268     1.1146    23 128
   0.49999E+09     1.1271 0.03119    2.5399   53.6601   76.3137  215.6385     1.1622    26 128
   0.49999E+09     1.1077 0.05303    2.7878   39.4072   88.6358  286.8396     1.1664    27 128
   0.49999E+09     1.1312 0.02255    2.1604   58.7573   12.5655  155.1848     1.1567    28 128
   0.49999E+09     1.1250 0.06156    1.4967   76.9843   10.0597  246.7949     1.1942    29 128
   0.49999E+09     1.1461 0.01751    1.9931   55.2192  322.1709   38.8686     1.1661    30 128
   0.49999E+09     1.1444 0.01062    1.5658   33.9027   91.1440   95.2741     1.1565     6 129
   0.49999E+09     1.1232 0.01409    1.4750   38.5451   99.0111  276.3521     1.1391     7 129
   0.49999E+09     1.1138 0.04790    2.2471   54.7774  130.0522  308.5648     1.1671     8 129
   0.49999E+09     1.1149 0.01527    2.6592   48.6532   92.3764  348.4323     1.1319    10 129
   0.49999E+09     1.1131 0.01094    1.6110   92.4728  345.5548  109.6601     1.1253    11 129
   0.49999E+09     1.1492 0.01647    1.8316   73.1371  287.3820  272.8543     1.1681    14 129
   0.49999E+09     1.1134 0.03776    2.2675   52.2008   69.9655  308.9527     1.1555    15 129
   0.49999E+09     1.2136 0.00559    2.3114  346.2154  287.1260  124.1613     1.2203    16 129
   0.49999E+09     1.1755 0.06835    5.5867   36.6947   45.5971  310.1869     1.2558    21 129
   0.49999E+09     1.0781 0.00337    1.8724   81.4832   42.1023  215.6027     1.0817    24 129
   0.49999E+09     1.1581 0.00578    1.6691   75.3842  191.8824  157.3998     1.1648    25 129
   0.49999E+09     1.1255 0.04913    2.5629   81.6146  149.2232  248.1565     1.1808    26 129
   0.49999E+09     1.0896 0.02644    1.6452   78.9262   83.7564  183.1874     1.1184    29 129
   0.49999E+09     1.1691 0.04097    4.4834   74.5832  249.9724  261.9186     1.2170     1 130
   0.49999E+09     1.1377 0.03526    2.8567   77.6280  344.1402   36.3441     1.1778     2 130
   0.49999E+09     1.0767 0.00803    2.4825   81.6396  324.8081    7.8872     1.0853     4 130
   0.49999E+09     1.1311 0.03152    1.7483   96.4744  281.7965  347.5496     1.1667    12 130
   0.49999E+09     1.0950 0.01076    2.7422   80.7941  167.2184  312.3630     1.1068    13 130
   0.49999E+09     1.1115 0.01667    2.3048  101.6954  107.4838  160.9255     1.1300    14 130
   0.49999E+09     1.0909 0.03155    2.6528   77.2254  304.0104  230.3665     1.1253    19 130
   0.49999E+09     1.1329 0.00643    2.7705   98.3768   35.3070  170.6381     1.1402    28 130
   0.49999E+09     1.0649 0.04149    2.0801  111.1316  299.2468  153.9459     1.1091    11 131
   0.49999E+09     1.1202 0.00479    0.8920  126.0141  280.1277  185.2796     1.1255    12 131
   0.49999E+09     1.1018 0.01597    1.0749   88.1359   24.5335  256.4875     1.1194    13 131
   0.49999E+09     1.1537 0.03434    1.1341  103.5802  342.9554   93.6991     1.1933    18 131
   0.49999E+09     1.0925 0.02935    1.2691  142.1787  328.6711   23.8582     1.1246    20 131
   0.49999E+09     1.1329 0.04608    1.2335   76.2505   83.9624  216.2557     1.1851    30 131
   0.49999E+09     1.1106 0.03572    1.6528   60.6898   67.1317  228.5996     1.1503     5 132
   0.49999E+09     1.1670 0.03764    1.1506   34.6388  135.5855  116.7830     1.2110     8 132
   0.49999E+09     1.1219 0.05325    0.6899   90.6026   72.4681  193.2908     1.1817    12 132
   0.49999E+09     1.1532 0.02553    1.4268   79.4235   95.2382  219.9690     1.1826    13 132
   0.49999E+09     1.1236 0.03826    2.0994   92.8983   86.8525   41.2868     1.1666    15 132
   0.49999E+09     1.1422 0.03793    0.5843   35.8349  112.2372   29.1182     1.1855    17 132
   0.49999E+09     1.1561 0.02715    1.0853   34.5598  162.8452  127.4622     1.1875    18 132
   0.49999E+09     1.1506 0.02033    0.6528  103.3936   29.8099  162.4467     1.1740    25 132
   0.49999E+09     1.1204 0.04462    1.4506   65.4167   91.2804  225.9459     1.1704    26 132
   0.49999E+09     1.1270 0.02363    1.0330  110.7724   92.2425   32.2015     1.1536    30 132
   0.49999E+09     1.1354 0.01917    1.0613  120.3815  309.8638  271.5259     1.1572     2 133
   0.49999E+09     1.1226 0.03946    2.1115  119.6774   78.7222   48.1258     1.1669     5 133
   0.49999E+09     1.0498 0.02835    1.8498  101.5720   29.7315  256.8896     1.0796     9 133
   0.49999E+09     1.1387 0.02757    0.6925   91.3506  131.7790   12.5627     1.1701    12 133
   0.49999E+09     1.0678 0.00526    1.0316  106.1860  204.4262  152.6670     1.0734    16 133
   0.49999E+09     1.1642 0.00730    1.0562  127.6205  262.2177   34.3212     1.1727    20 133
   0.49999E+09     1.1206 0.03441    1.2125   84.1721  273.1307  327.4502     1.1592    25 133
   0.49999E+09     1.1339 0.00940    1.7900   93.0952  262.8871   23.2559     1.1445    26 133
   0.49999E+09     1.1721 0.06140    4.7220  120.3935  245.9959  125.1261     1.2441    30 133
   0.49999E+09     1.1136 0.06230    0.4460   13.1302   35.7661  335.0077     1.1830     2 134
   0.49999E+09     1.0979 0.03609    0.7162  302.3627  165.9018  179.3283     1.1375     5 134
   0.49999E+09     1.1410 0.04401    0.6339  215.8653  223.2635  247.2282     1.1912    10 134
   0.49999E+09     1.0968 0.01957    0.9331  332.3519   45.1651   58.4391     1.1183    13 134
   0.49999E+09     1.1688 0.05704    1.4009  348.7203   90.4257  165.0677     1.2355    19 134
   0.49999E+09     1.2135 0.02897    3.3714  309.1350   70.1142  293.1643     1.2486    27 134
   0.49999E+09     1.1318 0.01650    0.5602  175.1023  123.1462  340.8535     1.1504    28 134
   0.49999E+09     1.1060 0.01525    2.3937   93.5981   47.6925  325.7626     1.1229     1 135
   0.49999E+09     1.1336 0.03523    2.1783   86.6752  302.5032   57.3106     1.1735     3 135
   0.49999E+09     1.1161 0.03489    2.5063  104.3270  277.5124  114.3586     1.1551    13 135
   0.49999E+09     1.0723 0.01664    2.3177   76.8738  204.5885  332.4384     1.0901    18 135
   0.49999E+09     1.1197 0.04135    2.2420   88.4728  322.6970  108.2299     1.1660    21 135
   0.49999E+09     1.1509 0.01348    2.0303  103.8342  254.0499   24.6601     1.1664    22 135
   0.49999E+09     1.1574 0.04810    0.8738  320.4424  166.8192  262.7381     1.2131     2 136
   0.49999E+09     1.1160 0.01885    0.4694  110.8759   65.8650  302.9480     1.1371     3 136
   0.49999E+09     1.1367 0.02409    0.4096   20.5977   81.3365  161.4131     1.1641    12 136
   0.49999E+09     1.0959 0.05050    0.4819  159.5640  317.8874   37.7769     1.1512    15 136
   0.49999E+09     1.2141 0.02909    1.9644   33.3747  118.9058   39.4256     1.2495    18 136
   0.49999E+09     1.1208 0.03054    2.0120  110.8432  267.8612   41.9097     1.1550    30 136
   0.49999E+09     1.1576 0.02093    2.1242  115.0379   10.5433   70.2631     1.1818     1 137
   0.49999E+09     1.1104 0.02789    0.9237   96.9922  341.2624    2.9867     1.1414     3 137
   0.49999E+09     1.0812 0.02492    1.6717   97.5539  268.7448  163.5182     1.1082     7 137
   0.49999E+09     1.1405 0.03174    1.6436  130.7228  288.1458  304.0846     1.1767     8 137
   0.49999E+09     1.1661 0.01833    1.5919  101.4949   87.2695  350.1272     1.1875    12 137
   0.49999E+09     1.2129 0.02860    0.6697  169.9257  294.3705   81.1555     1.2476    15 137
   0.49999E+09     1.2128 0.01106    1.8204  144.8838  338.6181    0.1955     1.2262    16 137
   0.49999E+09     1.0760 0.00431    1.4678   98.7910  286.0917   80.0095     1.0807    18 137
   0.49999E+09     1.1357 0.02415    1.5837  109.7620  297.1413  115.0211     1.1631    21 137
   0.49999E+09     1.2138 0.04249    5.3765  158.8342  311.0282  152.7615     1.2654    22 137
   0.49999E+09     1.0935 0.02026    1.6816  100.0499   47.0648  157.5669     1.1157    24 137
   0.49999E+09     1.1137 0.02560    1.2760   97.9229  290.8884  100.2631     1.1422    26 137
   0.49999E+09     1.1579 0.02744    2.2337  114.3019  315.5015  108.4358     1.1897    29 137
   0.49999E+09     1.1238 0.03886    0.3410  245.5884  231.3508  355.8487     1.1675     1 138
   0.49999E+09     1.1537 0.02299    0.3930  292.7693  147.0442   23.6632     1.1802     4 138
   0.49999E+09     1.1499 0.06216    1.4657   73.4365   39.2915   74.1340     1.2213     6 138
   0.49999E+09     1.1019 0.05105    0.8273  171.7581  292.6272  271.3077     1.1581    10 138
   0.49999E+09     1.0651 0.07158    0.0245  133.1056  336.0826   16.1848     1.1413    12 138
   0.49999E+09     1.1551 0.00901    1.1498   48.6518    2.9006   77.2596     1.1655    14 138
   0.49999E+09     1.0476 0.06312    0.5015  266.8358  178.7839  168.0785     1.1137    15 138
   0.49999E+09     1.1355 0.05136    0.2085  314.4947  188.2196   16.5747     1.1938    16 138
   0.49999E+09     1.0729 0.03666    0.5665  221.4051  291.2575  349.1751     1.1123    18 138
   0.49999E+09     1.1309 0.03301    0.7851    5.4875   59.6208   78.6120     1.1682    19 138
   0.49999E+09     1.2151 0.06236    1.3429   69.7209   37.8650  326.9648     1.2909    22 138
   0.49999E+09     1.0733 0.05094    0.2229   29.0277   22.1209  140.5795     1.1279    24 138
   0.49999E+09     1.1265 0.03004    0.5792  194.6395  278.9704  199.3786     1.1603    26 138
   0.49999E+09     1.1048 0.02477    1.8270   78.4238   23.0808  267.2091     1.1322     1 139
   0.49999E+09     1.1810 0.01860    2.7991   49.2915  161.1383  274.9768     1.2029     3 139
   0.49999E+09     1.1050 0.01309    1.9791   90.5351   26.5937   72.8047     1.1195     5 139
   0.49999E+09     1.1106 0.03718    1.3164   90.2089  315.4823   62.9089     1.1519    13 139
   0.49999E+09     1.1454 0.02080    1.9268   47.5243  340.6743  223.3077     1.1692    16 139
   0.49999E+09     1.1356 0.01776    1.1633  109.8460  290.6791  139.8020     1.1557    17 139
   0.49999E+09     1.0724 0.03399    2.4288   65.6044   27.3995  269.6648     1.1089    19 139
   0.49999E+09     1.1542 0.02248    1.2193   83.5979   24.5101  264.3167     1.1801    20 139
   0.49999E+09     1.1264 0.05918    2.1019   73.2274   11.5005  198.9595     1.1931    22 139
   0.49999E+09     1.1100 0.02075    1.3640  100.7127  343.9874  332.9628     1.1330    23 139
   0.49999E+09     1.0693 0.02556    1.7292   96.3204  340.9511  358.2139     1.0966    26 139
   0.49999E+09     1.1684 0.02427    1.6317   85.9278  335.4845   53.9880     1.1967    28 139
   0.49999E+09     1.0500 0.05092    1.6829  106.7956  328.6921  157.9734     1.1034    29 139
   0.49999E+09     1.1097 0.01717    1.7420   59.0111  327.3447   11.6719     1.1288     1 140
   0.49999E+09     1.1064 0.01704    2.2936   34.1043    6.3751  359.8688     1.1252     4 140
   0.49999E+09     1.1553 0.01573    1.6686   46.0759  261.7097    8.0510     1.1734    15 140
   0.49999E+09     1.1807 0.03584    4.1710   69.0369  149.1444  231.8036     1.2231    16 140
   0.49999E+09     1.1101 0.02212    2.2151   57.2965  328.2070  171.1722     1.1347    20 140
   0.49999E+09     1.1133 0.02445    1.5429   75.1711  178.2493  306.6167     1.1406    26 140
   0.49999E+09     1.1905 0.04831    1.7707   53.8660  296.6293  292.5466     1.2480    28 140
   0.49999E+09     1.1531 0.01828    2.7246   50.2522  334.3639   56.6315     1.1742    29 140
   0.49999E+09     1.1735 0.02348    1.9065   50.6863  309.7846   70.2087     1.2010     1 141
   0.49999E+09     1.0956 0.02253    3.1298   83.0139  102.9893   81.7669     1.1202     2 141
   0.49999E+09     1.0962 0.02887    3.0403   85.1349   24.0867   86.3359     1.1278     4 141
   0.49999E+09     1.1645 0.04269    3.1447   78.1855  338.9016   92.4548     1.2142     6 141
   0.49999E+09     1.1085 0.04720    4.4396  106.9924  195.6062  304.8872     1.1608     7 141
   0.49999E+09     1.1122 0.02048    2.2337   98.7880  257.8540  355.1810     1.1350    10 141
   0.49999E+09     1.1811 0.06665    3.0421   78.5517    7.0728  222.6393     1.2598    24 141
   0.49999E+09     1.0959 0.00537    2.1650   91.5550   69.7263  288.6841     1.1018    25 141
   0.49999E+09     1.0824 0.01823    2.9791   85.0699  333.5903  106.1040     1.1021    28 141
   0.49999E+09     1.1251 0.03291    3.2362   79.7720  303.8801  299.3042     1.1621    30 141
   0.49999E+09     1.1308 0.04151    2.8048  140.5760   11.5290   80.7996     1.1778     4 142
   0.49999E+09     1.0815 0.00615    3.1609  135.1508  315.3320  273.5828     1.0882     7 142
   0.49999E+09     1.1328 0.05454    2.7241  119.9672    3.9729  118.6066     1.1946    12 142
   0.49999E+09     1.1341 0.03530    2.4332  148.8332    0.9164  336.9537     1.1742    13 142
   0.49999E+09     1.0647 0.01570    3.5645  135.0378   62.8771   97.7197     1.0814    16 142
   0.49999E+09     1.2127 0.02854    2.3577  165.0503  314.0831  145.6092     1.2473    18 142
   0.49999E+09     1.1651 0.03714    1.5578  152.6433  332.6876   27.1334     1.2084    30 142
   0.49999E+09     1.0587 0.01991    2.7231  101.9384    4.5987    8.9126     1.0798     2 143
   0.49999E+09     1.0659 0.03387    3.6017   97.6030   65.4551  246.9532     1.1020     7 143
   0.49999E+09     1.1589 0.02462    3.4294   85.2655   55.0712  263.2180     1.1875     8 143
   0.49999E+09     1.1186 0.02536    2.2564  114.9129  331.0074  247.6339     1.1470    11 143
   0.49999E+09     1.0969 0.03252    2.6631  105.5596  351.0225  226.3309     1.1325    13 143
   0.49999E+09     1.1272 0.05146    3.2083  103.2538  348.9833   81.1770     1.1852    18 143
   0.49999E+09     1.1018 0.04094    2.4286   99.4206   61.5964   21.4044     1.1469    19 143
   0.49999E+09     1.1696 0.00616    2.3506  106.9893  221.2441   73.7919     1.1768    23 143
   0.49999E+09     1.1419 0.03480    2.1267  127.9971  222.5250  218.1204     1.1816     2 144
   0.49999E+09     1.1134 0.04304    1.3541  141.9489  194.4864  269.6434     1.1613    17 144
   0.49999E+09     1.1551 0.02871    1.6416  162.8581  182.0117  154.1337     1.1882    19 144
   0.49999E+09     1.1506 0.03577    1.3873  134.5954  189.6485  261.7056     1.1917    20 144
   0.49999E+09     1.1033 0.02998    1.6734  129.9565  178.6228  314.3215     1.1364    26 144
   0.49999E+09     1.1655 0.04662    2.3237   84.8490   54.8514  274.8176     1.2199     5 145
   0.49999E+09     1.1514 0.03756    2.1521  110.3875  316.5691   42.9496     1.1946    13 145
   0.49999E+09     1.1075 0.07342    2.0952  110.0595    1.4407  310.0056     1.1888    24 145
   0.49999E+09     1.0958 0.05203    1.9739  109.3559  359.3988  306.5045     1.1528    27 145
   0.49999E+09     1.0985 0.04381    1.8392  126.7793   14.4695  176.1717     1.1466     3 147
   0.49999E+09     1.1667 0.02842    2.1414  135.0137  297.6011   96.3085     1.1999     4 147
   0.49999E+09     1.1395 0.02628    2.5954  120.8416   26.3765  250.0395     1.1695     7 147
   0.49999E+09     1.1521 0.01245    3.0552  121.7209  272.9308  317.7382     1.1665    10 147
   0.49999E+09     1.1034 0.04714    2.3432  126.8994   11.2576  178.6676     1.1554    17 147
   0.49999E+09     1.1248 0.03440    1.7620  111.9535   36.5577   50.8972     1.1635    18 147
   0.49999E+09     1.1191 0.02803    1.9490  120.8851  293.6054  316.9363     1.1505    24 147
   0.49999E+09     1.1649 0.04028    2.4896  128.9046  320.6218  326.1116     1.2119    25 147
   0.49999E+09     1.0599 0.06837    3.5363  116.1550   26.8422  157.4038     1.1324    28 147
   0.49999E+09     1.1232 0.01851    2.9152   85.4161   36.4520  349.7379     1.1440     2 148
   0.49999E+09     1.1279 0.02353    2.0300   97.5181    7.3382  347.9076     1.1545     4 148
   0.49999E+09     1.1275 0.01391    1.8766   94.3919   63.7533  248.7843     1.1432     7 148
   0.49999E+09     1.0935 0.02446    1.1974  112.9537  348.2082  219.6326     1.1202    13 148
   0.49999E+09     1.0970 0.01843    1.9378   69.6322   54.9498  240.5837     1.1172    16 148
   0.49999E+09     1.1228 0.03504    2.2887   83.7968   19.6985  315.8037     1.1621    19 148
   0.49999E+09     1.1007 0.00315    1.6153   59.5992   27.3867   12.1258     1.1042    21 148
   0.49999E+09     1.1116 0.03428    2.1500   65.3146   34.5296  341.6526     1.1497    25 148
   0.49999E+09     1.1640 0.02298    3.2440   84.9540  264.0680  283.9788     1.1908    26 148
   0.49999E+09     1.1349 0.01230    2.5531   93.0159  305.0369  279.5755     1.1488    28 148
   0.49999E+09     1.1537 0.05359    2.2868   92.1593    5.7168  231.2880     1.2156    30 148
   0.49999E+09     1.1442 0.03673    1.6925  159.1302  264.2442  210.9409     1.1862     2 149
   0.49999E+09     1.1501 0.03593    1.3693  143.5112  266.7600   31.4929     1.1914     5 149
   0.49999E+09     1.1454 0.03453    1.0742  153.9505  297.9073    9.9999     1.1850     9 149
   0.49999E+09     1.1561 0.04764    1.7243  145.0470  311.4832  113.3572     1.2112    10 149
   0.49999E+09     1.0791 0.04417    1.7520  142.9806  264.9887  328.5305     1.1268    11 149
   0.49999E+09     1.1445 0.04478    1.9154  150.2650  323.5436  183.3918     1.1957    13 149
   0.49999E+09     1.1551 0.01472    1.4174  158.8570  346.5315   14.3730     1.1721    18 149
   0.49999E+09     1.1279 0.06369    1.4073  147.8584  315.7809  220.0017     1.1997    24 149
   0.49999E+09     1.1540 0.02682    2.0579  114.6983  344.4937  301.0228     1.1850    29 149
   0.49999E+09     1.1265 0.00869    0.9256  101.0269   82.5072  351.1704     1.1363     2 150
   0.49999E+09     1.1032 0.03722    1.4004  129.8613   24.5377  143.7262     1.1442    21 150
   0.49999E+09     1.1196 0.03728    1.4074  143.2981   98.7376   16.7318     1.1613    22 150
   0.49999E+09     1.1637 0.07453    1.6643  209.7171  290.1475  109.9291     1.2504    24 150
   0.49999E+09     1.0777 0.01576    1.2120  130.5545   44.1355   17.8094     1.0947    29 150
   0.49999E+09     1.1364 0.02012    1.4158  103.6638   28.4700   64.3310     1.1593    30 150
   0.49999E+09     1.1327 0.04237    1.0808   89.6359  286.0867  112.8448     1.1807     1 151
   0.49999E+09     1.1657 0.00835    1.3264  125.8247  247.4217  296.2300     1.1754    17 151
   0.49999E+09     1.0942 0.01811    0.8262  110.6427  299.5148  183.2678     1.1140    18 151
   0.49999E+09     1.1321 0.03429    1.8969  107.2608  297.9676   58.1710     1.1709    27 151
   0.49999E+09     1.1211 0.01148    1.4342   83.5570  311.7025   74.2811     1.1340    29 151
   0.49999E+09     1.0819 0.01617    1.0880   63.3477  319.0585    9.7621     1.0994    30 151
   0.49999E+09     1.0832 0.05177    2.0023   88.7364  334.7234   78.3075     1.1393     3 152
   0.49999E+09     1.0922 0.05076    1.9412  111.0563  286.2555  153.1965     1.1477    12 152
   0.49999E+09     1.1583 0.05261    1.3171  137.6651  312.3106  261.9816     1.2192    14 152
   0.49999E+09     1.1315 0.03945    2.0579  129.9971  285.8140   96.5488     1.1761    26 152
   0.49999E+09     1.1035 0.04168    1.0029   74.4645  318.5245  283.9983     1.1495    27 152
   0.49999E+09     1.1374 0.04050    1.8143  113.2695  337.3532   89.9264     1.1834    28 152
   0.49999E+09     1.1390 0.04300    0.5280   65.1462   16.0538  129.1926     1.1880     2 153
   0.49999E+09     1.1638 0.00792    1.9071  215.4702   57.2408  163.9953     1.1730     3 153
   0.49999E+09     1.1235 0.04999    0.9612  149.5851  280.2603  168.0176     1.1797     4 153
   0.49999E+09     1.1254 0.03034    1.0907  159.6665  237.4971   63.0979     1.1596     6 153
   0.49999E+09     1.1341 0.04590    1.5993  171.4645  287.8837  208.1161     1.1862     9 153
   0.49999E+09     1.2087 0.07105    3.5453  320.7782  121.8502   45.5988     1.2946    12 153
   0.49999E+09     1.1386 0.00752    1.3649  152.3827  334.7100  278.7981     1.1472    16 153
   0.49999E+09     1.0662 0.03334    1.1664  150.5311  218.6229   83.1929     1.1018    19 153
   0.49999E+09     1.0910 0.03879    0.4382  191.5447  264.9108  161.7141     1.1333    20 153
   0.49999E+09     1.0824 0.03013    0.7941  142.7325  319.0623  178.6723     1.1150    23 153
   0.49999E+09     1.1562 0.02134    0.6306   83.0016    3.9762  112.5112     1.1809    25 153
   0.49999E+09     1.1718 0.02000    1.7412  191.0521  302.8957  120.8630     1.1953    26 153
   0.49999E+09     1.1752 0.06562    4.1211  172.3355  304.3139   52.0839     1.2523    27 153
   0.49999E+09     1.2099 0.04485    3.5805  215.9524  251.5160   38.2767     1.2642     3 154
   0.49999E+09     1.2125 0.04324    2.7111  195.1921  287.1087   61.6028     1.2650     4 154
   0.49999E+09     1.1164 0.05268    2.6707  159.9876  344.1431  184.0919     1.1752     6 154
   0.49999E+09     1.1324 0.03878    2.6234  164.9339  341.0944  358.7219     1.1763     7 154
   0.49999E+09     1.0473 0.04538    2.0513  163.8611  319.9561  219.0834     1.0948    10 154
   0.49999E+09     1.1240 0.04955    2.1305  160.1455    2.2296  119.0556     1.1797    13 154
   0.49999E+09     1.1154 0.04987    1.9028  140.2828  331.7087  223.1940     1.1711    15 154
   0.49999E+09     1.0604 0.04969    2.0739  161.1854  317.1797  319.9762     1.1131    16 154
   0.49999E+09     1.2078 0.02787    3.9758  189.1807  298.2386  106.1105     1.2414    19 154
   0.49999E+09     1.2093 0.04299    1.3882  214.3288  282.4699  286.9207     1.2612    21 154
   0.49999E+09     1.1389 0.03558    2.6451  169.6387  357.5269  291.5929     1.1794    23 154
   0.49999E+09     1.1239 0.04591    2.8033  162.5666  337.9546   36.8192     1.1755    27 154
   0.49999E+09     1.1263 0.01188    0.3590  149.0468  299.4588  267.8226     1.1397     2 155
   0.49999E+09     1.1053 0.02823    0.8723  154.1311  291.2795  268.0344     1.1365     4 155
   0.49999E+09     1.1785 0.07136    3.4973  155.0821   65.4670  243.7935     1.2626     7 155
   0.49999E+09     1.1298 0.02294    0.7504  168.8632  333.5390  271.4526     1.1557     8 155
   0.49999E+09     1.0822 0.00672    0.5499  215.0580   20.8408  197.2625     1.0895     9 155
   0.49999E+09     1.1372 0.04072    0.6257  282.1183  240.6832  319.1580     1.1835    17 155
   0.49999E+09     1.1675 0.04227    1.2911  257.6365  218.1937  219.7322     1.2169    20 155
   0.49999E+09     1.2085 0.01785    4.4684  204.0156  201.6852   31.6789     1.2301    21 155
   0.49999E+09     1.1055 0.04346    1.1088  224.1859  291.9129  111.2755     1.1536    24 155
   0.49999E+09     1.1520 0.02153    0.6590    1.6737  134.2284  282.0771     1.1768    25 155
   0.49999E+09     1.0995 0.03438    0.4839   69.4842   91.1767   57.1510     1.1373    26 155
   0.49999E+09     1.1353 0.04090    2.1643   78.5520  333.5060  323.0174     1.1818     2 156
   0.49999E+09     1.0792 0.01903    2.8037   90.0013  301.6930  129.6101     1.0997    10 156
   0.49999E+09     1.1187 0.05354    2.9267   87.2164  346.9132  219.2894     1.1786    11 156
   0.49999E+09     1.1135 0.02209    2.2386   89.5074  336.8364  113.1058     1.1381    16 156
   0.49999E+09     1.1668 0.01056    2.9885   92.1573    0.9904  268.6108     1.1791    17 156
   0.49999E+09     1.0666 0.02132    1.9536   72.2847   26.1849  325.7537     1.0893    27 156
   0.49999E+09     1.1184 0.03478    2.0159  102.8478  322.8298  221.0460     1.1573    28 156
   0.49999E+09     1.0989 0.01240    2.2992   90.8274    9.1252  221.9689     1.1125    29 156
   0.49999E+09     1.0614 0.02878    2.0726   85.7483  318.0422  230.8793     1.0919     5 157
   0.49999E+09     1.2090 0.02724    2.0817  106.5597  273.4424   71.5776     1.2420    13 157
   0.49999E+09     1.1699 0.03371    4.2777   83.0035  352.0355   61.0606     1.2094    17 157
   0.49999E+09     1.1650 0.05358    1.0235   75.3059  254.6051   34.8320     1.2274    19 157
   0.49999E+09     1.1355 0.02162    2.3750   72.0369  295.9443  314.8825     1.1600    21 157
   0.49999E+09     1.1394 0.00880    3.0979   96.6231   99.1788  161.8885     1.1494    26 157
   0.49999E+09     1.1394 0.05393    2.0113   64.4542  304.1466  330.5218     1.2009    27 157
   0.49999E+09     1.1168 0.02430    2.9577   89.7480  248.9098  340.4218     1.1440    28 157
   0.49999E+09     1.1331 0.02087    2.6664   90.5891  276.9005  229.9647     1.1567    29 157
   0.49999E+09     1.1426 0.02893    3.0594  104.1193   14.5762   94.2425     1.1757     4 158
   0.49999E+09     1.1248 0.03837    2.9279   88.3649  335.3018  304.9392     1.1680    15 158
   0.49999E+09     1.0602 0.03051    3.8632   88.0003   51.4230  345.8717     1.0926    19 158
   0.49999E+09     1.1039 0.04223    3.0401   97.5371  333.4399   55.8385     1.1505    24 158
   0.49999E+09     1.0632 0.02269    4.3670  104.5469  337.9520  315.0826     1.0873    25 158
   0.49999E+09     1.1170 0.03079    4.0596   95.6039  284.7415  280.4420     1.1514    30 158
   0.49999E+09     1.1593 0.01626    2.1118   80.7930   66.8573    5.1913     1.1782     7 159
   0.49999E+09     1.1250 0.01611    2.5058   84.9621   51.3409  109.7124     1.1431     8 159
   0.49999E+09     1.1297 0.01543    1.2298   64.5158  133.7197  355.7256     1.1471    10 159
   0.49999E+09     1.1412 0.04228    1.7529   58.8184   39.9070  334.9966     1.1894    12 159
   0.49999E+09     1.1234 0.02617    2.1812   68.1429   67.2289  328.4979     1.1528    14 159
   0.49999E+09     1.1032 0.01527    2.3254   76.4852  110.4346  212.6477     1.1200    15 159
   0.49999E+09     1.1263 0.01578    2.5919   83.3317  108.0272  152.7748     1.1440    29 159
   0.49999E+09     1.2155 0.03935    2.1119  316.6644  115.1412   37.5916     1.2634     5 160
   0.49999E+09     1.1556 0.02737    1.2494  112.8300  314.5634  156.7776     1.1872     6 160
   0.49999E+09     1.0661 0.02903    2.8301   86.5615  146.8467  330.2762     1.0970     8 160
   0.49999E+09     1.2097 0.01705    1.8689  125.9200  250.9078  193.8831     1.2304     9 160
   0.49999E+09     1.1166 0.01053    2.0215   87.6857  114.1455   95.8579     1.1283    13 160
   0.49999E+09     1.2077 0.01704    5.3960    4.8929   12.4210  186.1928     1.2283    15 160
   0.49999E+09     1.1532 0.00431    2.0670   94.0851  271.0770  323.3603     1.1581    28 160
   0.49999E+09     1.1080 0.03226    1.5416   90.3755  338.5668   20.0950     1.1438    29 160
   0.49999E+09     1.1682 0.02151    2.1902  248.5153  206.2609   74.0420     1.1933     3 161
   0.49999E+09     1.1442 0.04538    2.3882  246.9482  248.9059  316.4729     1.1961     8 161
   0.49999E+09     1.1337 0.03294    1.3774  243.0529  270.2386  316.2511     1.1710     9 161
   0.49999E+09     1.1154 0.01867    1.1480  249.0222  290.5715  335.0885     1.1362    13 161
   0.49999E+09     1.0510 0.05044    1.4401  254.7443  224.5906   58.8509     1.1040    15 161
   0.49999E+09     1.1549 0.01233    2.2363  229.3650  272.2498   97.5688     1.1691    18 161
   0.49999E+09     1.1117 0.02473    2.1602  242.1121  303.5513   18.4378     1.1392    22 161
   0.49999E+09     1.0919 0.02298    1.7145  261.8064  290.8592  307.5451     1.1170    25 161
   0.49999E+09     1.1028 0.03454    2.8109  101.7463  348.5368    5.5502     1.1409     1 162
   0.49999E+09     1.1295 0.04035    2.8833   52.2795   80.2506   99.3447     1.1750    16 162
   0.49999E+09     1.1829 0.04626    3.0313   70.8614  358.2326  179.9286     1.2376    20 162
   0.49999E+09     1.1389 0.05812    2.0233  105.2644  352.6641  250.0817     1.2051    21 162
   0.49999E+09     1.1448 0.02945    3.1540   97.1592   18.2638  214.0249     1.1785    29 162
   0.49999E+09     1.1495 0.05946    1.6287   89.5141    6.6026  184.3140     1.2179    30 162
   0.49999E+09     1.1505 0.04417    2.0416  132.7095  346.1088  268.6380     1.2013     4 163
   0.49999E+09     1.1572 0.02406    1.7437  111.0578  333.3308   98.9417     1.1850     5 163
   0.49999E+09     1.1102 0.03135    2.4630  113.3753  322.0449  151.8409     1.1450    10 163
   0.49999E+09     1.1546 0.05553    2.4557   90.8870   45.9286  319.8071     1.2187    13 163
   0.49999E+09     1.1062 0.04553    1.2768  114.8486  342.3949   76.7652     1.1566    15 163
   0.49999E+09     1.1390 0.03101    1.1909  117.5086   17.6842   71.1703     1.1743    17 163
   0.49999E+09     1.2143 0.08558    6.5197  229.6168  268.9976  120.2638     1.3183    18 163
   0.49999E+09     1.0612 0.03514    2.0698  127.6115  341.1047  218.4304     1.0985    22 163
   0.49999E+09     1.1415 0.05148    1.5473   72.4806  336.6206  354.0802     1.2003    25 163
   0.49999E+09     1.1365 0.04122    1.5529  106.9390  350.1366  289.3756     1.1833    28 163
   0.49999E+09     1.1427 0.02714    1.8535   56.6169  308.9412  251.7915     1.1737     2 164
   0.49999E+09     1.0736 0.03791    1.2661   96.6147  266.5174  150.6707     1.1143     9 164
   0.49999E+09     1.0505 0.00138    2.6584   66.2462  190.1702   59.5721     1.0520    11 164
   0.49999E+09     1.1682 0.02002    1.4683   53.4398  276.4204  145.4798     1.1916    12 164
   0.49999E+09     1.1247 0.02870    2.3772   92.1805  204.9600  340.3676     1.1569    13 164
   0.49999E+09     1.1402 0.01890    2.3079   62.1480  310.9756  124.4922     1.1617    14 164
   0.49999E+09     1.1374 0.02254    1.3121   78.4026  197.7833  354.5394     1.1630    15 164
   0.49999E+09     1.1199 0.01060    2.5534   75.6506  251.4625   58.4052     1.1317    19 164
   0.49999E+09     1.1527 0.01100    1.9900   38.6795  224.2564  105.7530     1.1654    20 164
   0.49999E+09     1.1081 0.03437    2.4788   76.0744  123.9106  164.6847     1.1462    22 164
   0.49999E+09     1.1666 0.02513    1.8923   77.0644  137.7632   36.9563     1.1959    30 164
   0.49999E+09     1.1376 0.01905    1.2184  132.5651  190.4400  120.6367     1.1592     4 165
   0.49999E+09     1.1663 0.00511    2.4639  163.9042  125.9519  214.2963     1.1722     9 165
   0.49999E+09     1.0778 0.02298    1.6763  154.9125  200.4655  152.9628     1.1026    20 165
   0.49999E+09     1.0723 0.01843    2.4918  160.8112   43.6710  147.1882     1.0921    21 165
   0.49999E+09     1.1363 0.00498    2.3111  180.6390  274.0143  225.1553     1.1419    26 165
   0.49999E+09     1.1576 0.01273    2.3477  142.5403  309.8746   69.5447     1.1723    30 165
   0.49999E+09     1.2131 0.00627    2.1955   20.7506  263.0192  239.9455     1.2207     1 166
   0.49999E+09     1.1053 0.02180    1.1211   45.6994   75.7047  110.5371     1.1294     2 166
   0.49999E+09     1.1408 0.01789    1.1120   32.7082  300.8961  315.1114     1.1612     6 166
   0.49999E+09     1.1704 0.01447    1.2726   26.2464   40.4555   21.1931     1.1873     7 166
   0.49999E+09     1.1101 0.04423    1.4943  195.1199  170.9075   21.3556     1.1592     9 166
   0.49999E+09     1.1656 0.01129    1.6665  115.1463  108.8190  214.3238     1.1788    13 166
   0.49999E+09     1.0599 0.03240    1.2752   72.9634   87.7645  340.1291     1.0942    14 166
   0.49999E+09     1.0893 0.02427    1.2187   76.7253  144.2700  244.2159     1.1158    16 166
   0.49999E+09     1.1571 0.00553    1.1634  146.2119  200.2744  195.3379     1.1635    18 166
   0.49999E+09     1.1394 0.03431    1.2543   61.9137   65.1449  116.5910     1.1785     2 167
   0.49999E+09     1.1263 0.04079    0.7256  127.3761   12.2808  289.9285     1.1722     5 167
   0.49999E+09     1.1042 0.02655    1.3363   86.1867  289.4901   49.5710     1.1335     6 167
   0.49999E+09     1.1350 0.00231    0.4975   51.9104  117.8786  146.1862     1.1377    16 167
   0.49999E+09     1.1080 0.01306    0.3020   50.2163   59.9505  204.4681     1.1225    19 167
   0.49999E+09     1.1806 0.02401    0.3479  290.4568  210.1908  183.3132     1.2089    24 167
   0.49999E+09     1.1075 0.03335    0.3544   38.8370   49.1961  154.5576     1.1445    28 167
   0.49999E+09     1.0920 0.01524    0.5492   49.4644   61.1998   66.6179     1.1086    30 167
   0.49999E+09     1.1417 0.01521    0.3949  300.7465  175.6574  335.0874     1.1590     1 168
   0.49999E+09     1.2117 0.01305    3.3005  263.6896   89.6050  166.1324     1.2275     4 168
   0.49999E+09     1.1722 0.01367    0.7155  270.0807   77.2508  235.3319     1.1882     9 168
   0.49999E+09     1.0757 0.00478    0.7226  185.9544  308.8596  102.3653     1.0808    12 168
   0.49999E+09     1.1315 0.00932    0.4929  157.0454   68.9105  347.7758     1.1421    15 168
   0.49999E+09     1.1522 0.04632    1.6191  166.0941  283.8908  110.0858     1.2055    17 168
   0.49999E+09     1.1551 0.03840    0.7398  234.6007  155.8682  290.4781     1.1994    19 168
   0.49999E+09     1.1356 0.03560    0.7596  189.1486    1.1211  135.6448     1.1760    20 168
   0.49999E+09     1.1673 0.02416    1.6702  241.1226  118.5161  195.1409     1.1955    22 168
   0.49999E+09     1.1398 0.01917    1.2799  216.9362  271.9834  121.1449     1.1617    27 168
   0.49999E+09     1.1320 0.02881    1.0129  194.1013    6.4314  282.5925     1.1646    29 168
   0.49999E+09     1.1107 0.01887    0.9715  205.8635  209.4129  176.1752     1.1317    30 168
   0.49999E+09     1.0966 0.00377    3.5507   60.3654    4.3354   48.2891     1.1007    11 169
   0.49999E+09     1.1355 0.02232    3.4041   77.2590  154.6912  233.4167     1.1609    16 169
   0.49999E+09     1.0983 0.03523    2.9374   65.3332  198.2998    1.1046     1.1370    19 169
   0.49999E+09     1.1333 0.04727    2.9340   43.4125  252.7824  122.2464     1.1869    27 169
   0.49999E+09     1.1679 0.03536    1.4930   51.5607  121.9539  164.8141     1.2092    29 169
   0.49999E+09     1.1055 0.06581    1.9941   67.2366   85.5984  321.8110     1.1783     4 170
   0.49999E+09     1.1129 0.04478    3.1102   66.1787   52.3257  337.6110     1.1627     6 170
   0.49999E+09     1.1711 0.06916    2.1216   73.2426   65.8848  233.7248     1.2521     8 170
   0.49999E+09     1.0909 0.02702    2.2137   67.9421   95.8009  162.1423     1.1204    10 170
   0.49999E+09     1.0950 0.01151    2.7104   64.0551   28.2942  160.7079     1.1076    13 170
   0.49999E+09     1.1526 0.02829    1.9671   67.4826   65.5452  192.6747     1.1852    14 170
   0.49999E+09     1.1683 0.05608    3.2892   82.0302   84.0760    4.7921     1.2338    18 170
   0.49999E+09     1.2146 0.03942    3.0635   52.7862   44.8328   11.3755     1.2624    20 170
   0.49999E+09     1.1565 0.08902    0.9200   48.8247   73.9633  294.4332     1.2595    30 170
   0.49999E+09     1.1682 0.03271    4.0830  107.6213   29.3724   16.5628     1.2064     1 171
   0.49999E+09     1.1111 0.04975    2.7384  113.4166   29.3539  192.9067     1.1664    11 171
   0.49999E+09     1.0879 0.04148    3.0940  107.3675  358.8176  230.5384     1.1331    12 171
   0.49999E+09     1.0940 0.04617    5.2478  104.1017  334.0819  239.4067     1.1445    20 171
   0.49999E+09     1.0555 0.05089    3.0930  112.1737  324.3764  182.9359     1.1092    21 171
   0.49999E+09     1.0726 0.05620    3.4204   94.1008  337.6920  264.5669     1.1329    24 171
   0.49999E+09     1.1352 0.03039    3.7865  109.9875   31.5944   57.8244     1.1697    26 171
   0.49999E+09     1.1173 0.02979    2.9152   97.7172   26.1541  277.4261     1.1506     3 172
   0.49999E+09     1.1293 0.02636    1.3378  102.2639   52.3344   56.1616     1.1591     5 172
   0.49999E+09     1.0641 0.04427    2.4611   87.2430   59.0729  298.6918     1.1112    10 172
   0.49999E+09     1.1694 0.04097    2.5157   90.5708   39.6448  353.4281     1.2173    11 172
   0.49999E+09     1.1331 0.05331    2.8906  103.1702    9.1712  355.3800     1.1936    12 172
   0.49999E+09     1.0599 0.02651    1.6293  113.9556   23.7578  335.3969     1.0880    16 172
   0.49999E+09     1.1752 0.02167    2.4317   99.6279  300.0247  269.8111     1.2006    17 172
   0.49999E+09     1.0601 0.07283    1.7127  105.5320   41.0884  205.9972     1.1373    20 172
   0.49999E+09     1.2092 0.03537    5.1237   65.3643   37.8920  188.3213     1.2520    25 172
   0.49999E+09     1.0729 0.05113    1.8700   91.5126   41.9340  200.5201     1.1277    26 172
   0.49999E+09     1.0603 0.04483    2.0092  101.6136   22.6421   69.0542     1.1078    12 173
   0.49999E+09     1.1352 0.04060    1.8658   93.5419   13.6443   58.7997     1.1813    15 173
   0.49999E+09     1.1110 0.03586    2.9083  106.5629   26.5049   21.0678     1.1508    16 173
   0.49999E+09     1.1116 0.03989    2.2016  104.9424  345.9771  190.5227     1.1559    19 173
   0.49999E+09     1.1075 0.06373    1.8760  102.3795   13.5932  330.3104     1.1781    23 173
   0.49999E+09     1.0878 0.04390    1.6870   84.1218   28.0883  109.9876     1.1356    26 173
   0.49999E+09     1.0781 0.01928    1.5385  116.5265   15.1181  222.6981     1.0989    29 173
   0.49999E+09     1.0684 0.01387    2.2799   98.9881    6.2507  249.5960     1.0832    30 173
   0.49999E+09     1.1253 0.01914    1.1401   76.4821  207.6087  308.2553     1.1468     2 174
   0.49999E+09     1.1544 0.03577    2.0486   27.3185  242.5652  137.8233     1.1957     4 174
   0.49999E+09     1.0812 0.01875    1.8834   64.0479  166.0456  292.4319     1.1015    12 174
   0.49999E+09     1.1753 0.04991    4.7850   45.2312  220.6341  226.7179     1.2339    16 174
   0.49999E+09     1.1521 0.04401    2.0252   76.7881  327.6434  107.7563     1.2028    22 174
   0.49999E+09     1.1010 0.02167    1.3100   67.2502  159.6171   63.9253     1.1249    26 174
   0.49999E+09     1.2088 0.00695    2.7401  201.6391  308.8454   97.7278     1.2172    30 174
   0.49999E+09     1.1716 0.02614    0.8658  251.4315  170.6223  284.6045     1.2023     2 175
   0.49999E+09     1.1149 0.04523    1.4061  284.6274  117.0260  123.8472     1.1653     5 175
   0.49999E+09     1.1107 0.04735    0.9544  355.1658   44.5575  345.4567     1.1632     8 175
   0.49999E+09     1.0792 0.02299    1.2834  325.5835   94.9183  228.8220     1.1040     9 175
   0.49999E+09     1.1059 0.02910    0.6056  310.5362   60.9154   74.4960     1.1381    11 175
   0.49999E+09     1.1345 0.03910    1.2947  260.6478  153.0205  141.7237     1.1789    12 175
   0.49999E+09     1.1508 0.03467    0.6738  267.1184  159.1280  186.2370     1.1907    15 175
   0.49999E+09     1.1087 0.05522    1.4320  309.1267  125.2790   69.8202     1.1699    18 175
   0.49999E+09     1.1325 0.01981    0.5446  358.5336   25.7811  358.4358     1.1549    22 175
   0.49999E+09     1.1186 0.03840    0.2626  115.2972  280.4700   94.6075     1.1615    24 175
   0.49999E+09     1.1551 0.04885    0.8434  291.3769   34.1136   75.0017     1.2115    30 175
   0.49999E+09     1.1255 0.04099    2.6944   98.9927  345.2979  191.7873     1.1717     1 176
   0.49999E+09     1.1039 0.02648    2.7719  100.2751   34.9670  226.5588     1.1331     4 176
   0.49999E+09     1.1641 0.05959    2.1617  109.2996  350.5105  170.7599     1.2335    11 176
   0.49999E+09     1.1540 0.03386    1.7880   71.1971    6.4723  132.6673     1.1931    12 176
   0.49999E+09     1.1651 0.03190    2.9309  110.2681  340.0400  326.2008     1.2023    14 176
   0.49999E+09     1.0990 0.03800    3.1100  109.0932  352.2844  145.6975     1.1407    15 176
   0.49999E+09     1.1321 0.07492    2.5237   96.0054    3.3841  355.9156     1.2170    18 176
   0.49999E+09     1.1404 0.03640    2.8695   92.1764   47.2499  213.8018     1.1819    20 176
   0.49999E+09     1.1415 0.03911    2.9380   98.9271   50.4586  236.7864     1.1861    22 176
   0.49999E+09     1.1565 0.05557    3.6910   93.2752    1.8869   51.4315     1.2207    23 176
   0.49999E+09     1.1637 0.05366    2.7978   98.5288  354.6007  336.9822     1.2262    27 176
   0.49999E+09     1.1350 0.02362    3.2892  109.3042  291.1589  279.7769     1.1618    29 176
   0.49999E+09     1.1331 0.04325    1.8653   33.0115   63.1036  189.9458     1.1821     6 177
   0.49999E+09     1.1461 0.01152    3.2587   58.2511    5.6495  345.2028     1.1593     8 177
   0.49999E+09     1.1106 0.03915    3.0324   34.3985   37.8382  164.3643     1.1540    14 177
   0.49999E+09     1.2129 0.00316    5.4630   30.6353  327.2249  170.0365     1.2167    27 177
   0.49999E+09     1.1032 0.00547    2.8937   39.7653  110.6360  292.2179     1.1092    30 177
   0.49999E+09     1.2154 0.01939    1.6354   70.1407  316.6887  323.7724     1.2389     2 178
   0.49999E+09     1.1426 0.04050    1.7485  168.1052  151.3229  358.1120     1.1889     7 178
   0.49999E+09     1.1720 0.03167    1.6571  132.3675  271.8193   38.3688     1.2091    11 178
   0.49999E+09     1.1074 0.05443    2.1874  145.8622  186.8789  243.8726     1.1676    15 178
   0.49999E+09     1.1805 0.06171    0.5845  222.3260   90.1702   69.4238     1.2534    16 178
   0.49999E+09     1.1550 0.03491    2.7668  163.1501  108.6115  197.1428     1.1953    18 178
   0.49999E+09     1.0539 0.03541    1.4444  167.0862  176.5598  282.3531     1.0912    24 178
   0.49999E+09     1.2132 0.02739    1.8733  186.7620  207.1065  325.9120     1.2464    28 178
   0.49999E+09     1.0735 0.01676    1.3997  107.5669   59.0936  327.5974     1.0915     1 180
   0.49999E+09     1.0975 0.02189    0.6854  144.6804  337.7945   98.0801     1.1215     6 180
   0.49999E+09     1.1371 0.06756    0.8501  129.3796  331.2247  136.2662     1.2139     9 180
   0.49999E+09     1.0798 0.02970    0.9611  160.8921  323.8369   30.2014     1.1119    10 180
   0.49999E+09     1.1516 0.03601    1.4010  158.6821  353.8388  280.8800     1.1931    16 180
   0.49999E+09     1.1120 0.05586    0.9330   45.9145   75.5398  338.8404     1.1742    18 180
   0.49999E+09     1.0945 0.00745    0.1258   68.5993   48.7606  164.7368     1.1026    19 180
   0.49999E+09     1.0720 0.06300    0.8334  135.4249  330.5165   26.7528     1.1396    22 180
   0.49999E+09     1.1538 0.01802    1.4517  191.0915  257.9702  177.5872     1.1746    24 180
   0.49999E+09     1.2135 0.03093    1.2409  262.5437  239.2871  271.1435     1.2511    30 180
   0.49999E+09     1.1172 0.02758    0.9225   71.5273   38.5793   44.8467     1.1480     7 181
   0.49999E+09     1.0954 0.02372    1.7482   57.2245   57.0626  259.8245     1.1214    16 181
   0.49999E+09     1.0883 0.02317    1.8586   20.8386   90.0617  155.4772     1.1135    19 181
   0.49999E+09     1.1268 0.04467    1.0863  342.2472   94.0535  346.0742     1.1771    22 181
   0.49999E+09     1.2141 0.01948    4.5162   29.5656   27.5019   28.4822     1.2377    25 181
   0.49999E+09     1.1076 0.04444    1.4389   21.1510   95.0368  103.5836     1.1569    26 181
   0.49999E+09     1.1238 0.03315    1.4895   22.0444   99.7192   98.6301     1.1611    28 181
   0.49999E+09     1.1583 0.03181    1.8296   36.7184   37.9820    2.8224     1.1952    30 181
   0.49999E+09     1.1045 0.04280    2.5749  102.0914   16.7220  252.3666     1.1518     6 182
   0.49999E+09     1.1286 0.02595    3.5904   60.2516  253.9052  217.4551     1.1579    10 182
   0.49999E+09     1.1844 0.05422    3.5795  105.8531  335.3219  359.8122     1.2486    15 182
   0.49999E+09     1.1109 0.02455    2.5347  114.3848   42.5090  274.6987     1.1382    23 182
   0.49999E+09     1.1242 0.03204    2.2373   87.5626  306.8812  204.7709     1.1603    26 182
   0.49999E+09     1.1679 0.00626    2.0084  101.4237   50.0899  163.6385     1.1752    27 182
   0.49999E+09     1.1339 0.03288    2.5215   65.1133  113.4465  148.1569     1.1712     1 183
   0.49999E+09     1.1656 0.03849    1.9909   63.5665   85.0142  245.3864     1.2105     2 183
   0.49999E+09     1.2135 0.04364    2.3804   22.1097  106.7632  234.9810     1.2664     3 183
   0.49999E+09     1.0936 0.01168    2.8486   64.3688   48.3672  286.7362     1.1063     6 183
   0.49999E+09     1.1115 0.05599    2.5261   62.7824   84.6964  294.2704     1.1737     9 183
   0.49999E+09     1.1369 0.04444    2.6944   36.3777  139.9437  173.0699     1.1874    11 183
   0.49999E+09     1.0590 0.03335    1.6342   69.0220   46.0534    2.5908     1.0943    27 183
   0.49999E+09     1.0908 0.04906    2.5831   53.9634  106.1165   68.4375     1.1443    28 183
   0.49999E+09     1.1451 0.03070    2.8482   41.4568   35.5397  355.4089     1.1803    29 183
   0.49999E+09     1.1395 0.02045    1.9524  152.1112  208.7638  237.3383     1.1628     5 184
   0.49999E+09     1.1450 0.04036    2.0202  153.8862   55.5494  306.6119     1.1912     9 184
   0.49999E+09     1.1280 0.03985    0.5415  108.1315   83.8441  168.1086     1.1730    10 184
   0.49999E+09     1.0722 0.02316    1.5251  169.2899  342.0624  258.1426     1.0970    11 184
   0.49999E+09     1.1531 0.02597    2.1924  133.4353  326.0120  220.6650     1.1830    15 184
   0.49999E+09     1.1264 0.03290    1.2810  183.8176  123.8751    0.2304     1.1635    29 184
   0.49999E+09     1.0649 0.04644    0.3282  244.7806  208.7744   26.8966     1.1144     2 186
   0.49999E+09     1.1721 0.03030    1.3959  285.2331  172.1264  128.7002     1.2076     4 186
   0.49999E+09     1.1455 0.03583    0.7613  316.1146   88.4420  111.9472     1.1865     9 186
   0.49999E+09     1.1006 0.05637    0.9737  290.3486  114.6696  314.6486     1.1627    13 186
   0.49999E+09     1.1132 0.02170    0.5990  323.4222   18.0152  288.7505     1.1373    21 186
   0.49999E+09     1.1414 0.04627    0.8832  327.6907   36.0455  315.5735     1.1942    22 186
   0.49999E+09     1.0957 0.04010    0.5866  357.2804   57.4058  148.2509     1.1397    26 186
   0.49999E+09     1.1203 0.04468    0.6706  316.0757  106.5430  186.1065     1.1704    27 186
   0.49999E+09     1.1133 0.01436    2.8257  131.5892  218.2515   15.4916     1.1293     1 187
   0.49999E+09     1.0596 0.04447    2.8419  130.0303  292.5361  125.9496     1.1067     3 187
   0.49999E+09     1.0943 0.03721    3.1168  132.6770  319.4059  255.5641     1.1350     4 187
   0.49999E+09     1.1649 0.04713    2.7677  129.0238  215.6601  130.9774     1.2198     9 187
   0.49999E+09     1.0942 0.03280    2.7909  111.0432   24.9337    5.4664     1.1301    16 187
   0.49999E+09     1.1818 0.05453    4.3963  119.3331  341.0842  259.0978     1.2463    20 187
   0.49999E+09     1.0951 0.02059    3.1942  130.1240  235.5959  150.6423     1.1177    25 187
   0.49999E+09     1.1322 0.04527    2.7089  138.6973  263.8772  305.0764     1.1835    27 187
   0.49999E+09     1.1191 0.05832    1.9786  115.9881  303.0454  210.6287     1.1844    28 187
   0.49999E+09     1.1644 0.02623    2.9462  139.5446  236.8951  112.0074     1.1949    29 187
   0.49999E+09     1.1415 0.02013    1.5268  108.0265   58.5619  283.3205     1.1645     5 188
   0.49999E+09     1.0647 0.00899    2.2735   92.9285  199.6934  129.2979     1.0743     7 188
   0.49999E+09     1.1239 0.03358    2.3117  113.6765  321.7059  212.7305     1.1616    18 188
   0.49999E+09     1.0659 0.04721    1.5254  114.7169   36.5553  234.4186     1.1162    19 188
   0.49999E+09     1.1280 0.02299    1.0312   88.7211   83.7454  210.2315     1.1539    22 188
   0.49999E+09     1.1156 0.01553    1.6738  101.0734   74.1347  150.8294     1.1329    30 188
   0.49999E+09     1.0810 0.02361    2.6704   74.4167  220.5742  219.0387     1.1065     6 189
   0.49999E+09     1.0955 0.03833    3.2905   53.4715  229.7604  223.2992     1.1375    11 189
   0.49999E+09     1.1257 0.00882    2.6734   90.5095  133.9622   17.9390     1.1356    15 189
   0.49999E+09     1.1069 0.02481    2.7068   79.1913  137.5086  270.3616     1.1343    18 189
   0.49999E+09     1.0764 0.02270    3.4251   69.1981  215.1860  332.3057     1.1008    22 189
   0.49999E+09     1.0835 0.02245    2.9481   50.6195  152.9659   64.3742     1.1079    23 189
   0.49999E+09     1.0863 0.01491    0.8034  299.1657  206.6678   48.6822     1.1025     2 190
   0.49999E+09     1.1154 0.00824    0.6431  295.1995  248.3341   31.9527     1.1246     3 190
   0.49999E+09     1.1348 0.02491    0.5851  267.5229  206.0843   74.4474     1.1631     5 190
   0.49999E+09     1.1044 0.01495    1.3442  315.2519  152.3016  336.4833     1.1209     6 190
   0.49999E+09     1.1272 0.01855    2.3295  324.0956   52.5097   59.1224     1.1481    12 190
   0.49999E+09     1.1142 0.03209    1.0449  289.4344  217.2582  151.9559     1.1499    15 190
   0.49999E+09     1.1318 0.05506    1.5929  300.2529  196.3829  223.1305     1.1941    18 190
   0.49999E+09     1.0983 0.01289    0.4474  221.4156  262.4812  181.9972     1.1125    19 190
   0.49999E+09     1.1065 0.03141    0.9278  354.1560  158.4797  100.4217     1.1413    22 190
   0.49999E+09     1.0668 0.02280    1.9629   43.6135   51.6890  213.3128     1.0912     2 191
   0.49999E+09     1.1548 0.04086    2.5536   50.9063   71.1956  170.0732     1.2020     3 191
   0.49999E+09     1.0708 0.03854    1.6811   39.7373   94.6733   77.8668     1.1121     7 191
   0.49999E+09     1.1211 0.06009    1.7387   49.0140   37.8145  350.5783     1.1885     9 191
   0.49999E+09     1.1671 0.05134    1.3765   53.3418   66.7368  301.0594     1.2270    15 191
   0.49999E+09     1.1590 0.02848    2.4099   49.5213   82.6868  304.9323     1.1920    18 191
   0.49999E+09     1.0886 0.05483    1.6225   31.6991  100.9524  298.4506     1.1483    26 191
   0.49999E+09     1.1813 0.01156    0.5073  172.0131   18.7747  188.8001     1.1950    27 191
   0.49999E+09     1.0908 0.01286    2.8867  101.9823  323.9345  163.1869     1.1048    10 192
   0.49999E+09     1.1419 0.03005    2.6863   92.7436   92.8768   77.3936     1.1762    12 192
   0.49999E+09     1.0962 0.01323    4.2959   92.8731   72.8794   47.7039     1.1107    17 192
   0.49999E+09     1.1048 0.02256    3.4152   97.7098  188.1838  286.3872     1.1298    23 192
   0.49999E+09     1.1904 0.04917    3.0063   65.4172   42.3550  315.4757     1.2489     1 193
   0.49999E+09     1.1669 0.03536    0.5980   44.0414   37.8778  116.5096     1.2082     2 193
   0.49999E+09     1.1221 0.01232    1.0094   94.1063  269.9527   71.4603     1.1359     9 193
   0.49999E+09     1.1653 0.01455    1.5732   80.5201  285.4946  222.8367     1.1823    18 193
   0.49999E+09     1.1468 0.01754    1.4956   48.9144   34.4031   72.2648     1.1669    22 193
   0.49999E+09     1.1738 0.03249    1.1993   61.2835   32.2572  308.3026     1.2120    25 193
   0.49999E+09     1.1656 0.01296    1.4541   59.8421  329.6971  144.2347     1.1807    26 193
   0.49999E+09     1.1099 0.03297    1.6958  110.8235  295.2393  341.3765     1.1465    30 193
   0.49999E+09     1.1738 0.04178    1.8446   10.5740   77.0003  100.1825     1.2229     2 194
   0.49999E+09     1.0604 0.05251    1.1687  356.2624   24.5169  180.4512     1.1161     4 194
   0.49999E+09     1.1467 0.01903    1.7668  346.5314   77.3630   35.3819     1.1685     7 194
   0.49999E+09     1.0725 0.01979    2.0796   12.9345   33.0669  359.4135     1.0938    11 194
   0.49999E+09     1.1230 0.04688    2.3105    9.7115   22.7800  150.5032     1.1757    12 194
   0.49999E+09     1.1060 0.00855    1.3942   11.6864   85.0060  134.8568     1.1155    14 194
   0.49999E+09     1.0825 0.04074    1.5138   28.2884  345.6176  209.5788     1.1266    15 194
   0.49999E+09     1.1062 0.01621    1.8244  359.3402   50.9262  214.9993     1.1242    18 194
   0.49999E+09     1.2094 0.03787    1.8816  323.1220   63.7319  149.5786     1.2552    19 194
   0.49999E+09     1.1315 0.00346    1.5060  359.1740  157.8230  250.4127     1.1354    23 194
   0.49999E+09     1.0974 0.03990    1.7134   14.6308   22.1405  354.0598     1.1411    24 194
   0.49999E+09     1.2137 0.06195    4.8218    4.7484   23.4836  244.2733     1.2889    27 194
   0.49999E+09     1.0738 0.04037    1.4473  351.6305   47.1642  113.9336     1.1172    30 194
   0.49999E+09     1.1034 0.03624    1.7915  107.1129  333.8945  321.0995     1.1434     1 195
   0.49999E+09     1.1260 0.04030    2.3716   89.1045  290.6858  108.8898     1.1714     3 195
   0.49999E+09     1.1255 0.06478    0.8355  123.7489  307.5336  153.7787     1.1984     7 195
   0.49999E+09     1.1377 0.04086    1.4780   86.5479  297.6202   58.2589     1.1842     9 195
   0.49999E+09     1.1812 0.05225    0.9033    4.5126   44.7499   50.8533     1.2429    10 195
   0.49999E+09     1.1682 0.05813    0.3979  104.5102  298.8743  102.7610     1.2361    15 195
   0.49999E+09     1.1667 0.04467    1.2260   35.4181  322.6115   11.2631     1.2189    26 195
   0.49999E+09     1.1502 0.05093    2.2780  323.8013  239.2528  213.1086     1.2088     3 196
   0.49999E+09     1.0792 0.04937    1.3241  358.4934  195.6596    3.0533     1.1325     4 196
   0.49999E+09     1.1017 0.02074    1.3531  316.7588  224.6209  245.8279     1.1245    13 196
   0.49999E+09     1.1366 0.05305    1.4840  313.3550  209.3493   13.3716     1.1968    14 196
   0.49999E+09     1.0729 0.05207    1.0771  347.9587  214.0109   58.2438     1.1288    16 196
   0.49999E+09     1.1034 0.05304    1.3749   22.4364  117.6845  291.1452     1.1619    29 196
   0.49999E+09     1.0604 0.03166    1.0036  287.6710  234.2697  127.3652     1.0940    30 196
   0.49999E+09     1.1417 0.04536    2.3309  154.1460  325.0818  240.7727     1.1935     4 197
   0.49999E+09     1.0952 0.04906    2.2921  153.8604  277.9558  244.0165     1.1489    11 197
   0.49999E+09     1.1194 0.02633    2.4114  152.5965  192.3694   91.0906     1.1488    20 197
   0.49999E+09     1.0929 0.01258    2.4067  162.1838  274.5099  317.8665     1.1066    21 197
   0.49999E+09     1.1330 0.05086    2.6104  138.0466  307.5278  276.4181     1.1907    27 197
   0.49999E+09     1.0609 0.00861    1.0588   81.1893  327.3809  105.0610     1.0700     4 198
   0.49999E+09     1.1564 0.04584    1.5155   95.2717  320.7504  281.8717     1.2094     7 198
   0.49999E+09     1.0903 0.02070    2.1368   98.5773  337.0173  239.7419     1.1129    10 198
   0.49999E+09     1.0507 0.03203    1.6093   98.7101   44.9933  136.9705     1.0844    11 198
   0.49999E+09     1.1107 0.00212    2.1032   83.6798   84.9963  244.5525     1.1131    20 198
   0.49999E+09     1.1182 0.02104    1.6346   97.5197  329.3793    2.9893     1.1417    24 198
   0.49999E+09     1.0715 0.01522    1.4366  104.8615   55.1817  243.1653     1.0878    30 198
   0.49999E+09     1.1812 0.06282    2.5958  212.4485  286.0099  298.5333     1.2554     1 199
   0.49999E+09     1.1345 0.07845    2.6465  166.5278  313.1872   11.4861     1.2235     3 199
   0.49999E+09     1.1314 0.05146    3.1371  142.0887  316.2923  214.1214     1.1896     8 199
   0.49999E+09     1.1423 0.04484    2.1975  161.8425  317.5942  101.4284     1.1936    10 199
   0.49999E+09     1.1312 0.04476    2.2996  162.9778  323.1641  198.2027     1.1818    15 199
   0.49999E+09     1.1110 0.07424    3.1478  161.2032  358.6779  344.6674     1.1935    16 199
   0.49999E+09     1.1228 0.03456    1.8935  146.5871  349.8964   41.6835     1.1616    20 199
   0.49999E+09     1.1668 0.04726    2.7430  145.2697   43.3762   97.0514     1.2219    22 199
   0.49999E+09     1.1675 0.03765    3.3778  153.1863  350.9021   93.1347     1.2115    25 199
   0.49999E+09     1.0909 0.02863    3.5855  122.4838  309.2673  161.8750     1.1221     6 200
   0.49999E+09     1.0900 0.02201    3.4577  116.1241  330.5082  178.0909     1.1140     9 200
   0.49999E+09     1.1220 0.05904    3.0335  116.2911  319.2827  247.5100     1.1882    11 200
   0.49999E+09     1.1058 0.02865    2.9268  109.5085    1.6720  183.4722     1.1375    14 200
   0.49999E+09     1.2136 0.03000    3.9090  157.6570  238.3043  328.3926     1.2500    19 200
   0.49999E+09     1.0746 0.04369    2.1609  112.8286  328.8034  157.4900     1.1215    20 200
   0.49999E+09     1.1330 0.06039    3.2056   99.1903   12.5816  352.3243     1.2015    21 200
   0.49999E+09     1.1465 0.01508    4.1972  107.5891  349.4277  336.6109     1.1638    24 200
   0.49999E+09     1.1032 0.04805    2.4948  115.9063  353.1622  213.0100     1.1562    30 200
